#
# There is insufficient memory for the Java Runtime Environment to continue.
# Native memory allocation (mmap) failed to map 46137344 bytes for Failed to commit area from 0x000000008dc00000 to 0x0000000090800000 of length 46137344.
# Possible reasons:
#   The system is out of physical RAM or swap space
#   The process is running with CompressedOops enabled, and the Java Heap may be blocking the growth of the native heap
# Possible solutions:
#   Reduce memory load on the system
#   Increase physical memory or swap space
#   Check if swap backing store is full
#   Decrease Java heap size (-Xmx/-Xms)
#   Decrease number of Java threads
#   Decrease Java thread stack sizes (-Xss)
#   Set larger code cache with -XX:ReservedCodeCacheSize=
#   JVM is running with Unscaled Compressed Oops mode in which the Java heap is
#     placed in the first 4GB address space. The Java Heap base address is the
#     maximum limit for the native heap growth. Please use -XX:HeapBaseMinAddress
#     to set the Java Heap base and to place the Java Heap above 4GB virtual address.
# This output file may be truncated or incomplete.
#
#  Out of Memory Error (./src/hotspot/os/windows/os_windows.cpp:3619), pid=4516, tid=17536
#
# JRE version: OpenJDK Runtime Environment (11.0.13) (build 11.0.13+0-b1751.21-8125866)
# Java VM: OpenJDK 64-Bit Server VM (11.0.13+0-b1751.21-8125866, mixed mode, tiered, compressed oops, g1 gc, windows-amd64)
# No core dump will be written. Minidumps are not enabled by default on client versions of Windows
#

---------------  S U M M A R Y ------------

Command Line: --add-opens=java.base/java.util=ALL-UNNAMED --add-opens=java.base/java.lang=ALL-UNNAMED --add-opens=java.base/java.lang.invoke=ALL-UNNAMED --add-opens=java.base/java.util=ALL-UNNAMED --add-opens=java.prefs/java.util.prefs=ALL-UNNAMED --add-opens=java.prefs/java.util.prefs=ALL-UNNAMED --add-opens=java.base/java.nio.charset=ALL-UNNAMED --add-opens=java.base/java.net=ALL-UNNAMED --add-opens=java.base/java.util.concurrent.atomic=ALL-UNNAMED -Xmx2048m -Dfile.encoding=UTF-8 -Duser.country=ID -Duser.language=en -Duser.variant org.gradle.launcher.daemon.bootstrap.GradleDaemon 7.4

Host: AMD Ryzen 5 3500U with Radeon Vega Mobile Gfx  , 8 cores, 5G,  Windows 11 , 64 bit Build 22000 (10.0.22000.708)
Time: Thu May 18 11:28:56 2023 SE Asia Standard Time elapsed time: 99.093824 seconds (0d 0h 1m 39s)

---------------  T H R E A D  ---------------

Current thread (0x000001c037d39000):  VMThread "VM Thread" [stack: 0x0000005efba00000,0x0000005efbb00000] [id=17536]

Stack: [0x0000005efba00000,0x0000005efbb00000]
[error occurred during error reporting (printing stack bounds), id 0xc0000005, EXCEPTION_ACCESS_VIOLATION (0xc0000005) at pc=0x000001c0213c112d]

Native frames: (J=compiled Java code, j=interpreted, Vv=VM code, C=native code)
V  [jvm.dll+0x6100fa]
V  [jvm.dll+0x747090]
V  [jvm.dll+0x7486ad]
V  [jvm.dll+0x748ce5]
V  [jvm.dll+0x748c9b]
V  [jvm.dll+0x60f224]
V  [jvm.dll+0x60f9b8]
C  [ntdll.dll+0xa8fcf]
C  [ntdll.dll+0x35e9a]
C  [ntdll.dll+0xa7fde]
C  0x000001c0213c112d

VM_Operation (0x0000005e862fbaa0): G1CollectForAllocation, mode: safepoint, requested by thread 0x000001c03f220800


---------------  P R O C E S S  ---------------

Threads class SMR info:
_java_thread_list=0x000001c042c87e80, length=156, elements={
0x000001c01d89c000, 0x000001c037d3b000, 0x000001c037d46000, 0x000001c0386d3800,
0x000001c037d59000, 0x000001c037d5a000, 0x000001c037d61800, 0x000001c037d6e000,
0x000001c037d7e800, 0x000001c038830800, 0x000001c0395a6800, 0x000001c039bd0000,
0x000001c03a7ab800, 0x000001c0399bd800, 0x000001c03a9e3800, 0x000001c03a9bb800,
0x000001c03a9c4000, 0x000001c03a841000, 0x000001c03a842800, 0x000001c03a835800,
0x000001c03a839000, 0x000001c03a835000, 0x000001c03a836800, 0x000001c03a837800,
0x000001c03a833800, 0x000001c03a834000, 0x000001c03a838000, 0x000001c03a83a000,
0x000001c03cb46000, 0x000001c03cb46800, 0x000001c03cb4a000, 0x000001c03cb49000,
0x000001c03cb44800, 0x000001c03cb4b000, 0x000001c03cb45000, 0x000001c03cb50800,
0x000001c03cb4b800, 0x000001c03cb4c800, 0x000001c03cb4f800, 0x000001c03cb51800,
0x000001c03cb52000, 0x000001c03cb4e000, 0x000001c03cb53000, 0x000001c03cb4d800,
0x000001c03cb4f000, 0x000001c03af1d800, 0x000001c03af1c000, 0x000001c03af19000,
0x000001c03af18000, 0x000001c03af1d000, 0x000001c03af1e800, 0x000001c03af19800,
0x000001c03af1f800, 0x000001c03af20000, 0x000001c03af1a800, 0x000001c03af21000,
0x000001c03af1b800, 0x000001c03af22000, 0x000001c03af22800, 0x000001c03af23800,
0x000001c03af26800, 0x000001c03af26000, 0x000001c03af24800, 0x000001c03af25000,
0x000001c03aee1000, 0x000001c03aee0000, 0x000001c03aee6000, 0x000001c03aee6800,
0x000001c03aee7800, 0x000001c03aee1800, 0x000001c03aee8000, 0x000001c03aee4000,
0x000001c03aee2800, 0x000001c03aee9000, 0x000001c03aee3800, 0x000001c03aeea000,
0x000001c03aeea800, 0x000001c03aee5000, 0x000001c03aeeb800, 0x000001c03aeec800,
0x000001c03aeed000, 0x000001c03aeee000, 0x000001c03aeee800, 0x000001c03c9f2800,
0x000001c03c9f3800, 0x000001c03c9f4000, 0x000001c03c9f6000, 0x000001c03c9f1800,
0x000001c03c9f5000, 0x000001c03c9f0000, 0x000001c03c9f6800, 0x000001c03c9f1000,
0x000001c03c9fa000, 0x000001c03c9fa800, 0x000001c03c9fd000, 0x000001c03c9f8000,
0x000001c03c9fb800, 0x000001c03c9fc800, 0x000001c03c9f7800, 0x000001c03c9fe000,
0x000001c03c9ff000, 0x000001c03c9f9000, 0x000001c03ca01000, 0x000001c03ca00000,
0x000001c03ca06000, 0x000001c03ca04000, 0x000001c03ca07800, 0x000001c03ca01800,
0x000001c03ca05000, 0x000001c03ca02800, 0x000001c03ca03800, 0x000001c03ca0a800,
0x000001c03ca09000, 0x000001c03ca06800, 0x000001c03ca0b800, 0x000001c03ca0e000,
0x000001c03ca0a000, 0x000001c03ca0c800, 0x000001c03ca0d000, 0x000001c03ca08000,
0x000001c03ca0f000, 0x000001c0429f5000, 0x000001c0429f4800, 0x000001c0429f6000,
0x000001c0429f0800, 0x000001c0429f1000, 0x000001c0429f7000, 0x000001c0429f7800,
0x000001c0429f2000, 0x000001c0429f8800, 0x000001c0429f2800, 0x000001c0429f9800,
0x000001c0429f3800, 0x000001c0429fa000, 0x000001c0429ff000, 0x000001c0429fd800,
0x000001c0429fb000, 0x000001c0429fc800, 0x000001c0429fb800, 0x000001c03f4bd000,
0x000001c03f4bb800, 0x000001c03f4bc000, 0x000001c03f4ba800, 0x000001c03f4b9800,
0x000001c03f4bd800, 0x000001c03f4b8000, 0x000001c03f4b9000, 0x000001c0429fe000,
0x000001c03f21a800, 0x000001c03f219000, 0x000001c03f21d000, 0x000001c03f21f800,
0x000001c03f21e000, 0x000001c03f21b800, 0x000001c03f21a000, 0x000001c03f220800
}

Java Threads: ( => current thread )
  0x000001c01d89c000 JavaThread "main" [_thread_blocked, id=17472, stack(0x0000005efb400000,0x0000005efb500000)]
  0x000001c037d3b000 JavaThread "Reference Handler" daemon [_thread_blocked, id=4184, stack(0x0000005efbb00000,0x0000005efbc00000)]
  0x000001c037d46000 JavaThread "Finalizer" daemon [_thread_blocked, id=19000, stack(0x0000005efbc00000,0x0000005efbd00000)]
  0x000001c0386d3800 JavaThread "Signal Dispatcher" daemon [_thread_blocked, id=2500, stack(0x0000005efbd00000,0x0000005efbe00000)]
  0x000001c037d59000 JavaThread "Attach Listener" daemon [_thread_blocked, id=16744, stack(0x0000005efbe00000,0x0000005efbf00000)]
  0x000001c037d5a000 JavaThread "Service Thread" daemon [_thread_blocked, id=1976, stack(0x0000005efbf00000,0x0000005efc000000)]
  0x000001c037d61800 JavaThread "C2 CompilerThread0" daemon [_thread_blocked, id=2484, stack(0x0000005efc000000,0x0000005efc100000)]
  0x000001c037d6e000 JavaThread "C1 CompilerThread0" daemon [_thread_blocked, id=13048, stack(0x0000005efc100000,0x0000005efc200000)]
  0x000001c037d7e800 JavaThread "Sweeper thread" daemon [_thread_blocked, id=11500, stack(0x0000005efc200000,0x0000005efc300000)]
  0x000001c038830800 JavaThread "Common-Cleaner" daemon [_thread_blocked, id=808, stack(0x0000005efc300000,0x0000005efc400000)]
  0x000001c0395a6800 JavaThread "Daemon health stats" [_thread_blocked, id=15988, stack(0x0000005efc600000,0x0000005efc700000)]
  0x000001c039bd0000 JavaThread "Incoming local TCP Connector on port 53630" [_thread_in_native, id=2924, stack(0x0000005efc900000,0x0000005efca00000)]
  0x000001c03a7ab800 JavaThread "Daemon periodic checks" [_thread_blocked, id=7660, stack(0x0000005efca00000,0x0000005efcb00000)]
  0x000001c0399bd800 JavaThread "Daemon" [_thread_blocked, id=13192, stack(0x0000005efcb00000,0x0000005efcc00000)]
  0x000001c03a9e3800 JavaThread "Handler for socket connection from /127.0.0.1:53630 to /127.0.0.1:53631" [_thread_in_native, id=7928, stack(0x0000005efcc00000,0x0000005efcd00000)]
  0x000001c03a9bb800 JavaThread "Cancel handler" [_thread_blocked, id=6908, stack(0x0000005efcd00000,0x0000005efce00000)]
  0x000001c03a9c4000 JavaThread "Daemon worker" [_thread_blocked, id=9656, stack(0x0000005efce00000,0x0000005efcf00000)]
  0x000001c03a841000 JavaThread "Asynchronous log dispatcher for DefaultDaemonConnection: socket connection from /127.0.0.1:53630 to /127.0.0.1:53631" [_thread_blocked, id=1216, stack(0x0000005efcf00000,0x0000005efd000000)]
  0x000001c03a842800 JavaThread "Daemon client event forwarder" [_thread_blocked, id=5200, stack(0x0000005efd100000,0x0000005efd200000)]
  0x000001c03a835800 JavaThread "Cache worker for journal cache (C:\Users\MATAHARI\.gradle\caches\journal-1)" [_thread_blocked, id=796, stack(0x0000005efd200000,0x0000005efd300000)]
  0x000001c03a839000 JavaThread "File lock request listener" [_thread_in_native, id=15488, stack(0x0000005efd300000,0x0000005efd400000)]
  0x000001c03a835000 JavaThread "Cache worker for file hash cache (C:\Users\MATAHARI\.gradle\caches\7.4\fileHashes)" [_thread_blocked, id=6376, stack(0x0000005efd400000,0x0000005efd500000)]
  0x000001c03a836800 JavaThread "File watcher server" daemon [_thread_blocked, id=15844, stack(0x0000005efda00000,0x0000005efdb00000)]
  0x000001c03a837800 JavaThread "File watcher consumer" daemon [_thread_blocked, id=1496, stack(0x0000005efdb00000,0x0000005efdc00000)]
  0x000001c03a833800 JavaThread "Cache worker for checksums cache (E:\AndroidStudio\mobile_gofit\.gradle\7.4\checksums)" [_thread_blocked, id=11748, stack(0x0000005efdc00000,0x0000005efdd00000)]
  0x000001c03a834000 JavaThread "Cache worker for cache directory md-rule (C:\Users\MATAHARI\.gradle\caches\7.4\md-rule)" [_thread_blocked, id=19008, stack(0x0000005efdd00000,0x0000005efde00000)]
  0x000001c03a838000 JavaThread "Cache worker for file hash cache (E:\AndroidStudio\mobile_gofit\.gradle\7.4\fileHashes)" [_thread_blocked, id=5816, stack(0x0000005efde00000,0x0000005efdf00000)]
  0x000001c03a83a000 JavaThread "Cache worker for cache directory md-supplier (C:\Users\MATAHARI\.gradle\caches\7.4\md-supplier)" [_thread_blocked, id=2388, stack(0x0000005efdf00000,0x0000005efe000000)]
  0x000001c03cb46000 JavaThread "Cache worker for execution history cache (C:\Users\MATAHARI\.gradle\caches\7.4\executionHistory)" [_thread_blocked, id=11708, stack(0x0000005efe000000,0x0000005efe100000)]
  0x000001c03cb46800 JavaThread "jar transforms" [_thread_blocked, id=12852, stack(0x0000005efe100000,0x0000005efe200000)]
  0x000001c03cb4a000 JavaThread "Cache worker for file content cache (C:\Users\MATAHARI\.gradle\caches\7.4\fileContent)" [_thread_blocked, id=1096, stack(0x0000005efe200000,0x0000005efe300000)]
  0x000001c03cb49000 JavaThread "jar transforms Thread 2" [_thread_blocked, id=8476, stack(0x0000005efe300000,0x0000005efe400000)]
  0x000001c03cb44800 JavaThread "Cache worker for dependencies-accessors (E:\AndroidStudio\mobile_gofit\.gradle\7.4\dependencies-accessors)" [_thread_blocked, id=14396, stack(0x0000005efe400000,0x0000005efe500000)]
  0x000001c03cb4b000 JavaThread "jar transforms Thread 3" [_thread_blocked, id=17984, stack(0x0000005efe500000,0x0000005efe600000)]
  0x000001c03cb45000 JavaThread "Cache worker for Build Output Cleanup Cache (E:\AndroidStudio\mobile_gofit\.gradle\buildOutputCleanup)" [_thread_blocked, id=1572, stack(0x0000005efe600000,0x0000005efe700000)]
  0x000001c03cb50800 JavaThread "Unconstrained build operations" [_thread_blocked, id=4836, stack(0x0000005efe700000,0x0000005efe800000)]
  0x000001c03cb4b800 JavaThread "Unconstrained build operations Thread 2" [_thread_blocked, id=14364, stack(0x0000005efe800000,0x0000005efe900000)]
  0x000001c03cb4c800 JavaThread "Unconstrained build operations Thread 3" [_thread_blocked, id=5924, stack(0x0000005efe900000,0x0000005efea00000)]
  0x000001c03cb4f800 JavaThread "Unconstrained build operations Thread 4" [_thread_blocked, id=11244, stack(0x0000005efea00000,0x0000005efeb00000)]
  0x000001c03cb51800 JavaThread "Unconstrained build operations Thread 5" [_thread_blocked, id=5328, stack(0x0000005efeb00000,0x0000005efec00000)]
  0x000001c03cb52000 JavaThread "Unconstrained build operations Thread 6" [_thread_blocked, id=13816, stack(0x0000005efec00000,0x0000005efed00000)]
  0x000001c03cb4e000 JavaThread "Unconstrained build operations Thread 7" [_thread_blocked, id=5508, stack(0x0000005efed00000,0x0000005efee00000)]
  0x000001c03cb53000 JavaThread "Unconstrained build operations Thread 8" [_thread_blocked, id=12536, stack(0x0000005efee00000,0x0000005efef00000)]
  0x000001c03cb4d800 JavaThread "Unconstrained build operations Thread 9" [_thread_blocked, id=15776, stack(0x0000005efef00000,0x0000005eff000000)]
  0x000001c03cb4f000 JavaThread "Unconstrained build operations Thread 10" [_thread_blocked, id=14368, stack(0x0000005eff000000,0x0000005eff100000)]
  0x000001c03af1d800 JavaThread "Unconstrained build operations Thread 11" [_thread_blocked, id=5140, stack(0x0000005eff100000,0x0000005eff200000)]
  0x000001c03af1c000 JavaThread "Unconstrained build operations Thread 12" [_thread_blocked, id=6296, stack(0x0000005eff200000,0x0000005eff300000)]
  0x000001c03af19000 JavaThread "Unconstrained build operations Thread 13" [_thread_blocked, id=17892, stack(0x0000005eff300000,0x0000005eff400000)]
  0x000001c03af18000 JavaThread "Unconstrained build operations Thread 14" [_thread_blocked, id=13224, stack(0x0000005eff400000,0x0000005eff500000)]
  0x000001c03af1d000 JavaThread "Unconstrained build operations Thread 15" [_thread_blocked, id=18556, stack(0x0000005eff500000,0x0000005eff600000)]
  0x000001c03af1e800 JavaThread "Unconstrained build operations Thread 16" [_thread_blocked, id=13396, stack(0x0000005eff600000,0x0000005eff700000)]
  0x000001c03af19800 JavaThread "Unconstrained build operations Thread 17" [_thread_blocked, id=11832, stack(0x0000005eff700000,0x0000005eff800000)]
  0x000001c03af1f800 JavaThread "Unconstrained build operations Thread 18" [_thread_blocked, id=8872, stack(0x0000005eff800000,0x0000005eff900000)]
  0x000001c03af20000 JavaThread "Unconstrained build operations Thread 19" [_thread_blocked, id=5180, stack(0x0000005eff900000,0x0000005effa00000)]
  0x000001c03af1a800 JavaThread "Unconstrained build operations Thread 20" [_thread_blocked, id=6988, stack(0x0000005effa00000,0x0000005effb00000)]
  0x000001c03af21000 JavaThread "Unconstrained build operations Thread 21" [_thread_blocked, id=15440, stack(0x0000005effb00000,0x0000005effc00000)]
  0x000001c03af1b800 JavaThread "Unconstrained build operations Thread 22" [_thread_blocked, id=1600, stack(0x0000005effc00000,0x0000005effd00000)]
  0x000001c03af22000 JavaThread "Unconstrained build operations Thread 23" [_thread_blocked, id=18448, stack(0x0000005effd00000,0x0000005effe00000)]
  0x000001c03af22800 JavaThread "Unconstrained build operations Thread 24" [_thread_blocked, id=12568, stack(0x0000005effe00000,0x0000005efff00000)]
  0x000001c03af23800 JavaThread "Unconstrained build operations Thread 25" [_thread_blocked, id=13568, stack(0x0000005efff00000,0x0000005f00000000)]
  0x000001c03af26800 JavaThread "Unconstrained build operations Thread 26" [_thread_blocked, id=14112, stack(0x0000005e80000000,0x0000005e80100000)]
  0x000001c03af26000 JavaThread "Unconstrained build operations Thread 27" [_thread_blocked, id=1604, stack(0x0000005e80100000,0x0000005e80200000)]
  0x000001c03af24800 JavaThread "Unconstrained build operations Thread 28" [_thread_blocked, id=18204, stack(0x0000005e80200000,0x0000005e80300000)]
  0x000001c03af25000 JavaThread "Unconstrained build operations Thread 29" [_thread_blocked, id=3228, stack(0x0000005e80300000,0x0000005e80400000)]
  0x000001c03aee1000 JavaThread "Unconstrained build operations Thread 30" [_thread_blocked, id=1872, stack(0x0000005e80400000,0x0000005e80500000)]
  0x000001c03aee0000 JavaThread "Unconstrained build operations Thread 31" [_thread_blocked, id=10204, stack(0x0000005e80500000,0x0000005e80600000)]
  0x000001c03aee6000 JavaThread "Unconstrained build operations Thread 32" [_thread_blocked, id=9016, stack(0x0000005e80600000,0x0000005e80700000)]
  0x000001c03aee6800 JavaThread "Unconstrained build operations Thread 33" [_thread_blocked, id=4640, stack(0x0000005e80700000,0x0000005e80800000)]
  0x000001c03aee7800 JavaThread "Unconstrained build operations Thread 34" [_thread_blocked, id=5532, stack(0x0000005e80800000,0x0000005e80900000)]
  0x000001c03aee1800 JavaThread "Unconstrained build operations Thread 35" [_thread_blocked, id=5740, stack(0x0000005e80900000,0x0000005e80a00000)]
  0x000001c03aee8000 JavaThread "Unconstrained build operations Thread 36" [_thread_blocked, id=19028, stack(0x0000005e80a00000,0x0000005e80b00000)]
  0x000001c03aee4000 JavaThread "Unconstrained build operations Thread 37" [_thread_blocked, id=6384, stack(0x0000005e80b00000,0x0000005e80c00000)]
  0x000001c03aee2800 JavaThread "Unconstrained build operations Thread 38" [_thread_blocked, id=16880, stack(0x0000005e80c00000,0x0000005e80d00000)]
  0x000001c03aee9000 JavaThread "Unconstrained build operations Thread 39" [_thread_blocked, id=7960, stack(0x0000005e80d00000,0x0000005e80e00000)]
  0x000001c03aee3800 JavaThread "Unconstrained build operations Thread 40" [_thread_blocked, id=8136, stack(0x0000005e80e00000,0x0000005e80f00000)]
  0x000001c03aeea000 JavaThread "Unconstrained build operations Thread 41" [_thread_blocked, id=16344, stack(0x0000005e80f00000,0x0000005e81000000)]
  0x000001c03aeea800 JavaThread "Unconstrained build operations Thread 42" [_thread_blocked, id=11012, stack(0x0000005e81000000,0x0000005e81100000)]
  0x000001c03aee5000 JavaThread "Unconstrained build operations Thread 43" [_thread_blocked, id=10652, stack(0x0000005e81100000,0x0000005e81200000)]
  0x000001c03aeeb800 JavaThread "Unconstrained build operations Thread 44" [_thread_blocked, id=13156, stack(0x0000005e81200000,0x0000005e81300000)]
  0x000001c03aeec800 JavaThread "Unconstrained build operations Thread 45" [_thread_blocked, id=9812, stack(0x0000005e81300000,0x0000005e81400000)]
  0x000001c03aeed000 JavaThread "Unconstrained build operations Thread 46" [_thread_blocked, id=17584, stack(0x0000005e81400000,0x0000005e81500000)]
  0x000001c03aeee000 JavaThread "Unconstrained build operations Thread 47" [_thread_blocked, id=14640, stack(0x0000005e81500000,0x0000005e81600000)]
  0x000001c03aeee800 JavaThread "Unconstrained build operations Thread 48" [_thread_blocked, id=5844, stack(0x0000005e81600000,0x0000005e81700000)]
  0x000001c03c9f2800 JavaThread "Unconstrained build operations Thread 49" [_thread_blocked, id=7900, stack(0x0000005e81700000,0x0000005e81800000)]
  0x000001c03c9f3800 JavaThread "Unconstrained build operations Thread 50" [_thread_blocked, id=11628, stack(0x0000005e81800000,0x0000005e81900000)]
  0x000001c03c9f4000 JavaThread "Unconstrained build operations Thread 51" [_thread_blocked, id=13500, stack(0x0000005e81900000,0x0000005e81a00000)]
  0x000001c03c9f6000 JavaThread "Unconstrained build operations Thread 52" [_thread_blocked, id=6848, stack(0x0000005e81a00000,0x0000005e81b00000)]
  0x000001c03c9f1800 JavaThread "Unconstrained build operations Thread 53" [_thread_blocked, id=8632, stack(0x0000005e81b00000,0x0000005e81c00000)]
  0x000001c03c9f5000 JavaThread "Unconstrained build operations Thread 54" [_thread_blocked, id=12976, stack(0x0000005e81c00000,0x0000005e81d00000)]
  0x000001c03c9f0000 JavaThread "Unconstrained build operations Thread 55" [_thread_blocked, id=19288, stack(0x0000005e81d00000,0x0000005e81e00000)]
  0x000001c03c9f6800 JavaThread "Unconstrained build operations Thread 56" [_thread_blocked, id=13700, stack(0x0000005e81e00000,0x0000005e81f00000)]
  0x000001c03c9f1000 JavaThread "Unconstrained build operations Thread 57" [_thread_blocked, id=14960, stack(0x0000005e81f00000,0x0000005e82000000)]
  0x000001c03c9fa000 JavaThread "Unconstrained build operations Thread 58" [_thread_blocked, id=15232, stack(0x0000005e82000000,0x0000005e82100000)]
  0x000001c03c9fa800 JavaThread "Unconstrained build operations Thread 59" [_thread_blocked, id=816, stack(0x0000005e82100000,0x0000005e82200000)]
  0x000001c03c9fd000 JavaThread "Unconstrained build operations Thread 60" [_thread_blocked, id=13340, stack(0x0000005e82200000,0x0000005e82300000)]
  0x000001c03c9f8000 JavaThread "Unconstrained build operations Thread 61" [_thread_blocked, id=15984, stack(0x0000005e82300000,0x0000005e82400000)]
  0x000001c03c9fb800 JavaThread "Unconstrained build operations Thread 62" [_thread_blocked, id=788, stack(0x0000005e82400000,0x0000005e82500000)]
  0x000001c03c9fc800 JavaThread "Unconstrained build operations Thread 63" [_thread_blocked, id=17688, stack(0x0000005e82500000,0x0000005e82600000)]
  0x000001c03c9f7800 JavaThread "Unconstrained build operations Thread 64" [_thread_blocked, id=18020, stack(0x0000005e82600000,0x0000005e82700000)]
  0x000001c03c9fe000 JavaThread "Unconstrained build operations Thread 65" [_thread_blocked, id=5304, stack(0x0000005e82700000,0x0000005e82800000)]
  0x000001c03c9ff000 JavaThread "Unconstrained build operations Thread 66" [_thread_blocked, id=13972, stack(0x0000005e82800000,0x0000005e82900000)]
  0x000001c03c9f9000 JavaThread "Unconstrained build operations Thread 67" [_thread_blocked, id=8856, stack(0x0000005e82900000,0x0000005e82a00000)]
  0x000001c03ca01000 JavaThread "Unconstrained build operations Thread 68" [_thread_blocked, id=3704, stack(0x0000005e82a00000,0x0000005e82b00000)]
  0x000001c03ca00000 JavaThread "Unconstrained build operations Thread 69" [_thread_blocked, id=6764, stack(0x0000005e82b00000,0x0000005e82c00000)]
  0x000001c03ca06000 JavaThread "Unconstrained build operations Thread 70" [_thread_blocked, id=4924, stack(0x0000005e82c00000,0x0000005e82d00000)]
  0x000001c03ca04000 JavaThread "Unconstrained build operations Thread 71" [_thread_blocked, id=13836, stack(0x0000005e82d00000,0x0000005e82e00000)]
  0x000001c03ca07800 JavaThread "Unconstrained build operations Thread 72" [_thread_blocked, id=19220, stack(0x0000005e82e00000,0x0000005e82f00000)]
  0x000001c03ca01800 JavaThread "Unconstrained build operations Thread 73" [_thread_blocked, id=9568, stack(0x0000005e82f00000,0x0000005e83000000)]
  0x000001c03ca05000 JavaThread "Unconstrained build operations Thread 74" [_thread_blocked, id=1980, stack(0x0000005e83000000,0x0000005e83100000)]
  0x000001c03ca02800 JavaThread "Unconstrained build operations Thread 75" [_thread_blocked, id=3220, stack(0x0000005e83100000,0x0000005e83200000)]
  0x000001c03ca03800 JavaThread "Unconstrained build operations Thread 76" [_thread_blocked, id=17304, stack(0x0000005e83200000,0x0000005e83300000)]
  0x000001c03ca0a800 JavaThread "Unconstrained build operations Thread 77" [_thread_blocked, id=11156, stack(0x0000005e83300000,0x0000005e83400000)]
  0x000001c03ca09000 JavaThread "Unconstrained build operations Thread 78" [_thread_blocked, id=14508, stack(0x0000005e83400000,0x0000005e83500000)]
  0x000001c03ca06800 JavaThread "Unconstrained build operations Thread 79" [_thread_blocked, id=5512, stack(0x0000005e83500000,0x0000005e83600000)]
  0x000001c03ca0b800 JavaThread "Unconstrained build operations Thread 80" [_thread_blocked, id=18940, stack(0x0000005e83600000,0x0000005e83700000)]
  0x000001c03ca0e000 JavaThread "jar transforms Thread 4" [_thread_blocked, id=7920, stack(0x0000005e83700000,0x0000005e83800000)]
  0x000001c03ca0a000 JavaThread "jar transforms Thread 5" [_thread_blocked, id=11504, stack(0x0000005e83800000,0x0000005e83900000)]
  0x000001c03ca0c800 JavaThread "jar transforms Thread 6" [_thread_blocked, id=8404, stack(0x0000005e83900000,0x0000005e83a00000)]
  0x000001c03ca0d000 JavaThread "jar transforms Thread 7" [_thread_blocked, id=18332, stack(0x0000005e83a00000,0x0000005e83b00000)]
  0x000001c03ca08000 JavaThread "jar transforms Thread 8" [_thread_blocked, id=17836, stack(0x0000005e83b00000,0x0000005e83c00000)]
  0x000001c03ca0f000 JavaThread "Memory manager" [_thread_blocked, id=11052, stack(0x0000005e83c00000,0x0000005e83d00000)]
  0x000001c0429f5000 JavaThread "build event listener" [_thread_blocked, id=5760, stack(0x0000005e83d00000,0x0000005e83e00000)]
  0x000001c0429f4800 JavaThread "included builds" [_thread_blocked, id=17928, stack(0x0000005e83e00000,0x0000005e83f00000)]
  0x000001c0429f6000 JavaThread "Execution worker for ':'" [_thread_blocked, id=15948, stack(0x0000005e83f00000,0x0000005e84000000)]
  0x000001c0429f0800 JavaThread "Execution worker for ':' Thread 2" [_thread_blocked, id=14920, stack(0x0000005e84000000,0x0000005e84100000)]
  0x000001c0429f1000 JavaThread "Execution worker for ':' Thread 3" [_thread_blocked, id=14800, stack(0x0000005e84100000,0x0000005e84200000)]
  0x000001c0429f7000 JavaThread "Execution worker for ':' Thread 4" [_thread_blocked, id=496, stack(0x0000005e84200000,0x0000005e84300000)]
  0x000001c0429f7800 JavaThread "Execution worker for ':' Thread 5" [_thread_blocked, id=836, stack(0x0000005e84300000,0x0000005e84400000)]
  0x000001c0429f2000 JavaThread "Execution worker for ':' Thread 6" [_thread_blocked, id=14480, stack(0x0000005e84400000,0x0000005e84500000)]
  0x000001c0429f8800 JavaThread "Execution worker for ':' Thread 7" [_thread_in_native, id=9944, stack(0x0000005e84500000,0x0000005e84600000)]
  0x000001c0429f2800 JavaThread "Cache worker for execution history cache (E:\AndroidStudio\mobile_gofit\.gradle\7.4\executionHistory)" [_thread_blocked, id=7512, stack(0x0000005e84600000,0x0000005e84700000)]
  0x000001c0429f9800 JavaThread "WorkerExecutor Queue" [_thread_blocked, id=15848, stack(0x0000005e84900000,0x0000005e84a00000)]
  0x000001c0429f3800 JavaThread "WorkerExecutor Queue Thread 2" [_thread_blocked, id=19148, stack(0x0000005e84a00000,0x0000005e84b00000)]
  0x000001c0429fa000 JavaThread "WorkerExecutor Queue Thread 3" [_thread_blocked, id=11508, stack(0x0000005e84b00000,0x0000005e84c00000)]
  0x000001c0429ff000 JavaThread "pool-3-thread-1" [_thread_blocked, id=12756, stack(0x0000005e84c00000,0x0000005e84d00000)]
  0x000001c0429fd800 JavaThread "stderr" [_thread_in_native, id=4780, stack(0x0000005e84d00000,0x0000005e84e00000)]
  0x000001c0429fb000 JavaThread "stdout" [_thread_in_native, id=14812, stack(0x0000005e84e00000,0x0000005e84f00000)]
  0x000001c0429fc800 JavaThread "WorkerExecutor Queue Thread 4" [_thread_blocked, id=7016, stack(0x0000005e84f00000,0x0000005e85000000)]
  0x000001c0429fb800 JavaThread "RMI Scheduler(0)" daemon [_thread_blocked, id=16540, stack(0x0000005e85000000,0x0000005e85100000)]
  0x000001c03f4bd000 JavaThread "RMI GC Daemon" daemon [_thread_blocked, id=18216, stack(0x0000005e85200000,0x0000005e85300000)]
  0x000001c03f4bb800 JavaThread "RMI TCP Accept-0" daemon [_thread_in_native, id=18064, stack(0x0000005e85300000,0x0000005e85400000)]
  0x000001c03f4bc000 JavaThread "RMI Reaper" [_thread_blocked, id=14520, stack(0x0000005e85400000,0x0000005e85500000)]
  0x000001c03f4ba800 JavaThread "RMI TCP Connection(2)-127.0.0.1" daemon [_thread_in_native, id=13652, stack(0x0000005e85500000,0x0000005e85600000)]
  0x000001c03f4b9800 JavaThread "Cache worker for Java compile cache (C:\Users\MATAHARI\.gradle\caches\7.4\javaCompile)" [_thread_blocked, id=13188, stack(0x0000005e85100000,0x0000005e85200000)]
  0x000001c03f4bd800 JavaThread "Build operations" [_thread_blocked, id=13932, stack(0x0000005e85600000,0x0000005e85700000)]
  0x000001c03f4b8000 JavaThread "Build operations Thread 2" [_thread_blocked, id=6212, stack(0x0000005e85700000,0x0000005e85800000)]
  0x000001c03f4b9000 JavaThread "Build operations Thread 3" [_thread_blocked, id=6920, stack(0x0000005e85800000,0x0000005e85900000)]
  0x000001c0429fe000 JavaThread "Build operations Thread 4" [_thread_blocked, id=16876, stack(0x0000005e85900000,0x0000005e85a00000)]
  0x000001c03f21a800 JavaThread "Build operations Thread 5" [_thread_blocked, id=6004, stack(0x0000005e85a00000,0x0000005e85b00000)]
  0x000001c03f219000 JavaThread "Build operations Thread 6" [_thread_blocked, id=15928, stack(0x0000005e85b00000,0x0000005e85c00000)]
  0x000001c03f21d000 JavaThread "Build operations Thread 7" [_thread_blocked, id=15412, stack(0x0000005e85c00000,0x0000005e85d00000)]
  0x000001c03f21f800 JavaThread "Build operations Thread 8" [_thread_blocked, id=8840, stack(0x0000005e85d00000,0x0000005e85e00000)]
  0x000001c03f21e000 JavaThread "WorkerExecutor Queue Thread 5" [_thread_blocked, id=12484, stack(0x0000005e85e00000,0x0000005e85f00000)]
  0x000001c03f21b800 JavaThread "WorkerExecutor Queue Thread 7" [_thread_blocked, id=5336, stack(0x0000005e86000000,0x0000005e86100000)]
  0x000001c03f21a000 JavaThread "WorkerExecutor Queue Thread 8" [_thread_blocked, id=11408, stack(0x0000005e86100000,0x0000005e86200000)]
  0x000001c03f220800 JavaThread "WorkerExecutor Queue Thread 9" [_thread_blocked, id=8324, stack(0x0000005e86200000,0x0000005e86300000)]

Other Threads:
=>0x000001c037d39000 VMThread "VM Thread" [stack: 0x0000005efba00000,0x0000005efbb00000] [id=17536]
  0x000001c03885d000 WatcherThread [stack: 0x0000005efc400000,0x0000005efc500000] [id=11624]
  0x000001c01d8b7800 GCTaskThread "GC Thread#0" [stack: 0x0000005efb500000,0x0000005efb600000] [id=8708]
  0x000001c03904e800 GCTaskThread "GC Thread#1" [stack: 0x0000005efc500000,0x0000005efc600000] [id=14360]
  0x000001c03a94b800 GCTaskThread "GC Thread#2" [stack: 0x0000005efc700000,0x0000005efc800000] [id=12372]
  0x000001c0395bd000 GCTaskThread "GC Thread#3" [stack: 0x0000005efc800000,0x0000005efc900000] [id=13636]
  0x000001c03a9a5800 GCTaskThread "GC Thread#4" [stack: 0x0000005efd500000,0x0000005efd600000] [id=13844]
  0x000001c039af2000 GCTaskThread "GC Thread#5" [stack: 0x0000005efd600000,0x0000005efd700000] [id=4276]
  0x000001c038af7800 GCTaskThread "GC Thread#6" [stack: 0x0000005efd700000,0x0000005efd800000] [id=1796]
  0x000001c0399c6800 GCTaskThread "GC Thread#7" [stack: 0x0000005efd800000,0x0000005efd900000] [id=11552]
  0x000001c01d8e7000 ConcurrentGCThread "G1 Main Marker" [stack: 0x0000005efb600000,0x0000005efb700000] [id=18164]
  0x000001c01d8ea800 ConcurrentGCThread "G1 Conc#0" [stack: 0x0000005efb700000,0x0000005efb800000] [id=1200]
  0x000001c03a9a2000 ConcurrentGCThread "G1 Conc#1" [stack: 0x0000005efd900000,0x0000005efda00000] [id=6584]
  0x000001c01d976000 ConcurrentGCThread "G1 Refine#0" [stack: 0x0000005efb800000,0x0000005efb900000] [id=14408]
  0x000001c01d97a000 ConcurrentGCThread "G1 Young RemSet Sampling" [stack: 0x0000005efb900000,0x0000005efba00000] [id=19048]

Threads with active compile tasks:
C2 CompilerThread0  99136 16632       4       java.util.TimSort::sort (229 bytes)
C1 CompilerThread0  99136 16826       2       com.android.tools.r8.graph.b1::l0 (44 bytes)

VM state:at safepoint (normal execution)

VM Mutex/Monitor currently owned by a thread:  ([mutex/lock_event])
[0x000001c01d898320] Threads_lock - owner thread: 0x000001c037d39000
[0x000001c01d897990] Heap_lock - owner thread: 0x000001c03f220800

Heap address: 0x0000000080000000, size: 2048 MB, Compressed Oops mode: 32-bit
Narrow klass base: 0x0000000000000000, Narrow klass shift: 3
Compressed class space size: 1073741824 Address: 0x0000000100000000

Heap:
 garbage-first heap   total 270336K, used 132382K [0x0000000080000000, 0x0000000100000000)
  region size 1024K, 4 young (4096K), 4 survivors (4096K)
 Metaspace       used 125723K, capacity 129832K, committed 129872K, reserved 1161216K
  class space    used 16425K, capacity 18060K, committed 18080K, reserved 1048576K
Heap Regions: E=young(eden), S=young(survivor), O=old, HS=humongous(starts), HC=humongous(continues), CS=collection set, F=free, A=archive, TAMS=top-at-mark-start (previous, next)
|   0|0x0000000080000000, 0x0000000080100000, 0x0000000080100000|100%| O|  |TAMS 0x0000000080100000, 0x0000000080100000| Untracked 
|   1|0x0000000080100000, 0x0000000080200000, 0x0000000080200000|100%| O|  |TAMS 0x0000000080200000, 0x0000000080200000| Untracked 
|   2|0x0000000080200000, 0x0000000080300000, 0x0000000080300000|100%| O|  |TAMS 0x0000000080300000, 0x0000000080300000| Untracked 
|   3|0x0000000080300000, 0x0000000080400000, 0x0000000080400000|100%|HS|  |TAMS 0x0000000080400000, 0x0000000080400000| Complete 
|   4|0x0000000080400000, 0x0000000080500000, 0x0000000080500000|100%|HC|  |TAMS 0x0000000080500000, 0x0000000080500000| Complete 
|   5|0x0000000080500000, 0x0000000080600000, 0x0000000080600000|100%|HC|  |TAMS 0x0000000080600000, 0x0000000080600000| Complete 
|   6|0x0000000080600000, 0x0000000080700000, 0x0000000080700000|100%| O|  |TAMS 0x0000000080700000, 0x0000000080700000| Untracked 
|   7|0x0000000080700000, 0x0000000080800000, 0x0000000080800000|100%| O|  |TAMS 0x0000000080800000, 0x0000000080800000| Untracked 
|   8|0x0000000080800000, 0x0000000080900000, 0x0000000080900000|100%| O|  |TAMS 0x0000000080900000, 0x0000000080900000| Untracked 
|   9|0x0000000080900000, 0x0000000080a00000, 0x0000000080a00000|100%| O|  |TAMS 0x0000000080a00000, 0x0000000080a00000| Untracked 
|  10|0x0000000080a00000, 0x0000000080b00000, 0x0000000080b00000|100%| O|  |TAMS 0x0000000080b00000, 0x0000000080b00000| Untracked 
|  11|0x0000000080b00000, 0x0000000080c00000, 0x0000000080c00000|100%| O|  |TAMS 0x0000000080c00000, 0x0000000080c00000| Untracked 
|  12|0x0000000080c00000, 0x0000000080d00000, 0x0000000080d00000|100%| O|  |TAMS 0x0000000080d00000, 0x0000000080d00000| Untracked 
|  13|0x0000000080d00000, 0x0000000080e00000, 0x0000000080e00000|100%| O|  |TAMS 0x0000000080e00000, 0x0000000080e00000| Untracked 
|  14|0x0000000080e00000, 0x0000000080f00000, 0x0000000080f00000|100%| O|  |TAMS 0x0000000080f00000, 0x0000000080f00000| Untracked 
|  15|0x0000000080f00000, 0x0000000081000000, 0x0000000081000000|100%| O|  |TAMS 0x0000000081000000, 0x0000000081000000| Untracked 
|  16|0x0000000081000000, 0x0000000081100000, 0x0000000081100000|100%| O|  |TAMS 0x0000000081100000, 0x0000000081100000| Untracked 
|  17|0x0000000081100000, 0x0000000081200000, 0x0000000081200000|100%| O|  |TAMS 0x0000000081200000, 0x0000000081200000| Untracked 
|  18|0x0000000081200000, 0x0000000081300000, 0x0000000081300000|100%| O|  |TAMS 0x0000000081300000, 0x0000000081300000| Untracked 
|  19|0x0000000081300000, 0x0000000081400000, 0x0000000081400000|100%| O|  |TAMS 0x0000000081400000, 0x0000000081400000| Untracked 
|  20|0x0000000081400000, 0x0000000081500000, 0x0000000081500000|100%| O|  |TAMS 0x0000000081500000, 0x0000000081500000| Untracked 
|  21|0x0000000081500000, 0x0000000081600000, 0x0000000081600000|100%| O|  |TAMS 0x0000000081600000, 0x0000000081600000| Untracked 
|  22|0x0000000081600000, 0x0000000081700000, 0x0000000081700000|100%| O|  |TAMS 0x0000000081700000, 0x0000000081700000| Untracked 
|  23|0x0000000081700000, 0x0000000081800000, 0x0000000081800000|100%| O|  |TAMS 0x0000000081800000, 0x0000000081800000| Untracked 
|  24|0x0000000081800000, 0x0000000081900000, 0x0000000081900000|100%| O|  |TAMS 0x0000000081900000, 0x0000000081900000| Untracked 
|  25|0x0000000081900000, 0x0000000081a00000, 0x0000000081a00000|100%| O|  |TAMS 0x0000000081a00000, 0x0000000081a00000| Untracked 
|  26|0x0000000081a00000, 0x0000000081b00000, 0x0000000081b00000|100%| O|  |TAMS 0x0000000081b00000, 0x0000000081b00000| Untracked 
|  27|0x0000000081b00000, 0x0000000081c00000, 0x0000000081c00000|100%| O|  |TAMS 0x0000000081c00000, 0x0000000081c00000| Untracked 
|  28|0x0000000081c00000, 0x0000000081d00000, 0x0000000081d00000|100%| O|  |TAMS 0x0000000081d00000, 0x0000000081d00000| Untracked 
|  29|0x0000000081d00000, 0x0000000081e00000, 0x0000000081e00000|100%|HS|  |TAMS 0x0000000081e00000, 0x0000000081e00000| Complete 
|  30|0x0000000081e00000, 0x0000000081f00000, 0x0000000081f00000|100%|HS|  |TAMS 0x0000000081f00000, 0x0000000081f00000| Complete 
|  31|0x0000000081f00000, 0x0000000082000000, 0x0000000082000000|100%|HS|  |TAMS 0x0000000082000000, 0x0000000082000000| Complete 
|  32|0x0000000082000000, 0x0000000082100000, 0x0000000082100000|100%|HS|  |TAMS 0x0000000082100000, 0x0000000082100000| Complete 
|  33|0x0000000082100000, 0x0000000082200000, 0x0000000082200000|100%|HC|  |TAMS 0x0000000082200000, 0x0000000082200000| Complete 
|  34|0x0000000082200000, 0x0000000082300000, 0x0000000082300000|100%|HC|  |TAMS 0x0000000082300000, 0x0000000082300000| Complete 
|  35|0x0000000082300000, 0x0000000082400000, 0x0000000082400000|100%|HC|  |TAMS 0x0000000082400000, 0x0000000082400000| Complete 
|  36|0x0000000082400000, 0x0000000082500000, 0x0000000082500000|100%| O|  |TAMS 0x0000000082500000, 0x0000000082500000| Untracked 
|  37|0x0000000082500000, 0x0000000082600000, 0x0000000082600000|100%| O|  |TAMS 0x0000000082600000, 0x0000000082600000| Untracked 
|  38|0x0000000082600000, 0x0000000082700000, 0x0000000082700000|100%| O|  |TAMS 0x0000000082700000, 0x0000000082700000| Untracked 
|  39|0x0000000082700000, 0x0000000082800000, 0x0000000082800000|100%| O|  |TAMS 0x0000000082800000, 0x0000000082800000| Untracked 
|  40|0x0000000082800000, 0x0000000082900000, 0x0000000082900000|100%| O|  |TAMS 0x0000000082900000, 0x0000000082900000| Untracked 
|  41|0x0000000082900000, 0x0000000082a00000, 0x0000000082a00000|100%|HS|  |TAMS 0x0000000082a00000, 0x0000000082a00000| Complete 
|  42|0x0000000082a00000, 0x0000000082b00000, 0x0000000082b00000|100%|HC|  |TAMS 0x0000000082b00000, 0x0000000082b00000| Complete 
|  43|0x0000000082b00000, 0x0000000082c00000, 0x0000000082c00000|100%| O|  |TAMS 0x0000000082c00000, 0x0000000082c00000| Untracked 
|  44|0x0000000082c00000, 0x0000000082d00000, 0x0000000082d00000|100%| O|  |TAMS 0x0000000082d00000, 0x0000000082d00000| Untracked 
|  45|0x0000000082d00000, 0x0000000082e00000, 0x0000000082e00000|100%| O|  |TAMS 0x0000000082e00000, 0x0000000082e00000| Untracked 
|  46|0x0000000082e00000, 0x0000000082f00000, 0x0000000082f00000|100%| O|  |TAMS 0x0000000082f00000, 0x0000000082f00000| Untracked 
|  47|0x0000000082f00000, 0x0000000083000000, 0x0000000083000000|100%| O|  |TAMS 0x0000000083000000, 0x0000000083000000| Untracked 
|  48|0x0000000083000000, 0x0000000083100000, 0x0000000083100000|100%| O|  |TAMS 0x0000000083100000, 0x0000000083100000| Untracked 
|  49|0x0000000083100000, 0x0000000083200000, 0x0000000083200000|100%| O|  |TAMS 0x0000000083200000, 0x0000000083200000| Untracked 
|  50|0x0000000083200000, 0x0000000083300000, 0x0000000083300000|100%| O|  |TAMS 0x0000000083300000, 0x0000000083300000| Untracked 
|  51|0x0000000083300000, 0x0000000083400000, 0x0000000083400000|100%| O|  |TAMS 0x0000000083400000, 0x0000000083400000| Untracked 
|  52|0x0000000083400000, 0x0000000083500000, 0x0000000083500000|100%| O|  |TAMS 0x0000000083500000, 0x0000000083500000| Untracked 
|  53|0x0000000083500000, 0x0000000083600000, 0x0000000083600000|100%| O|  |TAMS 0x0000000083600000, 0x0000000083600000| Untracked 
|  54|0x0000000083600000, 0x0000000083700000, 0x0000000083700000|100%| O|  |TAMS 0x0000000083700000, 0x0000000083700000| Untracked 
|  55|0x0000000083700000, 0x0000000083800000, 0x0000000083800000|100%| O|  |TAMS 0x0000000083800000, 0x0000000083800000| Untracked 
|  56|0x0000000083800000, 0x0000000083900000, 0x0000000083900000|100%| O|  |TAMS 0x0000000083900000, 0x0000000083900000| Untracked 
|  57|0x0000000083900000, 0x0000000083a00000, 0x0000000083a00000|100%| O|  |TAMS 0x0000000083a00000, 0x0000000083a00000| Untracked 
|  58|0x0000000083a00000, 0x0000000083b00000, 0x0000000083b00000|100%| O|  |TAMS 0x0000000083b00000, 0x0000000083b00000| Untracked 
|  59|0x0000000083b00000, 0x0000000083c00000, 0x0000000083c00000|100%| O|  |TAMS 0x0000000083c00000, 0x0000000083c00000| Untracked 
|  60|0x0000000083c00000, 0x0000000083d00000, 0x0000000083d00000|100%| O|  |TAMS 0x0000000083d00000, 0x0000000083d00000| Untracked 
|  61|0x0000000083d00000, 0x0000000083e00000, 0x0000000083e00000|100%| O|  |TAMS 0x0000000083e00000, 0x0000000083e00000| Untracked 
|  62|0x0000000083e00000, 0x0000000083f00000, 0x0000000083f00000|100%| O|  |TAMS 0x0000000083f00000, 0x0000000083f00000| Untracked 
|  63|0x0000000083f00000, 0x0000000084000000, 0x0000000084000000|100%| O|  |TAMS 0x0000000084000000, 0x0000000084000000| Untracked 
|  64|0x0000000084000000, 0x0000000084100000, 0x0000000084100000|100%| O|  |TAMS 0x0000000084100000, 0x0000000084100000| Untracked 
|  65|0x0000000084100000, 0x0000000084200000, 0x0000000084200000|100%| O|  |TAMS 0x0000000084200000, 0x0000000084200000| Untracked 
|  66|0x0000000084200000, 0x0000000084300000, 0x0000000084300000|100%| O|  |TAMS 0x0000000084300000, 0x0000000084300000| Untracked 
|  67|0x0000000084300000, 0x0000000084400000, 0x0000000084400000|100%| O|  |TAMS 0x0000000084400000, 0x0000000084400000| Untracked 
|  68|0x0000000084400000, 0x0000000084500000, 0x0000000084500000|100%| O|  |TAMS 0x0000000084500000, 0x0000000084500000| Untracked 
|  69|0x0000000084500000, 0x0000000084600000, 0x0000000084600000|100%| O|  |TAMS 0x0000000084600000, 0x0000000084600000| Untracked 
|  70|0x0000000084600000, 0x0000000084700000, 0x0000000084700000|100%| O|  |TAMS 0x0000000084700000, 0x0000000084700000| Untracked 
|  71|0x0000000084700000, 0x0000000084800000, 0x0000000084800000|100%| O|  |TAMS 0x0000000084800000, 0x0000000084800000| Untracked 
|  72|0x0000000084800000, 0x0000000084900000, 0x0000000084900000|100%| O|  |TAMS 0x0000000084900000, 0x0000000084900000| Untracked 
|  73|0x0000000084900000, 0x0000000084a00000, 0x0000000084a00000|100%| O|  |TAMS 0x0000000084a00000, 0x0000000084a00000| Untracked 
|  74|0x0000000084a00000, 0x0000000084b00000, 0x0000000084b00000|100%| O|  |TAMS 0x0000000084b00000, 0x0000000084b00000| Untracked 
|  75|0x0000000084b00000, 0x0000000084c00000, 0x0000000084c00000|100%| O|  |TAMS 0x0000000084c00000, 0x0000000084c00000| Untracked 
|  76|0x0000000084c00000, 0x0000000084d00000, 0x0000000084d00000|100%| O|  |TAMS 0x0000000084d00000, 0x0000000084d00000| Untracked 
|  77|0x0000000084d00000, 0x0000000084e00000, 0x0000000084e00000|100%| O|  |TAMS 0x0000000084e00000, 0x0000000084e00000| Untracked 
|  78|0x0000000084e00000, 0x0000000084f00000, 0x0000000084f00000|100%| O|  |TAMS 0x0000000084f00000, 0x0000000084f00000| Untracked 
|  79|0x0000000084f00000, 0x0000000085000000, 0x0000000085000000|100%| O|  |TAMS 0x0000000085000000, 0x0000000085000000| Untracked 
|  80|0x0000000085000000, 0x0000000085100000, 0x0000000085100000|100%| O|  |TAMS 0x0000000085100000, 0x0000000085100000| Untracked 
|  81|0x0000000085100000, 0x0000000085200000, 0x0000000085200000|100%| O|  |TAMS 0x0000000085200000, 0x0000000085200000| Untracked 
|  82|0x0000000085200000, 0x0000000085300000, 0x0000000085300000|100%| O|  |TAMS 0x0000000085300000, 0x0000000085300000| Untracked 
|  83|0x0000000085300000, 0x0000000085400000, 0x0000000085400000|100%| O|  |TAMS 0x0000000085400000, 0x0000000085400000| Untracked 
|  84|0x0000000085400000, 0x0000000085500000, 0x0000000085500000|100%| O|  |TAMS 0x0000000085500000, 0x0000000085500000| Untracked 
|  85|0x0000000085500000, 0x0000000085600000, 0x0000000085600000|100%| O|  |TAMS 0x0000000085600000, 0x0000000085600000| Untracked 
|  86|0x0000000085600000, 0x0000000085700000, 0x0000000085700000|100%| O|  |TAMS 0x0000000085700000, 0x0000000085700000| Untracked 
|  87|0x0000000085700000, 0x0000000085800000, 0x0000000085800000|100%| O|  |TAMS 0x0000000085800000, 0x0000000085800000| Untracked 
|  88|0x0000000085800000, 0x0000000085900000, 0x0000000085900000|100%| O|  |TAMS 0x0000000085900000, 0x0000000085900000| Untracked 
|  89|0x0000000085900000, 0x0000000085a00000, 0x0000000085a00000|100%| O|  |TAMS 0x0000000085a00000, 0x0000000085a00000| Untracked 
|  90|0x0000000085a00000, 0x0000000085b00000, 0x0000000085b00000|100%| O|  |TAMS 0x0000000085b00000, 0x0000000085b00000| Untracked 
|  91|0x0000000085b00000, 0x0000000085c00000, 0x0000000085c00000|100%| O|  |TAMS 0x0000000085c00000, 0x0000000085c00000| Untracked 
|  92|0x0000000085c00000, 0x0000000085d00000, 0x0000000085d00000|100%| O|  |TAMS 0x0000000085d00000, 0x0000000085d00000| Untracked 
|  93|0x0000000085d00000, 0x0000000085e00000, 0x0000000085e00000|100%| O|  |TAMS 0x0000000085e00000, 0x0000000085e00000| Untracked 
|  94|0x0000000085e00000, 0x0000000085f00000, 0x0000000085f00000|100%| O|  |TAMS 0x0000000085f00000, 0x0000000085f00000| Untracked 
|  95|0x0000000085f00000, 0x0000000086000000, 0x0000000086000000|100%| O|  |TAMS 0x0000000086000000, 0x0000000086000000| Untracked 
|  96|0x0000000086000000, 0x0000000086100000, 0x0000000086100000|100%| O|  |TAMS 0x0000000086100000, 0x0000000086100000| Untracked 
|  97|0x0000000086100000, 0x0000000086200000, 0x0000000086200000|100%| O|  |TAMS 0x0000000086200000, 0x0000000086200000| Untracked 
|  98|0x0000000086200000, 0x0000000086300000, 0x0000000086300000|100%| O|  |TAMS 0x0000000086300000, 0x0000000086300000| Untracked 
|  99|0x0000000086300000, 0x0000000086400000, 0x0000000086400000|100%| O|  |TAMS 0x0000000086400000, 0x0000000086400000| Untracked 
| 100|0x0000000086400000, 0x0000000086500000, 0x0000000086500000|100%| O|  |TAMS 0x0000000086500000, 0x0000000086500000| Untracked 
| 101|0x0000000086500000, 0x0000000086600000, 0x0000000086600000|100%| O|  |TAMS 0x0000000086600000, 0x0000000086600000| Untracked 
| 102|0x0000000086600000, 0x0000000086700000, 0x0000000086700000|100%| O|  |TAMS 0x0000000086700000, 0x0000000086700000| Untracked 
| 103|0x0000000086700000, 0x0000000086800000, 0x0000000086800000|100%| O|  |TAMS 0x0000000086800000, 0x0000000086800000| Untracked 
| 104|0x0000000086800000, 0x0000000086900000, 0x0000000086900000|100%| O|  |TAMS 0x0000000086900000, 0x0000000086900000| Untracked 
| 105|0x0000000086900000, 0x0000000086a00000, 0x0000000086a00000|100%| O|  |TAMS 0x0000000086a00000, 0x0000000086a00000| Untracked 
| 106|0x0000000086a00000, 0x0000000086b00000, 0x0000000086b00000|100%| O|  |TAMS 0x0000000086b00000, 0x0000000086b00000| Untracked 
| 107|0x0000000086b00000, 0x0000000086c00000, 0x0000000086c00000|100%| O|  |TAMS 0x0000000086c00000, 0x0000000086c00000| Untracked 
| 108|0x0000000086c00000, 0x0000000086d00000, 0x0000000086d00000|100%| O|  |TAMS 0x0000000086d00000, 0x0000000086d00000| Untracked 
| 109|0x0000000086d00000, 0x0000000086e00000, 0x0000000086e00000|100%| O|  |TAMS 0x0000000086e00000, 0x0000000086e00000| Untracked 
| 110|0x0000000086e00000, 0x0000000086f00000, 0x0000000086f00000|100%| O|  |TAMS 0x0000000086f00000, 0x0000000086f00000| Untracked 
| 111|0x0000000086f00000, 0x0000000087000000, 0x0000000087000000|100%| O|  |TAMS 0x0000000087000000, 0x0000000087000000| Untracked 
| 112|0x0000000087000000, 0x0000000087100000, 0x0000000087100000|100%| O|  |TAMS 0x0000000087100000, 0x0000000087100000| Untracked 
| 113|0x0000000087100000, 0x0000000087200000, 0x0000000087200000|100%| O|  |TAMS 0x0000000087200000, 0x0000000087200000| Untracked 
| 114|0x0000000087200000, 0x0000000087300000, 0x0000000087300000|100%| O|  |TAMS 0x0000000087300000, 0x0000000087300000| Untracked 
| 115|0x0000000087300000, 0x0000000087400000, 0x0000000087400000|100%| O|  |TAMS 0x0000000087400000, 0x0000000087400000| Untracked 
| 116|0x0000000087400000, 0x0000000087500000, 0x0000000087500000|100%| O|  |TAMS 0x0000000087500000, 0x0000000087500000| Untracked 
| 117|0x0000000087500000, 0x0000000087600000, 0x0000000087600000|100%| O|  |TAMS 0x0000000087600000, 0x0000000087600000| Untracked 
| 118|0x0000000087600000, 0x0000000087700000, 0x0000000087700000|100%| O|  |TAMS 0x0000000087700000, 0x0000000087700000| Untracked 
| 119|0x0000000087700000, 0x0000000087800000, 0x0000000087800000|100%| O|  |TAMS 0x0000000087800000, 0x0000000087800000| Untracked 
| 120|0x0000000087800000, 0x0000000087900000, 0x0000000087900000|100%| O|  |TAMS 0x0000000087900000, 0x0000000087900000| Untracked 
| 121|0x0000000087900000, 0x0000000087a00000, 0x0000000087a00000|100%| O|  |TAMS 0x0000000087a00000, 0x0000000087a00000| Untracked 
| 122|0x0000000087a00000, 0x0000000087b00000, 0x0000000087b00000|100%| O|  |TAMS 0x0000000087a7c400, 0x0000000087b00000| Untracked 
| 123|0x0000000087b00000, 0x0000000087b00000, 0x0000000087c00000|  0%| F|  |TAMS 0x0000000087b00000, 0x0000000087b00000| Untracked 
| 124|0x0000000087c00000, 0x0000000087c00000, 0x0000000087d00000|  0%| F|  |TAMS 0x0000000087c00000, 0x0000000087c00000| Untracked 
| 125|0x0000000087d00000, 0x0000000087e00000, 0x0000000087e00000|100%| O|  |TAMS 0x0000000087d00000, 0x0000000087e00000| Untracked 
| 126|0x0000000087e00000, 0x0000000087f00000, 0x0000000087f00000|100%| O|  |TAMS 0x0000000087e00000, 0x0000000087f00000| Untracked 
| 127|0x0000000087f00000, 0x0000000087fc7a00, 0x0000000088000000| 77%| O|  |TAMS 0x0000000087f00000, 0x0000000087fc7a00| Untracked 
| 128|0x0000000088000000, 0x0000000088000000, 0x0000000088100000|  0%| F|  |TAMS 0x0000000088000000, 0x0000000088000000| Untracked 
| 129|0x0000000088100000, 0x0000000088100000, 0x0000000088200000|  0%| F|  |TAMS 0x0000000088100000, 0x0000000088100000| Untracked 
| 130|0x0000000088200000, 0x0000000088200000, 0x0000000088300000|  0%| F|  |TAMS 0x0000000088200000, 0x0000000088200000| Untracked 
| 131|0x0000000088300000, 0x0000000088300000, 0x0000000088400000|  0%| F|  |TAMS 0x0000000088300000, 0x0000000088300000| Untracked 
| 132|0x0000000088400000, 0x0000000088400000, 0x0000000088500000|  0%| F|  |TAMS 0x0000000088400000, 0x0000000088400000| Untracked 
| 133|0x0000000088500000, 0x0000000088500000, 0x0000000088600000|  0%| F|  |TAMS 0x0000000088500000, 0x0000000088500000| Untracked 
| 134|0x0000000088600000, 0x0000000088600000, 0x0000000088700000|  0%| F|  |TAMS 0x0000000088600000, 0x0000000088600000| Untracked 
| 135|0x0000000088700000, 0x0000000088700000, 0x0000000088800000|  0%| F|  |TAMS 0x0000000088700000, 0x0000000088700000| Untracked 
| 136|0x0000000088800000, 0x0000000088800000, 0x0000000088900000|  0%| F|  |TAMS 0x0000000088800000, 0x0000000088800000| Untracked 
| 137|0x0000000088900000, 0x0000000088900000, 0x0000000088a00000|  0%| F|  |TAMS 0x0000000088900000, 0x0000000088900000| Untracked 
| 138|0x0000000088a00000, 0x0000000088a00000, 0x0000000088b00000|  0%| F|  |TAMS 0x0000000088a00000, 0x0000000088a00000| Untracked 
| 139|0x0000000088b00000, 0x0000000088b00000, 0x0000000088c00000|  0%| F|  |TAMS 0x0000000088b00000, 0x0000000088b00000| Untracked 
| 140|0x0000000088c00000, 0x0000000088c00000, 0x0000000088d00000|  0%| F|  |TAMS 0x0000000088c00000, 0x0000000088c00000| Untracked 
| 141|0x0000000088d00000, 0x0000000088d00000, 0x0000000088e00000|  0%| F|  |TAMS 0x0000000088d00000, 0x0000000088d00000| Untracked 
| 142|0x0000000088e00000, 0x0000000088e00000, 0x0000000088f00000|  0%| F|  |TAMS 0x0000000088e00000, 0x0000000088e00000| Untracked 
| 143|0x0000000088f00000, 0x0000000088f00000, 0x0000000089000000|  0%| F|  |TAMS 0x0000000088f00000, 0x0000000088f00000| Untracked 
| 144|0x0000000089000000, 0x0000000089000000, 0x0000000089100000|  0%| F|  |TAMS 0x0000000089000000, 0x0000000089000000| Untracked 
| 145|0x0000000089100000, 0x0000000089100000, 0x0000000089200000|  0%| F|  |TAMS 0x0000000089100000, 0x0000000089100000| Untracked 
| 146|0x0000000089200000, 0x0000000089200000, 0x0000000089300000|  0%| F|  |TAMS 0x0000000089200000, 0x0000000089200000| Untracked 
| 147|0x0000000089300000, 0x0000000089300000, 0x0000000089400000|  0%| F|  |TAMS 0x0000000089300000, 0x0000000089300000| Untracked 
| 148|0x0000000089400000, 0x0000000089400000, 0x0000000089500000|  0%| F|  |TAMS 0x0000000089400000, 0x0000000089400000| Untracked 
| 149|0x0000000089500000, 0x0000000089500000, 0x0000000089600000|  0%| F|  |TAMS 0x0000000089500000, 0x0000000089500000| Untracked 
| 150|0x0000000089600000, 0x0000000089600000, 0x0000000089700000|  0%| F|  |TAMS 0x0000000089600000, 0x0000000089600000| Untracked 
| 151|0x0000000089700000, 0x0000000089700000, 0x0000000089800000|  0%| F|  |TAMS 0x0000000089700000, 0x0000000089700000| Untracked 
| 152|0x0000000089800000, 0x0000000089800000, 0x0000000089900000|  0%| F|  |TAMS 0x0000000089800000, 0x0000000089800000| Untracked 
| 153|0x0000000089900000, 0x0000000089900000, 0x0000000089a00000|  0%| F|  |TAMS 0x0000000089900000, 0x0000000089900000| Untracked 
| 154|0x0000000089a00000, 0x0000000089a00000, 0x0000000089b00000|  0%| F|  |TAMS 0x0000000089a00000, 0x0000000089a00000| Untracked 
| 155|0x0000000089b00000, 0x0000000089b00000, 0x0000000089c00000|  0%| F|  |TAMS 0x0000000089b00000, 0x0000000089b00000| Untracked 
| 156|0x0000000089c00000, 0x0000000089c00000, 0x0000000089d00000|  0%| F|  |TAMS 0x0000000089c00000, 0x0000000089c00000| Untracked 
| 157|0x0000000089d00000, 0x0000000089d00000, 0x0000000089e00000|  0%| F|  |TAMS 0x0000000089d00000, 0x0000000089d00000| Untracked 
| 158|0x0000000089e00000, 0x0000000089e00000, 0x0000000089f00000|  0%| F|  |TAMS 0x0000000089e00000, 0x0000000089e00000| Untracked 
| 159|0x0000000089f00000, 0x0000000089f00000, 0x000000008a000000|  0%| F|  |TAMS 0x0000000089f00000, 0x0000000089f00000| Untracked 
| 160|0x000000008a000000, 0x000000008a000000, 0x000000008a100000|  0%| F|  |TAMS 0x000000008a000000, 0x000000008a000000| Untracked 
| 161|0x000000008a100000, 0x000000008a100000, 0x000000008a200000|  0%| F|  |TAMS 0x000000008a100000, 0x000000008a100000| Untracked 
| 162|0x000000008a200000, 0x000000008a200000, 0x000000008a300000|  0%| F|  |TAMS 0x000000008a200000, 0x000000008a200000| Untracked 
| 163|0x000000008a300000, 0x000000008a300000, 0x000000008a400000|  0%| F|  |TAMS 0x000000008a300000, 0x000000008a300000| Untracked 
| 164|0x000000008a400000, 0x000000008a400000, 0x000000008a500000|  0%| F|  |TAMS 0x000000008a400000, 0x000000008a400000| Untracked 
| 165|0x000000008a500000, 0x000000008a500000, 0x000000008a600000|  0%| F|  |TAMS 0x000000008a500000, 0x000000008a500000| Untracked 
| 166|0x000000008a600000, 0x000000008a600000, 0x000000008a700000|  0%| F|  |TAMS 0x000000008a600000, 0x000000008a600000| Untracked 
| 167|0x000000008a700000, 0x000000008a700000, 0x000000008a800000|  0%| F|  |TAMS 0x000000008a700000, 0x000000008a700000| Untracked 
| 168|0x000000008a800000, 0x000000008a800000, 0x000000008a900000|  0%| F|  |TAMS 0x000000008a800000, 0x000000008a800000| Untracked 
| 169|0x000000008a900000, 0x000000008a900000, 0x000000008aa00000|  0%| F|  |TAMS 0x000000008a900000, 0x000000008a900000| Untracked 
| 170|0x000000008aa00000, 0x000000008aa00000, 0x000000008ab00000|  0%| F|  |TAMS 0x000000008aa00000, 0x000000008aa00000| Untracked 
| 171|0x000000008ab00000, 0x000000008ab00000, 0x000000008ac00000|  0%| F|  |TAMS 0x000000008ab00000, 0x000000008ab00000| Untracked 
| 172|0x000000008ac00000, 0x000000008ac00000, 0x000000008ad00000|  0%| F|  |TAMS 0x000000008ac00000, 0x000000008ac00000| Untracked 
| 173|0x000000008ad00000, 0x000000008ad00000, 0x000000008ae00000|  0%| F|  |TAMS 0x000000008ad00000, 0x000000008ad00000| Untracked 
| 174|0x000000008ae00000, 0x000000008ae00000, 0x000000008af00000|  0%| F|  |TAMS 0x000000008ae00000, 0x000000008ae00000| Untracked 
| 175|0x000000008af00000, 0x000000008af00000, 0x000000008b000000|  0%| F|  |TAMS 0x000000008af00000, 0x000000008af00000| Untracked 
| 176|0x000000008b000000, 0x000000008b000000, 0x000000008b100000|  0%| F|  |TAMS 0x000000008b000000, 0x000000008b000000| Untracked 
| 177|0x000000008b100000, 0x000000008b100000, 0x000000008b200000|  0%| F|  |TAMS 0x000000008b100000, 0x000000008b100000| Untracked 
| 178|0x000000008b200000, 0x000000008b200000, 0x000000008b300000|  0%| F|  |TAMS 0x000000008b200000, 0x000000008b200000| Untracked 
| 179|0x000000008b300000, 0x000000008b300000, 0x000000008b400000|  0%| F|  |TAMS 0x000000008b300000, 0x000000008b300000| Untracked 
| 180|0x000000008b400000, 0x000000008b400000, 0x000000008b500000|  0%| F|  |TAMS 0x000000008b400000, 0x000000008b400000| Untracked 
| 181|0x000000008b500000, 0x000000008b500000, 0x000000008b600000|  0%| F|  |TAMS 0x000000008b500000, 0x000000008b500000| Untracked 
| 182|0x000000008b600000, 0x000000008b600000, 0x000000008b700000|  0%| F|  |TAMS 0x000000008b600000, 0x000000008b600000| Untracked 
| 183|0x000000008b700000, 0x000000008b700000, 0x000000008b800000|  0%| F|  |TAMS 0x000000008b700000, 0x000000008b700000| Untracked 
| 184|0x000000008b800000, 0x000000008b800000, 0x000000008b900000|  0%| F|  |TAMS 0x000000008b800000, 0x000000008b800000| Untracked 
| 185|0x000000008b900000, 0x000000008b900000, 0x000000008ba00000|  0%| F|  |TAMS 0x000000008b900000, 0x000000008b900000| Untracked 
| 186|0x000000008ba00000, 0x000000008ba00000, 0x000000008bb00000|  0%| F|  |TAMS 0x000000008ba00000, 0x000000008ba00000| Untracked 
| 187|0x000000008bb00000, 0x000000008bb00000, 0x000000008bc00000|  0%| F|  |TAMS 0x000000008bb00000, 0x000000008bb00000| Untracked 
| 188|0x000000008bc00000, 0x000000008bc80070, 0x000000008bd00000| 50%| S|CS|TAMS 0x000000008bc00000, 0x000000008bc00000| Complete 
| 189|0x000000008bd00000, 0x000000008be00000, 0x000000008be00000|100%| S|CS|TAMS 0x000000008bd00000, 0x000000008bd00000| Complete 
| 190|0x000000008be00000, 0x000000008bf00000, 0x000000008bf00000|100%| S|CS|TAMS 0x000000008be00000, 0x000000008be00000| Complete 
| 191|0x000000008bf00000, 0x000000008c000000, 0x000000008c000000|100%| S|CS|TAMS 0x000000008bf00000, 0x000000008bf00000| Complete 
| 192|0x000000008c000000, 0x000000008c000000, 0x000000008c100000|  0%| F|  |TAMS 0x000000008c000000, 0x000000008c000000| Untracked 
| 193|0x000000008c100000, 0x000000008c100000, 0x000000008c200000|  0%| F|  |TAMS 0x000000008c100000, 0x000000008c100000| Untracked 
| 194|0x000000008c200000, 0x000000008c200000, 0x000000008c300000|  0%| F|  |TAMS 0x000000008c200000, 0x000000008c200000| Untracked 
| 195|0x000000008c300000, 0x000000008c300000, 0x000000008c400000|  0%| F|  |TAMS 0x000000008c300000, 0x000000008c300000| Untracked 
| 196|0x000000008c400000, 0x000000008c400000, 0x000000008c500000|  0%| F|  |TAMS 0x000000008c400000, 0x000000008c400000| Untracked 
| 197|0x000000008c500000, 0x000000008c500000, 0x000000008c600000|  0%| F|  |TAMS 0x000000008c500000, 0x000000008c500000| Untracked 
| 198|0x000000008c600000, 0x000000008c600000, 0x000000008c700000|  0%| F|  |TAMS 0x000000008c600000, 0x000000008c600000| Untracked 
| 199|0x000000008c700000, 0x000000008c700000, 0x000000008c800000|  0%| F|  |TAMS 0x000000008c700000, 0x000000008c700000| Untracked 
| 200|0x000000008c800000, 0x000000008c800000, 0x000000008c900000|  0%| F|  |TAMS 0x000000008c800000, 0x000000008c800000| Untracked 
| 201|0x000000008c900000, 0x000000008c900000, 0x000000008ca00000|  0%| F|  |TAMS 0x000000008c900000, 0x000000008c900000| Untracked 
| 202|0x000000008ca00000, 0x000000008ca00000, 0x000000008cb00000|  0%| F|  |TAMS 0x000000008ca00000, 0x000000008ca00000| Untracked 
| 203|0x000000008cb00000, 0x000000008cb00000, 0x000000008cc00000|  0%| F|  |TAMS 0x000000008cb00000, 0x000000008cb00000| Untracked 
| 204|0x000000008cc00000, 0x000000008cc00000, 0x000000008cd00000|  0%| F|  |TAMS 0x000000008cc00000, 0x000000008cc00000| Untracked 
| 205|0x000000008cd00000, 0x000000008cd00000, 0x000000008ce00000|  0%| F|  |TAMS 0x000000008cd00000, 0x000000008cd00000| Untracked 
| 206|0x000000008ce00000, 0x000000008ce00000, 0x000000008cf00000|  0%| F|  |TAMS 0x000000008ce00000, 0x000000008ce00000| Untracked 
| 207|0x000000008cf00000, 0x000000008cf00000, 0x000000008d000000|  0%| F|  |TAMS 0x000000008cf00000, 0x000000008cf00000| Untracked 
| 208|0x000000008d000000, 0x000000008d000000, 0x000000008d100000|  0%| F|  |TAMS 0x000000008d000000, 0x000000008d000000| Untracked 
| 209|0x000000008d100000, 0x000000008d100000, 0x000000008d200000|  0%| F|  |TAMS 0x000000008d100000, 0x000000008d100000| Untracked 
| 210|0x000000008d200000, 0x000000008d200000, 0x000000008d300000|  0%| F|  |TAMS 0x000000008d200000, 0x000000008d200000| Untracked 
| 211|0x000000008d300000, 0x000000008d300000, 0x000000008d400000|  0%| F|  |TAMS 0x000000008d300000, 0x000000008d300000| Untracked 
| 212|0x000000008d400000, 0x000000008d400000, 0x000000008d500000|  0%| F|  |TAMS 0x000000008d400000, 0x000000008d400000| Untracked 
| 213|0x000000008d500000, 0x000000008d500000, 0x000000008d600000|  0%| F|  |TAMS 0x000000008d500000, 0x000000008d500000| Untracked 
| 214|0x000000008d600000, 0x000000008d600000, 0x000000008d700000|  0%| F|  |TAMS 0x000000008d600000, 0x000000008d600000| Untracked 
| 215|0x000000008d700000, 0x000000008d700000, 0x000000008d800000|  0%| F|  |TAMS 0x000000008d700000, 0x000000008d700000| Untracked 
| 216|0x000000008d800000, 0x000000008d800000, 0x000000008d900000|  0%| F|  |TAMS 0x000000008d800000, 0x000000008d800000| Untracked 
| 217|0x000000008d900000, 0x000000008d900000, 0x000000008da00000|  0%| F|  |TAMS 0x000000008d900000, 0x000000008d900000| Untracked 
| 218|0x000000008da00000, 0x000000008da00000, 0x000000008db00000|  0%| F|  |TAMS 0x000000008da00000, 0x000000008da00000| Untracked 
| 219|0x000000008db00000, 0x000000008db00000, 0x000000008dc00000|  0%| F|  |TAMS 0x000000008db00000, 0x000000008db00000| Untracked 

Card table byte_map: [0x000001c030b00000,0x000001c030f00000] _byte_map_base: 0x000001c030700000

Marking Bits (Prev, Next): (CMBitMap*) 0x000001c01d8de0c8, (CMBitMap*) 0x000001c01d8de100
 Prev Bits: [0x000001c031300000, 0x000001c033300000)
 Next Bits: [0x000001c033300000, 0x000001c035300000)

Polling page: 0x000001c01b880000

Metaspace:

Usage:
  Non-class:    109.15 MB capacity,   106.74 MB ( 98%) used,     1.93 MB (  2%) free+waste,   498.06 KB ( <1%) overhead. 
      Class:     17.64 MB capacity,    16.04 MB ( 91%) used,     1.36 MB (  8%) free+waste,   239.38 KB (  1%) overhead. 
       Both:    126.79 MB capacity,   122.78 MB ( 97%) used,     3.29 MB (  3%) free+waste,   737.44 KB ( <1%) overhead. 

Virtual space:
  Non-class space:      110.00 MB reserved,     109.17 MB (>99%) committed 
      Class space:        1.00 GB reserved,      17.66 MB (  2%) committed 
             Both:        1.11 GB reserved,     126.83 MB ( 11%) committed 

Chunk freelists:
   Non-Class:  20.00 KB
       Class:  0 bytes
        Both:  20.00 KB

MaxMetaspaceSize: 17179869184.00 GB
CompressedClassSpaceSize: 1.00 GB
Initial GC threshold: 20.80 MB
Current GC threshold: 204.51 MB
CDS: off

CodeHeap 'non-profiled nmethods': size=120000Kb used=7317Kb max_used=7317Kb free=112682Kb
 bounds [0x000001c028e90000, 0x000001c0295c0000, 0x000001c0303c0000]
CodeHeap 'profiled nmethods': size=120000Kb used=33781Kb max_used=33781Kb free=86218Kb
 bounds [0x000001c021960000, 0x000001c023a60000, 0x000001c028e90000]
CodeHeap 'non-nmethods': size=5760Kb used=2465Kb max_used=2485Kb free=3294Kb
 bounds [0x000001c0213c0000, 0x000001c021640000, 0x000001c021960000]
 total_blobs=17173 nmethods=16164 adapters=921
 compilation: enabled
              stopped_count=0, restarted_count=0
 full_count=0

Compilation events (20 events):
Event: 99.078 Thread 0x000001c037d6e000 nmethod 16833 0x000001c023a5af10 code [0x000001c023a5b0c0, 0x000001c023a5b1b8]
Event: 99.078 Thread 0x000001c037d6e000 16832       2       com.android.tools.r8.code.w1::a (28 bytes)
Event: 99.078 Thread 0x000001c037d6e000 nmethod 16832 0x000001c023a5b290 code [0x000001c023a5b440, 0x000001c023a5b568]
Event: 99.078 Thread 0x000001c037d6e000 16835       2       com.android.tools.r8.graph.n2$$Lambda$2917/0x000000010116a840::a (5 bytes)
Event: 99.078 Thread 0x000001c037d6e000 nmethod 16835 0x000001c023a5b610 code [0x000001c023a5b7c0, 0x000001c023a5b8b8]
Event: 99.078 Thread 0x000001c037d6e000 16836       2       com.android.tools.r8.graph.n2::a (2 bytes)
Event: 99.078 Thread 0x000001c037d6e000 nmethod 16836 0x000001c023a5b990 code [0x000001c023a5bb40, 0x000001c023a5bc18]
Event: 99.078 Thread 0x000001c037d6e000 16837       2       com.android.tools.r8.code.x0::a (59 bytes)
Event: 99.079 Thread 0x000001c037d6e000 nmethod 16837 0x000001c023a5bc90 code [0x000001c023a5be80, 0x000001c023a5c188]
Event: 99.079 Thread 0x000001c037d6e000 16825       2       com.android.tools.r8.graph.p::W (13 bytes)
Event: 99.079 Thread 0x000001c037d6e000 nmethod 16825 0x000001c023a5c390 code [0x000001c023a5c540, 0x000001c023a5c658]
Event: 99.080 Thread 0x000001c037d6e000 16831       2       com.android.tools.r8.dex.e::a (56 bytes)
Event: 99.080 Thread 0x000001c037d6e000 nmethod 16831 0x000001c023a5c710 code [0x000001c023a5c8e0, 0x000001c023a5ca78]
Event: 99.080 Thread 0x000001c037d6e000 16828       2       com.android.tools.r8.internal.Ob::a (1 bytes)
Event: 99.080 Thread 0x000001c037d6e000 nmethod 16828 0x000001c023a5cc10 code [0x000001c023a5cdc0, 0x000001c023a5ceb8]
Event: 99.080 Thread 0x000001c037d6e000 16834       2       com.android.tools.r8.code.H1::M (4 bytes)
Event: 99.081 Thread 0x000001c037d6e000 nmethod 16834 0x000001c023a5cf90 code [0x000001c023a5d140, 0x000001c023a5d238]
Event: 99.081 Thread 0x000001c037d6e000 16829       2       com.android.tools.r8.graph.N::w (23 bytes)
Event: 99.081 Thread 0x000001c037d6e000 nmethod 16829 0x000001c023a5d310 code [0x000001c023a5d4c0, 0x000001c023a5d648]
Event: 99.081 Thread 0x000001c037d6e000 16826       2       com.android.tools.r8.graph.b1::l0 (44 bytes)

GC Heap History (20 events):
Event: 92.872 GC heap after
{Heap after GC invocations=82 (full 0):
 garbage-first heap   total 172032K, used 110434K [0x0000000080000000, 0x0000000100000000)
  region size 1024K, 2 young (2048K), 2 survivors (2048K)
 Metaspace       used 110409K, capacity 113162K, committed 113360K, reserved 1146880K
  class space    used 14057K, capacity 15050K, committed 15136K, reserved 1048576K
}
Event: 93.463 GC heap before
{Heap before GC invocations=82 (full 0):
 garbage-first heap   total 172032K, used 141154K [0x0000000080000000, 0x0000000100000000)
  region size 1024K, 33 young (33792K), 2 survivors (2048K)
 Metaspace       used 110409K, capacity 113162K, committed 113360K, reserved 1146880K
  class space    used 14057K, capacity 15050K, committed 15136K, reserved 1048576K
}
Event: 93.468 GC heap after
{Heap after GC invocations=83 (full 0):
 garbage-first heap   total 172032K, used 111124K [0x0000000080000000, 0x0000000100000000)
  region size 1024K, 3 young (3072K), 3 survivors (3072K)
 Metaspace       used 110409K, capacity 113162K, committed 113360K, reserved 1146880K
  class space    used 14057K, capacity 15050K, committed 15136K, reserved 1048576K
}
Event: 94.594 GC heap before
{Heap before GC invocations=84 (full 0):
 garbage-first heap   total 172032K, used 141844K [0x0000000080000000, 0x0000000100000000)
  region size 1024K, 34 young (34816K), 3 survivors (3072K)
 Metaspace       used 110543K, capacity 113236K, committed 113360K, reserved 1146880K
  class space    used 14070K, capacity 15071K, committed 15136K, reserved 1048576K
}
Event: 94.602 GC heap after
{Heap after GC invocations=85 (full 0):
 garbage-first heap   total 172032K, used 113183K [0x0000000080000000, 0x0000000100000000)
  region size 1024K, 5 young (5120K), 5 survivors (5120K)
 Metaspace       used 110543K, capacity 113236K, committed 113360K, reserved 1146880K
  class space    used 14070K, capacity 15071K, committed 15136K, reserved 1048576K
}
Event: 95.149 GC heap before
{Heap before GC invocations=85 (full 0):
 garbage-first heap   total 172032K, used 143903K [0x0000000080000000, 0x0000000100000000)
  region size 1024K, 35 young (35840K), 5 survivors (5120K)
 Metaspace       used 110560K, capacity 113238K, committed 113360K, reserved 1146880K
  class space    used 14070K, capacity 15071K, committed 15136K, reserved 1048576K
}
Event: 95.165 GC heap after
{Heap after GC invocations=86 (full 0):
 garbage-first heap   total 172032K, used 113212K [0x0000000080000000, 0x0000000100000000)
  region size 1024K, 3 young (3072K), 3 survivors (3072K)
 Metaspace       used 110560K, capacity 113238K, committed 113360K, reserved 1146880K
  class space    used 14070K, capacity 15071K, committed 15136K, reserved 1048576K
}
Event: 95.806 GC heap before
{Heap before GC invocations=87 (full 0):
 garbage-first heap   total 172032K, used 147004K [0x0000000080000000, 0x0000000100000000)
  region size 1024K, 35 young (35840K), 3 survivors (3072K)
 Metaspace       used 112656K, capacity 115457K, committed 115792K, reserved 1148928K
  class space    used 14362K, capacity 15395K, committed 15520K, reserved 1048576K
}
Event: 95.815 GC heap after
{Heap after GC invocations=88 (full 0):
 garbage-first heap   total 172032K, used 115099K [0x0000000080000000, 0x0000000100000000)
  region size 1024K, 4 young (4096K), 4 survivors (4096K)
 Metaspace       used 112656K, capacity 115457K, committed 115792K, reserved 1148928K
  class space    used 14362K, capacity 15395K, committed 15520K, reserved 1048576K
}
Event: 96.230 GC heap before
{Heap before GC invocations=88 (full 0):
 garbage-first heap   total 172032K, used 145819K [0x0000000080000000, 0x0000000100000000)
  region size 1024K, 35 young (35840K), 4 survivors (4096K)
 Metaspace       used 114617K, capacity 117620K, committed 117968K, reserved 1150976K
  class space    used 14657K, capacity 15785K, committed 15904K, reserved 1048576K
}
Event: 96.270 GC heap after
{Heap after GC invocations=89 (full 0):
 garbage-first heap   total 172032K, used 119497K [0x0000000080000000, 0x0000000100000000)
  region size 1024K, 5 young (5120K), 5 survivors (5120K)
 Metaspace       used 114617K, capacity 117620K, committed 117968K, reserved 1150976K
  class space    used 14657K, capacity 15785K, committed 15904K, reserved 1048576K
}
Event: 96.605 GC heap before
{Heap before GC invocations=89 (full 0):
 garbage-first heap   total 172032K, used 145097K [0x0000000080000000, 0x0000000100000000)
  region size 1024K, 31 young (31744K), 5 survivors (5120K)
 Metaspace       used 115983K, capacity 119058K, committed 119120K, reserved 1153024K
  class space    used 14841K, capacity 16018K, committed 16032K, reserved 1048576K
}
Event: 96.631 GC heap after
{Heap after GC invocations=90 (full 0):
 garbage-first heap   total 225280K, used 125164K [0x0000000080000000, 0x0000000100000000)
  region size 1024K, 4 young (4096K), 4 survivors (4096K)
 Metaspace       used 115983K, capacity 119058K, committed 119120K, reserved 1153024K
  class space    used 14841K, capacity 16018K, committed 16032K, reserved 1048576K
}
Event: 97.156 GC heap before
{Heap before GC invocations=91 (full 0):
 garbage-first heap   total 225280K, used 172268K [0x0000000080000000, 0x0000000100000000)
  region size 1024K, 50 young (51200K), 4 survivors (4096K)
 Metaspace       used 118604K, capacity 121995K, committed 122192K, reserved 1155072K
  class space    used 15254K, capacity 16541K, committed 16544K, reserved 1048576K
}
Event: 97.175 GC heap after
{Heap after GC invocations=92 (full 0):
 garbage-first heap   total 225280K, used 129387K [0x0000000080000000, 0x0000000100000000)
  region size 1024K, 4 young (4096K), 4 survivors (4096K)
 Metaspace       used 118604K, capacity 121995K, committed 122192K, reserved 1155072K
  class space    used 15254K, capacity 16541K, committed 16544K, reserved 1048576K
}
Event: 97.444 GC heap before
{Heap before GC invocations=92 (full 0):
 garbage-first heap   total 225280K, used 144747K [0x0000000080000000, 0x0000000100000000)
  region size 1024K, 20 young (20480K), 4 survivors (4096K)
 Metaspace       used 120018K, capacity 123752K, committed 124112K, reserved 1157120K
  class space    used 15589K, capacity 17060K, committed 17184K, reserved 1048576K
}
Event: 97.460 GC heap after
{Heap after GC invocations=93 (full 0):
 garbage-first heap   total 225280K, used 129781K [0x0000000080000000, 0x0000000100000000)
  region size 1024K, 5 young (5120K), 5 survivors (5120K)
 Metaspace       used 120018K, capacity 123752K, committed 124112K, reserved 1157120K
  class space    used 15589K, capacity 17060K, committed 17184K, reserved 1048576K
}
Event: 98.446 GC heap before
{Heap before GC invocations=94 (full 0):
 garbage-first heap   total 225280K, used 172789K [0x0000000080000000, 0x0000000100000000)
  region size 1024K, 46 young (47104K), 5 survivors (5120K)
 Metaspace       used 123554K, capacity 127294K, committed 127696K, reserved 1159168K
  class space    used 16101K, capacity 17590K, committed 17696K, reserved 1048576K
}
Event: 98.461 GC heap after
{Heap after GC invocations=95 (full 0):
 garbage-first heap   total 225280K, used 132147K [0x0000000080000000, 0x0000000100000000)
  region size 1024K, 4 young (4096K), 4 survivors (4096K)
 Metaspace       used 123554K, capacity 127294K, committed 127696K, reserved 1159168K
  class space    used 16101K, capacity 17590K, committed 17696K, reserved 1048576K
}
Event: 99.082 GC heap before
{Heap before GC invocations=95 (full 0):
 garbage-first heap   total 225280K, used 158771K [0x0000000080000000, 0x0000000100000000)
  region size 1024K, 32 young (32768K), 4 survivors (4096K)
 Metaspace       used 125723K, capacity 129832K, committed 129872K, reserved 1161216K
  class space    used 16425K, capacity 18060K, committed 18080K, reserved 1048576K
}

Deoptimization events (20 events):
Event: 98.860 Thread 0x000001c03f21a000 Uncommon trap: trap_request=0xffffffd6 fr.pc=0x000001c0295ac094 relative=0x00000000000018b4
Event: 98.860 Thread 0x000001c03f21a000 Uncommon trap: reason=array_check action=maybe_recompile pc=0x000001c0295ac094 method=java.util.TimSort.binarySort([Ljava/lang/Object;IIILjava/util/Comparator;)V @ 215 c2
Event: 98.860 Thread 0x000001c03f21a000 DEOPT PACKING pc=0x000001c0295ac094 sp=0x0000005e861fc490
Event: 98.860 Thread 0x000001c03f21a000 DEOPT UNPACKING pc=0x000001c02140a1af sp=0x0000005e861fc390 mode 2
Event: 98.860 Thread 0x000001c03f21a000 Uncommon trap: trap_request=0xffffffd6 fr.pc=0x000001c0295ac094 relative=0x00000000000018b4
Event: 98.860 Thread 0x000001c03f21a000 Uncommon trap: reason=array_check action=maybe_recompile pc=0x000001c0295ac094 method=java.util.TimSort.binarySort([Ljava/lang/Object;IIILjava/util/Comparator;)V @ 215 c2
Event: 98.860 Thread 0x000001c03f21a000 DEOPT PACKING pc=0x000001c0295ac094 sp=0x0000005e861fc490
Event: 98.860 Thread 0x000001c03f21a000 DEOPT UNPACKING pc=0x000001c02140a1af sp=0x0000005e861fc390 mode 2
Event: 98.868 Thread 0x000001c03f21b800 Uncommon trap: trap_request=0xffffffd6 fr.pc=0x000001c0295ac094 relative=0x00000000000018b4
Event: 98.868 Thread 0x000001c03f21b800 Uncommon trap: reason=array_check action=maybe_recompile pc=0x000001c0295ac094 method=java.util.TimSort.binarySort([Ljava/lang/Object;IIILjava/util/Comparator;)V @ 215 c2
Event: 98.868 Thread 0x000001c03f21b800 DEOPT PACKING pc=0x000001c0295ac094 sp=0x0000005e860fcde0
Event: 98.868 Thread 0x000001c03f21b800 DEOPT UNPACKING pc=0x000001c02140a1af sp=0x0000005e860fcce0 mode 2
Event: 98.912 Thread 0x000001c03f220800 DEOPT PACKING pc=0x000001c0239179e3 sp=0x0000005e862fc020
Event: 98.912 Thread 0x000001c03f220800 DEOPT UNPACKING pc=0x000001c02140a95e sp=0x0000005e862fb4b8 mode 0
Event: 98.994 Thread 0x000001c03f220800 DEOPT PACKING pc=0x000001c0239dc177 sp=0x0000005e862fc630
Event: 98.994 Thread 0x000001c03f220800 DEOPT UNPACKING pc=0x000001c02140a95e sp=0x0000005e862fbb18 mode 0
Event: 99.000 Thread 0x000001c03f220800 DEOPT PACKING pc=0x000001c0239ff080 sp=0x0000005e862fc600
Event: 99.000 Thread 0x000001c03f220800 DEOPT UNPACKING pc=0x000001c02140a95e sp=0x0000005e862fbaf0 mode 0
Event: 99.007 Thread 0x000001c03f220800 DEOPT PACKING pc=0x000001c023a401eb sp=0x0000005e862fc740
Event: 99.007 Thread 0x000001c03f220800 DEOPT UNPACKING pc=0x000001c02140a95e sp=0x0000005e862fbbf8 mode 0

Classes redefined (0 events):
No events

Internal exceptions (20 events):
Event: 98.835 Thread 0x000001c03f21e000 Exception <a 'sun/nio/fs/WindowsException'{0x000000008cae6038}> (0x000000008cae6038) thrown at [./src/hotspot/share/prims/jni.cpp, line 616]
Event: 98.835 Thread 0x000001c0429fc800 Exception <a 'sun/nio/fs/WindowsException'{0x000000008c956e50}> (0x000000008c956e50) thrown at [./src/hotspot/share/prims/jni.cpp, line 616]
Event: 98.836 Thread 0x000001c0429f9800 Exception <a 'sun/nio/fs/WindowsException'{0x000000008cacfd50}> (0x000000008cacfd50) thrown at [./src/hotspot/share/prims/jni.cpp, line 616]
Event: 98.836 Thread 0x000001c03f21e000 Exception <a 'sun/nio/fs/WindowsException'{0x000000008cae6188}> (0x000000008cae6188) thrown at [./src/hotspot/share/prims/jni.cpp, line 616]
Event: 98.836 Thread 0x000001c0429f9800 Exception <a 'sun/nio/fs/WindowsException'{0x000000008c961900}> (0x000000008c961900) thrown at [./src/hotspot/share/prims/jni.cpp, line 616]
Event: 98.836 Thread 0x000001c03f21e000 Exception <a 'sun/nio/fs/WindowsException'{0x000000008cae73a0}> (0x000000008cae73a0) thrown at [./src/hotspot/share/prims/jni.cpp, line 616]
Event: 98.836 Thread 0x000001c03f21e000 Exception <a 'sun/nio/fs/WindowsException'{0x000000008cae74e0}> (0x000000008cae74e0) thrown at [./src/hotspot/share/prims/jni.cpp, line 616]
Event: 98.837 Thread 0x000001c03f21e000 Exception <a 'sun/nio/fs/WindowsException'{0x000000008cae86f0}> (0x000000008cae86f0) thrown at [./src/hotspot/share/prims/jni.cpp, line 616]
Event: 98.837 Thread 0x000001c0429f9800 Exception <a 'sun/nio/fs/WindowsException'{0x000000008c962aa8}> (0x000000008c962aa8) thrown at [./src/hotspot/share/prims/jni.cpp, line 616]
Event: 98.837 Thread 0x000001c03f21e000 Exception <a 'sun/nio/fs/WindowsException'{0x000000008c96d930}> (0x000000008c96d930) thrown at [./src/hotspot/share/prims/jni.cpp, line 616]
Event: 98.837 Thread 0x000001c0429f9800 Exception <a 'sun/nio/fs/WindowsException'{0x000000008c963770}> (0x000000008c963770) thrown at [./src/hotspot/share/prims/jni.cpp, line 616]
Event: 98.837 Thread 0x000001c03f21e000 Exception <a 'sun/nio/fs/WindowsException'{0x000000008c96e5f8}> (0x000000008c96e5f8) thrown at [./src/hotspot/share/prims/jni.cpp, line 616]
Event: 98.838 Thread 0x000001c03f21e000 Exception <a 'sun/nio/fs/WindowsException'{0x000000008c96f318}> (0x000000008c96f318) thrown at [./src/hotspot/share/prims/jni.cpp, line 616]
Event: 98.839 Thread 0x000001c0429f9800 Exception <a 'sun/nio/fs/WindowsException'{0x000000008c964490}> (0x000000008c964490) thrown at [./src/hotspot/share/prims/jni.cpp, line 616]
Event: 98.840 Thread 0x000001c0429f9800 Exception <a 'sun/nio/fs/WindowsException'{0x000000008c965210}> (0x000000008c965210) thrown at [./src/hotspot/share/prims/jni.cpp, line 616]
Event: 98.848 Thread 0x000001c0429fc800 Exception <a 'sun/nio/fs/WindowsException'{0x000000008c9ed250}> (0x000000008c9ed250) thrown at [./src/hotspot/share/prims/jni.cpp, line 616]
Event: 98.851 Thread 0x000001c0429f9800 Exception <a 'sun/nio/fs/WindowsException'{0x000000008c9fa428}> (0x000000008c9fa428) thrown at [./src/hotspot/share/prims/jni.cpp, line 616]
Event: 98.909 Thread 0x000001c03f21e000 Exception <a 'sun/nio/fs/WindowsException'{0x000000008c52f428}> (0x000000008c52f428) thrown at [./src/hotspot/share/prims/jni.cpp, line 616]
Event: 98.928 Thread 0x000001c03f21e000 Exception <a 'sun/nio/fs/WindowsException'{0x000000008c534660}> (0x000000008c534660) thrown at [./src/hotspot/share/prims/jni.cpp, line 616]
Event: 98.933 Thread 0x000001c03f21e000 Exception <a 'sun/nio/fs/WindowsException'{0x000000008c53b4b0}> (0x000000008c53b4b0) thrown at [./src/hotspot/share/prims/jni.cpp, line 616]

Events (20 events):
Event: 98.829 loading class com/android/tools/r8/internal/Rk done
Event: 98.831 loading class java/util/zip/Adler32
Event: 98.831 loading class java/util/zip/Adler32 done
Event: 98.832 loading class com/android/tools/r8/ByteDataView
Event: 98.832 loading class com/android/tools/r8/ByteDataView done
Event: 98.833 loading class com/android/tools/r8/internal/Hh
Event: 98.833 loading class com/android/tools/r8/internal/Hh done
Event: 98.836 loading class java/util/zip/ZipOutputStream$XEntry
Event: 98.837 loading class java/util/zip/ZipOutputStream$XEntry done
Event: 98.838 loading class com/android/tools/r8/internal/zb
Event: 98.838 loading class com/android/tools/r8/internal/zb done
Event: 98.839 loading class com/android/tools/r8/internal/yb
Event: 98.839 loading class com/android/tools/r8/internal/yb done
Event: 98.840 loading class com/android/tools/r8/internal/xb
Event: 98.840 loading class com/android/tools/r8/internal/xb done
Event: 98.840 loading class java/util/Vector$Itr
Event: 98.840 loading class java/util/Vector$Itr done
Event: 98.930 Executing VM operation: RevokeBias
Event: 98.931 Executing VM operation: RevokeBias done
Event: 99.081 Executing VM operation: G1CollectForAllocation


Dynamic libraries:
0x00007ff7adf50000 - 0x00007ff7adf5a000 	D:\android\jre\bin\java.exe
0x00007ffcc6540000 - 0x00007ffcc6749000 	C:\WINDOWS\SYSTEM32\ntdll.dll
0x00007ffcc4fb0000 - 0x00007ffcc506d000 	C:\WINDOWS\System32\KERNEL32.DLL
0x00007ffcc3e40000 - 0x00007ffcc41bd000 	C:\WINDOWS\System32\KERNELBASE.dll
0x00007ffcc3d20000 - 0x00007ffcc3e31000 	C:\WINDOWS\System32\ucrtbase.dll
0x00007ffcafeb0000 - 0x00007ffcafec9000 	D:\android\jre\bin\jli.dll
0x00007ffc9eb10000 - 0x00007ffc9eb27000 	D:\android\jre\bin\VCRUNTIME140.dll
0x00007ffcc5a50000 - 0x00007ffcc5bfd000 	C:\WINDOWS\System32\USER32.dll
0x00007ffcc43a0000 - 0x00007ffcc43c6000 	C:\WINDOWS\System32\win32u.dll
0x00007ffc9c990000 - 0x00007ffc9cc35000 	C:\WINDOWS\WinSxS\amd64_microsoft.windows.common-controls_6595b64144ccf1df_6.0.22000.120_none_9d947278b86cc467\COMCTL32.dll
0x00007ffcc5100000 - 0x00007ffcc5129000 	C:\WINDOWS\System32\GDI32.dll
0x00007ffcc4440000 - 0x00007ffcc44e3000 	C:\WINDOWS\System32\msvcrt.dll
0x00007ffcc41c0000 - 0x00007ffcc42d8000 	C:\WINDOWS\System32\gdi32full.dll
0x00007ffcc3c00000 - 0x00007ffcc3c9d000 	C:\WINDOWS\System32\msvcp_win.dll
0x00007ffcc5410000 - 0x00007ffcc5441000 	C:\WINDOWS\System32\IMM32.DLL
0x00007ffc732d0000 - 0x00007ffc7336d000 	D:\android\jre\bin\msvcp140.dll
0x00007ffc49940000 - 0x00007ffc4a442000 	D:\android\jre\bin\server\jvm.dll
0x00007ffcc59a0000 - 0x00007ffcc5a4e000 	C:\WINDOWS\System32\ADVAPI32.dll
0x00007ffcc4b00000 - 0x00007ffcc4b9e000 	C:\WINDOWS\System32\sechost.dll
0x00007ffcc5c20000 - 0x00007ffcc5d40000 	C:\WINDOWS\System32\RPCRT4.dll
0x00007ffcc4d60000 - 0x00007ffcc4d68000 	C:\WINDOWS\System32\PSAPI.DLL
0x00007ffc9e8a0000 - 0x00007ffc9e8a9000 	C:\WINDOWS\SYSTEM32\WSOCK32.dll
0x00007ffcbc510000 - 0x00007ffcbc51a000 	C:\WINDOWS\SYSTEM32\VERSION.dll
0x00007ffcbe640000 - 0x00007ffcbe673000 	C:\WINDOWS\SYSTEM32\WINMM.dll
0x00007ffcc4e20000 - 0x00007ffcc4e8f000 	C:\WINDOWS\System32\WS2_32.dll
0x00007ffcc2af0000 - 0x00007ffcc2b08000 	C:\WINDOWS\SYSTEM32\kernel.appcore.dll
0x00007ffc92e90000 - 0x00007ffc92ea1000 	D:\android\jre\bin\verify.dll
0x00007ffcc1630000 - 0x00007ffcc1851000 	C:\WINDOWS\SYSTEM32\DBGHELP.DLL
0x00007ffcac460000 - 0x00007ffcac491000 	C:\WINDOWS\SYSTEM32\dbgcore.DLL
0x00007ffcc3ca0000 - 0x00007ffcc3d1f000 	C:\WINDOWS\System32\bcryptPrimitives.dll
0x00007ffc8c410000 - 0x00007ffc8c439000 	D:\android\jre\bin\java.dll
0x00007ffca1820000 - 0x00007ffca182b000 	D:\android\jre\bin\jimage.dll
0x00007ffc92e70000 - 0x00007ffc92e88000 	D:\android\jre\bin\zip.dll
0x00007ffcc5d40000 - 0x00007ffcc64f8000 	C:\WINDOWS\System32\SHELL32.dll
0x00007ffcc1b50000 - 0x00007ffcc23b8000 	C:\WINDOWS\SYSTEM32\windows.storage.dll
0x00007ffcc5450000 - 0x00007ffcc57c9000 	C:\WINDOWS\System32\combase.dll
0x00007ffcc19e0000 - 0x00007ffcc1b46000 	C:\WINDOWS\SYSTEM32\wintypes.dll
0x00007ffcc57d0000 - 0x00007ffcc58ba000 	C:\WINDOWS\System32\SHCORE.dll
0x00007ffcc5260000 - 0x00007ffcc52bd000 	C:\WINDOWS\System32\shlwapi.dll
0x00007ffcc3950000 - 0x00007ffcc3971000 	C:\WINDOWS\SYSTEM32\profapi.dll
0x00007ffc8ce20000 - 0x00007ffc8ce3a000 	D:\android\jre\bin\net.dll
0x00007ffcbcff0000 - 0x00007ffcbd0fc000 	C:\WINDOWS\SYSTEM32\WINHTTP.dll
0x00007ffcc2f30000 - 0x00007ffcc2f97000 	C:\WINDOWS\system32\mswsock.dll
0x00007ffc8c3f0000 - 0x00007ffc8c404000 	D:\android\jre\bin\nio.dll
0x00007ffca26f0000 - 0x00007ffca2717000 	C:\Users\MATAHARI\.gradle\native\e1d6ef7f7dcc3fd88c89a11ec53ec762bb8ba0a96d01ffa2cd45eb1d1d8dd5c5\windows-amd64\native-platform.dll
0x00007ffc346c0000 - 0x00007ffc34804000 	C:\Users\MATAHARI\.gradle\native\0d407fdbe67a94daf76414ababcb853783967236a71b16ec16e742cd7a986fd3\windows-amd64\native-platform-file-events.dll
0x00007ffca2b90000 - 0x00007ffca2b9a000 	D:\android\jre\bin\management.dll
0x00007ffca26e0000 - 0x00007ffca26ed000 	D:\android\jre\bin\management_ext.dll
0x00007ffcc31a0000 - 0x00007ffcc31b8000 	C:\WINDOWS\SYSTEM32\CRYPTSP.dll
0x00007ffcc2a40000 - 0x00007ffcc2a75000 	C:\WINDOWS\system32\rsaenh.dll
0x00007ffcc3040000 - 0x00007ffcc3069000 	C:\WINDOWS\SYSTEM32\USERENV.dll
0x00007ffcc3310000 - 0x00007ffcc3337000 	C:\WINDOWS\SYSTEM32\bcrypt.dll
0x00007ffcc3190000 - 0x00007ffcc319c000 	C:\WINDOWS\SYSTEM32\CRYPTBASE.dll
0x00007ffcc2610000 - 0x00007ffcc263d000 	C:\WINDOWS\SYSTEM32\IPHLPAPI.DLL
0x00007ffcc5250000 - 0x00007ffcc5259000 	C:\WINDOWS\System32\NSI.dll
0x00007ffcbd5b0000 - 0x00007ffcbd5c9000 	C:\WINDOWS\SYSTEM32\dhcpcsvc6.DLL
0x00007ffcbdbd0000 - 0x00007ffcbdbee000 	C:\WINDOWS\SYSTEM32\dhcpcsvc.DLL
0x00007ffcc2640000 - 0x00007ffcc2728000 	C:\WINDOWS\SYSTEM32\DNSAPI.dll
0x00007ffc7acb0000 - 0x00007ffc7acce000 	C:\Users\MATAHARI\AppData\Local\Temp\native-platform4834109883577174125dir\native-platform.dll
0x00007ffcbfed0000 - 0x00007ffcbfed8000 	D:\android\jre\bin\rmi.dll

dbghelp: loaded successfully - version: 4.0.5 - missing functions: none
symbol engine: initialized successfully - sym options: 0x614 - pdb path: .;D:\android\jre\bin;C:\WINDOWS\SYSTEM32;C:\WINDOWS\WinSxS\amd64_microsoft.windows.common-controls_6595b64144ccf1df_6.0.22000.120_none_9d947278b86cc467;D:\android\jre\bin\server;C:\Users\MATAHARI\.gradle\native\e1d6ef7f7dcc3fd88c89a11ec53ec762bb8ba0a96d01ffa2cd45eb1d1d8dd5c5\windows-amd64;C:\Users\MATAHARI\.gradle\native\0d407fdbe67a94daf76414ababcb853783967236a71b16ec16e742cd7a986fd3\windows-amd64;C:\Users\MATAHARI\AppData\Local\Temp\native-platform4834109883577174125dir

VM Arguments:
jvm_args: --add-opens=java.base/java.util=ALL-UNNAMED --add-opens=java.base/java.lang=ALL-UNNAMED --add-opens=java.base/java.lang.invoke=ALL-UNNAMED --add-opens=java.base/java.util=ALL-UNNAMED --add-opens=java.prefs/java.util.prefs=ALL-UNNAMED --add-opens=java.prefs/java.util.prefs=ALL-UNNAMED --add-opens=java.base/java.nio.charset=ALL-UNNAMED --add-opens=java.base/java.net=ALL-UNNAMED --add-opens=java.base/java.util.concurrent.atomic=ALL-UNNAMED -Xmx2048m -Dfile.encoding=UTF-8 -Duser.country=ID -Duser.language=en -Duser.variant 
java_command: org.gradle.launcher.daemon.bootstrap.GradleDaemon 7.4
java_class_path (initial): C:\Users\MATAHARI\.gradle\wrapper\dists\gradle-7.4-bin\c0gwcg53nkjbqw7r0h0umtfvt\gradle-7.4\lib\gradle-launcher-7.4.jar
Launcher Type: SUN_STANDARD

[Global flags]
     intx CICompilerCount                          = 4                                         {product} {ergonomic}
     uint ConcGCThreads                            = 2                                         {product} {ergonomic}
     uint G1ConcRefinementThreads                  = 8                                         {product} {ergonomic}
   size_t G1HeapRegionSize                         = 1048576                                   {product} {ergonomic}
    uintx GCDrainStackTargetSize                   = 64                                        {product} {ergonomic}
   size_t InitialHeapSize                          = 100663296                                 {product} {ergonomic}
   size_t MarkStackSize                            = 4194304                                   {product} {ergonomic}
   size_t MaxHeapSize                              = 2147483648                                {product} {command line}
   size_t MaxNewSize                               = 1287651328                                {product} {ergonomic}
   size_t MinHeapDeltaBytes                        = 1048576                                   {product} {ergonomic}
    uintx NonNMethodCodeHeapSize                   = 5836300                                {pd product} {ergonomic}
    uintx NonProfiledCodeHeapSize                  = 122910970                              {pd product} {ergonomic}
    uintx ProfiledCodeHeapSize                     = 122910970                              {pd product} {ergonomic}
    uintx ReservedCodeCacheSize                    = 251658240                              {pd product} {ergonomic}
     bool SegmentedCodeCache                       = true                                      {product} {ergonomic}
     bool UseCompressedClassPointers               = true                                 {lp64_product} {ergonomic}
     bool UseCompressedOops                        = true                                 {lp64_product} {ergonomic}
     bool UseG1GC                                  = true                                      {product} {ergonomic}
     bool UseLargePagesIndividualAllocation        = false                                  {pd product} {ergonomic}

Logging:
Log output configuration:
 #0: stdout all=warning uptime,level,tags
 #1: stderr all=off uptime,level,tags

Environment Variables:
JAVA_HOME=D:\Program\
PATH=D:\Oracle\app\oracle\product\10.2.0\server\bin;D:\Program\bin;C:\Python39;C:\Python39\Scripts;D:\Kecerdasan Buatan;C:\WINDOWS\system32;C:\WINDOWS;C:\WINDOWS\System32\Wbem;C:\WINDOWS\System32\WindowsPowerShell\v1.0\;C:\WINDOWS\System32\OpenSSH\;C:\Program Files\Microsoft SQL Server\Client SDK\ODBC\170\Tools\Binn\;C:\Program Files (x86)\Microsoft SQL Server\150\Tools\Binn\;C:\Program Files\Microsoft SQL Server\150\Tools\Binn\;C:\Program Files\Microsoft SQL Server\150\DTS\Binn\;C:\Program Files (x86)\Microsoft SQL Server\150\DTS\Binn\;C:\Program Files\Azure Data Studio\bin;C:\Program Files (x86)\dotnet\;C:\Program Files\dotnet\;D:\github\Git\cmd;D:\xampp\php;C:\ProgramData\ComposerSetup\bin;D:\nodeJS\;C:\src\flutter\bin;C:\Python39; C:\Python39\Scripts; D:\Kecerdasan Buatan;C:\Users\MATAHARI\AppData\Local\Microsoft\WindowsApps;C:\Users\MATAHARI\AppData\Local\Programs\Microsoft VS Code\bin;C:\Program Files\Azure Data Studio\bin;C:\Users\MATAHARI\AppData\Roaming\Composer\vendor\bin;C:\Users\MATAHARI\AppData\Roaming\npm;C:\Users\MATAHARI\.dotnet\tools
USERNAME=MATAHARI
OS=Windows_NT
PROCESSOR_IDENTIFIER=AMD64 Family 23 Model 24 Stepping 1, AuthenticAMD



---------------  S Y S T E M  ---------------

OS: Windows 11 , 64 bit Build 22000 (10.0.22000.708)
OS uptime: 1 days 2:11 hours
Hyper-V role detected

CPU:total 8 (initial active 8) (8 cores per cpu, 2 threads per core) family 23 model 24 stepping 1 microcode 0x0, cmov, cx8, fxsr, mmx, sse, sse2, sse3, ssse3, sse4.1, sse4.2, popcnt, avx, avx2, aes, clmul, mmxext, 3dnowpref, lzcnt, sse4a, ht, tsc, tscinvbit, tscinv, bmi1, bmi2, adx, sha, fma

Memory: 4k page, system-wide physical 6057M (131M free)
TotalPageFile size 16297M (AvailPageFile size 18M)
current process WorkingSet (physical memory assigned to process): 462M, peak: 462M
current process commit charge ("private bytes"): 575M, peak: 619M

vm_info: OpenJDK 64-Bit Server VM (11.0.13+0-b1751.21-8125866) for windows-amd64 JRE (11.0.13+0-b1751.21-8125866), built on Feb  2 2022 03:00:22 by "builder" with MS VC++ 14.0 (VS2015)

END.
