#
# There is insufficient memory for the Java Runtime Environment to continue.
# Native memory allocation (mmap) failed to map 100663296 bytes for Failed to commit area from 0x00000000a1400000 to 0x00000000a7400000 of length 100663296.
# Possible reasons:
#   The system is out of physical RAM or swap space
#   The process is running with CompressedOops enabled, and the Java Heap may be blocking the growth of the native heap
# Possible solutions:
#   Reduce memory load on the system
#   Increase physical memory or swap space
#   Check if swap backing store is full
#   Decrease Java heap size (-Xmx/-Xms)
#   Decrease number of Java threads
#   Decrease Java thread stack sizes (-Xss)
#   Set larger code cache with -XX:ReservedCodeCacheSize=
# This output file may be truncated or incomplete.
#
#  Out of Memory Error (./src/hotspot/os/windows/os_windows.cpp:3619), pid=5400, tid=17236
#
# JRE version:  (11.0.13) (build )
# Java VM: OpenJDK 64-Bit Server VM (11.0.13+0-b1751.21-8125866, mixed mode, sharing, tiered, compressed oops, g1 gc, windows-amd64)
# No core dump will be written. Minidumps are not enabled by default on client versions of Windows
#

---------------  S U M M A R Y ------------

Command Line: org.jetbrains.kotlin.cli.jvm.K2JVMCompiler @E:\AndroidStudio\mobile_gofit\app\build\20230520_9341823399675098317.compiler.options

Host: AMD Ryzen 5 3500U with Radeon Vega Mobile Gfx  , 8 cores, 5G,  Windows 11 , 64 bit Build 22000 (10.0.22000.708)
Time: Sat May 20 07:58:20 2023 SE Asia Standard Time elapsed time: 0.031766 seconds (0d 0h 0m 0s)

---------------  T H R E A D  ---------------

Current thread (0x0000020ed732e000):  JavaThread "Unknown thread" [_thread_in_vm, id=17236, stack(0x00000027a8b00000,0x00000027a8c00000)]

Stack: [0x00000027a8b00000,0x00000027a8c00000]
Native frames: (J=compiled Java code, j=interpreted, Vv=VM code, C=native code)
V  [jvm.dll+0x6100fa]
V  [jvm.dll+0x747090]
V  [jvm.dll+0x7486ad]
V  [jvm.dll+0x748d83]
V  [jvm.dll+0x24ab48]
V  [jvm.dll+0x60d164]
V  [jvm.dll+0x601e75]
V  [jvm.dll+0x308bdb]
V  [jvm.dll+0x308b4a]
V  [jvm.dll+0x308a22]
V  [jvm.dll+0x30d986]
V  [jvm.dll+0x357093]
V  [jvm.dll+0x357796]
V  [jvm.dll+0x357193]
V  [jvm.dll+0x2e3448]
V  [jvm.dll+0x2e45f7]
V  [jvm.dll+0x7242e7]
V  [jvm.dll+0x725adc]
V  [jvm.dll+0x364629]
V  [jvm.dll+0x707cee]
V  [jvm.dll+0x3d2633]
V  [jvm.dll+0x3d4a21]
C  [jli.dll+0x536b]
C  [ucrtbase.dll+0x26c0c]
C  [KERNEL32.DLL+0x154e0]
C  [ntdll.dll+0x485b]


---------------  P R O C E S S  ---------------

Threads class SMR info:
_java_thread_list=0x0000020ed7254420, length=0, elements={
}

Java Threads: ( => current thread )

Other Threads:
  0x0000020ed94d4800 GCTaskThread "GC Thread#0" [stack: 0x00000027a8c00000,0x00000027a8d00000] [id=16980]
  0x0000020ed94fc000 ConcurrentGCThread "G1 Main Marker" [stack: 0x00000027a8d00000,0x00000027a8e00000] [id=11364]
  0x0000020ed94fe000 ConcurrentGCThread "G1 Conc#0" [stack: 0x00000027a8e00000,0x00000027a8f00000] [id=3840]

[error occurred during error reporting (printing all threads), id 0xc0000005, EXCEPTION_ACCESS_VIOLATION (0xc0000005) at pc=0x00007ffda7403dd7]

VM state:not at safepoint (not fully initialized)

VM Mutex/Monitor currently owned by a thread:  ([mutex/lock_event])
[0x0000020ed732b100] Heap_lock - owner thread: 0x0000020ed732e000

Heap address: 0x00000000a1400000, size: 1516 MB, Compressed Oops mode: Non-zero based: 0x00000000a1400000
Narrow klass base: 0x0000000000000000, Narrow klass shift: 0

GC Heap History (0 events):
No events

Deoptimization events (0 events):
No events

Classes redefined (0 events):
No events

Internal exceptions (0 events):
No events

Events (1 events):
Event: 0.019 Loaded shared library D:\android\jre\bin\zip.dll


Dynamic libraries:
0x00007ff6b8950000 - 0x00007ff6b895a000 	D:\android\jre\bin\java.exe
0x00007ffe00c20000 - 0x00007ffe00e29000 	C:\WINDOWS\SYSTEM32\ntdll.dll
0x00007ffdff850000 - 0x00007ffdff90d000 	C:\WINDOWS\System32\KERNEL32.DLL
0x00007ffdfe400000 - 0x00007ffdfe77d000 	C:\WINDOWS\System32\KERNELBASE.dll
0x00007ffdfe8a0000 - 0x00007ffdfe9b1000 	C:\WINDOWS\System32\ucrtbase.dll
0x00007ffde3db0000 - 0x00007ffde3dc7000 	D:\android\jre\bin\VCRUNTIME140.dll
0x00007ffded230000 - 0x00007ffded249000 	D:\android\jre\bin\jli.dll
0x00007ffdff970000 - 0x00007ffdffb1d000 	C:\WINDOWS\System32\USER32.dll
0x00007ffdfea80000 - 0x00007ffdfeaa6000 	C:\WINDOWS\System32\win32u.dll
0x00007ffdd4b00000 - 0x00007ffdd4da5000 	C:\WINDOWS\WinSxS\amd64_microsoft.windows.common-controls_6595b64144ccf1df_6.0.22000.120_none_9d947278b86cc467\COMCTL32.dll
0x00007ffdfebd0000 - 0x00007ffdfebf9000 	C:\WINDOWS\System32\GDI32.dll
0x00007ffdfeab0000 - 0x00007ffdfeb53000 	C:\WINDOWS\System32\msvcrt.dll
0x00007ffdfe780000 - 0x00007ffdfe898000 	C:\WINDOWS\System32\gdi32full.dll
0x00007ffdfe180000 - 0x00007ffdfe21d000 	C:\WINDOWS\System32\msvcp_win.dll
0x00007ffdffb80000 - 0x00007ffdffbb1000 	C:\WINDOWS\System32\IMM32.DLL
0x00007ffdc0360000 - 0x00007ffdc03fd000 	D:\android\jre\bin\msvcp140.dll
0x00007ffda7110000 - 0x00007ffda7c12000 	D:\android\jre\bin\server\jvm.dll
0x00007ffdff440000 - 0x00007ffdff4ee000 	C:\WINDOWS\System32\ADVAPI32.dll
0x00007ffdff4f0000 - 0x00007ffdff58e000 	C:\WINDOWS\System32\sechost.dll
0x00007ffdffd70000 - 0x00007ffdffe90000 	C:\WINDOWS\System32\RPCRT4.dll
0x00007ffe00810000 - 0x00007ffe00818000 	C:\WINDOWS\System32\PSAPI.DLL
0x00007ffdd88b0000 - 0x00007ffdd88b9000 	C:\WINDOWS\SYSTEM32\WSOCK32.dll
0x00007ffdf8da0000 - 0x00007ffdf8dd3000 	C:\WINDOWS\SYSTEM32\WINMM.dll
0x00007ffdfeb60000 - 0x00007ffdfebcf000 	C:\WINDOWS\System32\WS2_32.dll
0x00007ffdf82a0000 - 0x00007ffdf82aa000 	C:\WINDOWS\SYSTEM32\VERSION.dll
0x00007ffdfd1d0000 - 0x00007ffdfd1e8000 	C:\WINDOWS\SYSTEM32\kernel.appcore.dll
0x00007ffdfa390000 - 0x00007ffdfa3a1000 	D:\android\jre\bin\verify.dll
0x00007ffdfbd10000 - 0x00007ffdfbf31000 	C:\WINDOWS\SYSTEM32\DBGHELP.DLL
0x00007ffde6830000 - 0x00007ffde6861000 	C:\WINDOWS\SYSTEM32\dbgcore.DLL
0x00007ffdfe100000 - 0x00007ffdfe17f000 	C:\WINDOWS\System32\bcryptPrimitives.dll
0x00007ffdf9990000 - 0x00007ffdf99b9000 	D:\android\jre\bin\java.dll
0x00007ffdfaa70000 - 0x00007ffdfaa7b000 	D:\android\jre\bin\jimage.dll
0x00007ffdf9590000 - 0x00007ffdf95a8000 	D:\android\jre\bin\zip.dll

dbghelp: loaded successfully - version: 4.0.5 - missing functions: none
symbol engine: initialized successfully - sym options: 0x614 - pdb path: .;D:\android\jre\bin;C:\WINDOWS\SYSTEM32;C:\WINDOWS\WinSxS\amd64_microsoft.windows.common-controls_6595b64144ccf1df_6.0.22000.120_none_9d947278b86cc467;D:\android\jre\bin\server

VM Arguments:
java_command: org.jetbrains.kotlin.cli.jvm.K2JVMCompiler @E:\AndroidStudio\mobile_gofit\app\build\20230520_9341823399675098317.compiler.options
java_class_path (initial): C:\Users\MATAHARI\.gradle\caches\modules-2\files-2.1\org.jetbrains.kotlin\kotlin-compiler-embeddable\1.7.20\8db18559a581dd2c36ddfd5046af145650f5b126\kotlin-compiler-embeddable-1.7.20.jar;C:\Users\MATAHARI\.gradle\caches\modules-2\files-2.1\org.jetbrains.kotlin\kotlin-reflect\1.7.20\12b2501e33bb6373e8e347c86d85481863629381\kotlin-reflect-1.7.20.jar;C:\Users\MATAHARI\.gradle\caches\modules-2\files-2.1\org.jetbrains.kotlin\kotlin-stdlib\1.7.20\726594ea9ba2beb2ee113647fefa9a10f9fabe52\kotlin-stdlib-1.7.20.jar;C:\Users\MATAHARI\.gradle\caches\modules-2\files-2.1\org.jetbrains.kotlin\kotlin-script-runtime\1.7.20\bcd1cc6f865e632550357fcc59f5ffd532615a8\kotlin-script-runtime-1.7.20.jar;C:\Users\MATAHARI\.gradle\caches\modules-2\files-2.1\org.jetbrains.kotlin\kotlin-daemon-embeddable\1.7.20\1e24355adad8d529d75d5b19eab55484057431ba\kotlin-daemon-embeddable-1.7.20.jar;C:\Users\MATAHARI\.gradle\caches\modules-2\files-2.1\org.jetbrains.intellij.deps\trove4j\1.0.20200330\3afb14d5f9ceb459d724e907a21145e8ff394f02\trove4j-1.0.20200330.jar;C:\Users\MATAHARI\.gradle\caches\modules-2\files-2.1\net.java.dev.jna\jna\5.6.0\330f2244e9030119ab3030fc3fededc86713d9cc\jna-5.6.0.jar;C:\Users\MATAHARI\.gradle\caches\modules-2\files-2.1\org.jetbrains.kotlin\kotlin-stdlib-common\1.7.20\e15351bdaf9fa06f009be5da7a202e4184f00ae3\kotlin-stdlib-common-1.7.20.jar;C:\Users\MATAHARI\.gradle\caches\modules-2\files-2.1\org.jetbrains\annotations\13.0\919f0dfe192fb4e063e7dacadee7f8bb9a2672a9\annotations-13.0.jar
Launcher Type: SUN_STANDARD

[Global flags]
     intx CICompilerCount                          = 4                                         {product} {ergonomic}
     uint ConcGCThreads                            = 2                                         {product} {ergonomic}
     uint G1ConcRefinementThreads                  = 8                                         {product} {ergonomic}
   size_t G1HeapRegionSize                         = 1048576                                   {product} {ergonomic}
    uintx GCDrainStackTargetSize                   = 64                                        {product} {ergonomic}
   size_t InitialHeapSize                          = 100663296                                 {product} {ergonomic}
   size_t MarkStackSize                            = 4194304                                   {product} {ergonomic}
   size_t MaxHeapSize                              = 1589641216                                {product} {ergonomic}
   size_t MinHeapDeltaBytes                        = 1048576                                   {product} {ergonomic}
    uintx NonNMethodCodeHeapSize                   = 5836300                                {pd product} {ergonomic}
    uintx NonProfiledCodeHeapSize                  = 122910970                              {pd product} {ergonomic}
    uintx ProfiledCodeHeapSize                     = 122910970                              {pd product} {ergonomic}
    uintx ReservedCodeCacheSize                    = 251658240                              {pd product} {ergonomic}
     bool SegmentedCodeCache                       = true                                      {product} {ergonomic}
     bool UseCompressedClassPointers               = true                                 {lp64_product} {ergonomic}
     bool UseCompressedOops                        = true                                 {lp64_product} {ergonomic}
     bool UseG1GC                                  = true                                      {product} {ergonomic}
     bool UseLargePagesIndividualAllocation        = false                                  {pd product} {ergonomic}

Logging:
Log output configuration:
 #0: stdout all=warning uptime,level,tags
 #1: stderr all=off uptime,level,tags

Environment Variables:
JAVA_HOME=D:\Program\
PATH=D:\Oracle\app\oracle\product\10.2.0\server\bin;D:\Program\bin;C:\Python39;C:\Python39\Scripts;D:\Kecerdasan Buatan;C:\WINDOWS\system32;C:\WINDOWS;C:\WINDOWS\System32\Wbem;C:\WINDOWS\System32\WindowsPowerShell\v1.0\;C:\WINDOWS\System32\OpenSSH\;C:\Program Files\Microsoft SQL Server\Client SDK\ODBC\170\Tools\Binn\;C:\Program Files (x86)\Microsoft SQL Server\150\Tools\Binn\;C:\Program Files\Microsoft SQL Server\150\Tools\Binn\;C:\Program Files\Microsoft SQL Server\150\DTS\Binn\;C:\Program Files (x86)\Microsoft SQL Server\150\DTS\Binn\;C:\Program Files\Azure Data Studio\bin;C:\Program Files (x86)\dotnet\;C:\Program Files\dotnet\;D:\github\Git\cmd;D:\xampp\php;C:\ProgramData\ComposerSetup\bin;D:\nodeJS\;C:\src\flutter\bin;C:\Python39; C:\Python39\Scripts; D:\Kecerdasan Buatan;C:\Users\MATAHARI\AppData\Local\Microsoft\WindowsApps;C:\Users\MATAHARI\AppData\Local\Programs\Microsoft VS Code\bin;C:\Program Files\Azure Data Studio\bin;C:\Users\MATAHARI\AppData\Roaming\Composer\vendor\bin;C:\Users\MATAHARI\AppData\Roaming\npm;C:\Users\MATAHARI\.dotnet\tools
USERNAME=MATAHARI
OS=Windows_NT
PROCESSOR_IDENTIFIER=AMD64 Family 23 Model 24 Stepping 1, AuthenticAMD



---------------  S Y S T E M  ---------------

OS: Windows 11 , 64 bit Build 22000 (10.0.22000.708)
OS uptime: 1 days 3:15 hours
Hyper-V role detected

CPU:total 8 (initial active 8) (8 cores per cpu, 2 threads per core) family 23 model 24 stepping 1 microcode 0x0, cmov, cx8, fxsr, mmx, sse, sse2, sse3, ssse3, sse4.1, sse4.2, popcnt, avx, avx2, aes, clmul, mmxext, 3dnowpref, lzcnt, sse4a, ht, tsc, tscinvbit, tscinv, bmi1, bmi2, adx, sha, fma

Memory: 4k page, system-wide physical 6057M (94M free)
TotalPageFile size 16296M (AvailPageFile size 77M)
current process WorkingSet (physical memory assigned to process): 10M, peak: 10M
current process commit charge ("private bytes"): 59M, peak: 155M

vm_info: OpenJDK 64-Bit Server VM (11.0.13+0-b1751.21-8125866) for windows-amd64 JRE (11.0.13+0-b1751.21-8125866), built on Feb  2 2022 03:00:22 by "builder" with MS VC++ 14.0 (VS2015)

END.
