#
# There is insufficient memory for the Java Runtime Environment to continue.
# Native memory allocation (malloc) failed to allocate 3785136 bytes for Chunk::new
# Possible reasons:
#   The system is out of physical RAM or swap space
#   The process is running with CompressedOops enabled, and the Java Heap may be blocking the growth of the native heap
# Possible solutions:
#   Reduce memory load on the system
#   Increase physical memory or swap space
#   Check if swap backing store is full
#   Decrease Java heap size (-Xmx/-Xms)
#   Decrease number of Java threads
#   Decrease Java thread stack sizes (-Xss)
#   Set larger code cache with -XX:ReservedCodeCacheSize=
#   JVM is running with Unscaled Compressed Oops mode in which the Java heap is
#     placed in the first 4GB address space. The Java Heap base address is the
#     maximum limit for the native heap growth. Please use -XX:HeapBaseMinAddress
#     to set the Java Heap base and to place the Java Heap above 4GB virtual address.
# This output file may be truncated or incomplete.
#
#  Out of Memory Error (./src/hotspot/share/memory/arena.cpp:197), pid=16412, tid=8664
#
# JRE version: OpenJDK Runtime Environment (11.0.13) (build 11.0.13+0-b1751.21-8125866)
# Java VM: OpenJDK 64-Bit Server VM (11.0.13+0-b1751.21-8125866, mixed mode, tiered, compressed oops, g1 gc, windows-amd64)
# No core dump will be written. Minidumps are not enabled by default on client versions of Windows
#

---------------  S U M M A R Y ------------

Command Line: --add-opens=java.base/java.util=ALL-UNNAMED --add-opens=java.base/java.lang=ALL-UNNAMED --add-opens=java.base/java.lang.invoke=ALL-UNNAMED --add-opens=java.base/java.util=ALL-UNNAMED --add-opens=java.prefs/java.util.prefs=ALL-UNNAMED --add-opens=java.prefs/java.util.prefs=ALL-UNNAMED --add-opens=java.base/java.nio.charset=ALL-UNNAMED --add-opens=java.base/java.net=ALL-UNNAMED --add-opens=java.base/java.util.concurrent.atomic=ALL-UNNAMED -Xmx2048m -Dfile.encoding=UTF-8 -Duser.country=ID -Duser.language=en -Duser.variant org.gradle.launcher.daemon.bootstrap.GradleDaemon 7.4

Host: AMD Ryzen 5 3500U with Radeon Vega Mobile Gfx  , 8 cores, 5G,  Windows 11 , 64 bit Build 22000 (10.0.22000.708)
Time: Thu May 18 10:51:51 2023 SE Asia Standard Time elapsed time: 79.251517 seconds (0d 0h 1m 19s)

---------------  T H R E A D  ---------------

Current thread (0x0000027e55790000):  JavaThread "C2 CompilerThread0" daemon [_thread_in_native, id=8664, stack(0x0000007f12a00000,0x0000007f12b00000)]


Current CompileTask:
C2:  79251 13371       4       org.gradle.internal.service.DefaultServiceRegistry$SingletonService::get (5 bytes)

Stack: [0x0000007f12a00000,0x0000007f12b00000]
Native frames: (J=compiled Java code, j=interpreted, Vv=VM code, C=native code)
V  [jvm.dll+0x6100fa]
V  [jvm.dll+0x747090]
V  [jvm.dll+0x7486ad]
V  [jvm.dll+0x748d83]
V  [jvm.dll+0x24ab48]
V  [jvm.dll+0xc04dc]
V  [jvm.dll+0xc0a0c]
V  [jvm.dll+0x35eb9d]
V  [jvm.dll+0x19d9bc]
V  [jvm.dll+0x2033be]
V  [jvm.dll+0x202437]
V  [jvm.dll+0x188e01]
V  [jvm.dll+0x21106b]
V  [jvm.dll+0x20f8c1]
V  [jvm.dll+0x70de0f]
V  [jvm.dll+0x706a75]
V  [jvm.dll+0x60ed66]
C  [ucrtbase.dll+0x26c0c]
C  [KERNEL32.DLL+0x154e0]
C  [ntdll.dll+0x485b]


---------------  P R O C E S S  ---------------

Threads class SMR info:
_java_thread_list=0x0000027e5a694ca0, length=123, elements={
0x0000027e3b2e4000, 0x0000027e5576f800, 0x0000027e55779000, 0x0000027e5578d000,
0x0000027e5578e000, 0x0000027e5578f000, 0x0000027e55790000, 0x0000027e55793800,
0x0000027e557b1800, 0x0000027e56247800, 0x0000027e57ab4000, 0x0000027e582ff800,
0x0000027e57785800, 0x0000027e56657000, 0x0000027e582c2800, 0x0000027e571be000,
0x0000027e571c0800, 0x0000027e571c1800, 0x0000027e571c2000, 0x0000027e571bf000,
0x0000027e571bd800, 0x0000027e571bc800, 0x0000027e571c0000, 0x0000027e571c3000,
0x0000027e5868c000, 0x0000027e5868b000, 0x0000027e5868c800, 0x0000027e5868d800,
0x0000027e58691800, 0x0000027e58691000, 0x0000027e5a712000, 0x0000027e5a713800,
0x0000027e5883b800, 0x0000027e5883d000, 0x0000027e5883c000, 0x0000027e58839000,
0x0000027e58839800, 0x0000027e58837000, 0x0000027e5883d800, 0x0000027e58838000,
0x0000027e5883e800, 0x0000027e58842800, 0x0000027e58843800, 0x0000027e58842000,
0x0000027e58844800, 0x0000027e58845000, 0x0000027e58840000, 0x0000027e5883f800,
0x0000027e58841000, 0x0000027e58846000, 0x0000027e5a70a000, 0x0000027e5a706800,
0x0000027e5a709000, 0x0000027e5a70a800, 0x0000027e5a707800, 0x0000027e5a70b800,
0x0000027e5a708800, 0x0000027e5a706000, 0x0000027e5a70f800, 0x0000027e5a70e000,
0x0000027e5a710800, 0x0000027e5a70d000, 0x0000027e5a70f000, 0x0000027e5a711800,
0x0000027e5a70c800, 0x0000027e5a714800, 0x0000027e5a713000, 0x0000027e58689800,
0x0000027e5868e800, 0x0000027e5868a000, 0x0000027e58693000, 0x0000027e58695000,
0x0000027e58692800, 0x0000027e58694000, 0x0000027e58690000, 0x0000027e58698000,
0x0000027e58697800, 0x0000027e58696800, 0x0000027e58695800, 0x0000027e5a7cd800,
0x0000027e5a7d3000, 0x0000027e5a7d1800, 0x0000027e5a7d2800, 0x0000027e5a7d4000,
0x0000027e5a7ce800, 0x0000027e5a7d0800, 0x0000027e5a7cf000, 0x0000027e5a7d0000,
0x0000027e5c281000, 0x0000027e5c285800, 0x0000027e5c283800, 0x0000027e5c284800,
0x0000027e5c286000, 0x0000027e5c287000, 0x0000027e5c288000, 0x0000027e5c282000,
0x0000027e5c288800, 0x0000027e5c283000, 0x0000027e5c28f000, 0x0000027e5c28e800,
0x0000027e5c28a000, 0x0000027e5c28d800, 0x0000027e5c289800, 0x0000027e5c290000,
0x0000027e5c28c000, 0x0000027e5c28b000, 0x0000027e5c28c800, 0x0000027e5c292000,
0x0000027e5c293000, 0x0000027e5c293800, 0x0000027e5c296000, 0x0000027e5c297000,
0x0000027e5c294800, 0x0000027e5c291000, 0x0000027e5c29b000, 0x0000027e5c298000,
0x0000027e5c298800, 0x0000027e5c299800, 0x0000027e5c29a000, 0x0000027e5c295800,
0x0000027e5c29c000, 0x0000027e5c29c800, 0x0000027e5c29e800
}

Java Threads: ( => current thread )
  0x0000027e3b2e4000 JavaThread "main" [_thread_blocked, id=17960, stack(0x0000007f11e00000,0x0000007f11f00000)]
  0x0000027e5576f800 JavaThread "Reference Handler" daemon [_thread_blocked, id=11244, stack(0x0000007f12500000,0x0000007f12600000)]
  0x0000027e55779000 JavaThread "Finalizer" daemon [_thread_blocked, id=11800, stack(0x0000007f12600000,0x0000007f12700000)]
  0x0000027e5578d000 JavaThread "Signal Dispatcher" daemon [_thread_blocked, id=12852, stack(0x0000007f12700000,0x0000007f12800000)]
  0x0000027e5578e000 JavaThread "Attach Listener" daemon [_thread_blocked, id=13116, stack(0x0000007f12800000,0x0000007f12900000)]
  0x0000027e5578f000 JavaThread "Service Thread" daemon [_thread_blocked, id=13176, stack(0x0000007f12900000,0x0000007f12a00000)]
=>0x0000027e55790000 JavaThread "C2 CompilerThread0" daemon [_thread_in_native, id=8664, stack(0x0000007f12a00000,0x0000007f12b00000)]
  0x0000027e55793800 JavaThread "C1 CompilerThread0" daemon [_thread_blocked, id=7920, stack(0x0000007f12b00000,0x0000007f12c00000)]
  0x0000027e557b1800 JavaThread "Sweeper thread" daemon [_thread_blocked, id=15984, stack(0x0000007f12c00000,0x0000007f12d00000)]
  0x0000027e56247800 JavaThread "Common-Cleaner" daemon [_thread_blocked, id=8344, stack(0x0000007f12d00000,0x0000007f12e00000)]
  0x0000027e57ab4000 JavaThread "Daemon health stats" [_thread_blocked, id=11292, stack(0x0000007f13000000,0x0000007f13100000)]
  0x0000027e582ff800 JavaThread "Incoming local TCP Connector on port 51537" [_thread_in_native, id=12648, stack(0x0000007f13100000,0x0000007f13200000)]
  0x0000027e57785800 JavaThread "Daemon periodic checks" [_thread_blocked, id=17860, stack(0x0000007f13200000,0x0000007f13300000)]
  0x0000027e56657000 JavaThread "Daemon" [_thread_blocked, id=1628, stack(0x0000007f13300000,0x0000007f13400000)]
  0x0000027e582c2800 JavaThread "Daemon worker" [_thread_in_vm, id=12076, stack(0x0000007f13600000,0x0000007f13700000)]
  0x0000027e571be000 JavaThread "Cache worker for journal cache (C:\Users\MATAHARI\.gradle\caches\journal-1)" [_thread_blocked, id=18208, stack(0x0000007f13a00000,0x0000007f13b00000)]
  0x0000027e571c0800 JavaThread "File lock request listener" [_thread_in_native, id=6252, stack(0x0000007f13b00000,0x0000007f13c00000)]
  0x0000027e571c1800 JavaThread "Cache worker for file hash cache (C:\Users\MATAHARI\.gradle\caches\7.4\fileHashes)" [_thread_blocked, id=3132, stack(0x0000007f14300000,0x0000007f14400000)]
  0x0000027e571c2000 JavaThread "File watcher server" daemon [_thread_in_native, id=15216, stack(0x0000007f14400000,0x0000007f14500000)]
  0x0000027e571bf000 JavaThread "File watcher consumer" daemon [_thread_blocked, id=7612, stack(0x0000007f14500000,0x0000007f14600000)]
  0x0000027e571bd800 JavaThread "jar transforms" [_thread_blocked, id=18152, stack(0x0000007f14600000,0x0000007f14700000)]
  0x0000027e571bc800 JavaThread "jar transforms Thread 2" [_thread_blocked, id=18620, stack(0x0000007f14700000,0x0000007f14800000)]
  0x0000027e571c0000 JavaThread "jar transforms Thread 3" [_thread_blocked, id=17892, stack(0x0000007f14800000,0x0000007f14900000)]
  0x0000027e571c3000 JavaThread "jar transforms Thread 4" [_thread_blocked, id=1868, stack(0x0000007f14900000,0x0000007f14a00000)]
  0x0000027e5868c000 JavaThread "jar transforms Thread 5" [_thread_blocked, id=18532, stack(0x0000007f14a00000,0x0000007f14b00000)]
  0x0000027e5868b000 JavaThread "jar transforms Thread 6" [_thread_blocked, id=18184, stack(0x0000007f14b00000,0x0000007f14c00000)]
  0x0000027e5868c800 JavaThread "jar transforms Thread 7" [_thread_blocked, id=8360, stack(0x0000007f14c00000,0x0000007f14d00000)]
  0x0000027e5868d800 JavaThread "jar transforms Thread 8" [_thread_blocked, id=6324, stack(0x0000007f14d00000,0x0000007f14e00000)]
  0x0000027e58691800 JavaThread "Cache worker for execution history cache (C:\Users\MATAHARI\.gradle\caches\7.4\executionHistory)" [_thread_blocked, id=18188, stack(0x0000007f15200000,0x0000007f15300000)]
  0x0000027e58691000 JavaThread "Cache worker for file content cache (C:\Users\MATAHARI\.gradle\caches\7.4\fileContent)" [_thread_blocked, id=18064, stack(0x0000007f15300000,0x0000007f15400000)]
  0x0000027e5a712000 JavaThread "Memory manager" [_thread_blocked, id=9272, stack(0x0000007f1a600000,0x0000007f1a700000)]
  0x0000027e5a713800 JavaThread "included builds" [_thread_blocked, id=10992, stack(0x0000007f1a900000,0x0000007f1aa00000)]
  0x0000027e5883b800 JavaThread "Handler for socket connection from /127.0.0.1:51537 to /127.0.0.1:51558" [_thread_in_native, id=2680, stack(0x0000007f11b00000,0x0000007f11c00000)]
  0x0000027e5883d000 JavaThread "Cancel handler" [_thread_blocked, id=12088, stack(0x0000007f11c00000,0x0000007f11d00000)]
  0x0000027e5883c000 JavaThread "Asynchronous log dispatcher for DefaultDaemonConnection: socket connection from /127.0.0.1:51537 to /127.0.0.1:51558" [_thread_blocked, id=16164, stack(0x0000007f11d00000,0x0000007f11e00000)]
  0x0000027e58839000 JavaThread "Stdin handler" [_thread_blocked, id=13592, stack(0x0000007f13400000,0x0000007f13500000)]
  0x0000027e58839800 JavaThread "Daemon client event forwarder" [_thread_blocked, id=18808, stack(0x0000007f13500000,0x0000007f13600000)]
  0x0000027e58837000 JavaThread "Cache worker for checksums cache (E:\AndroidStudio\mobile_gofit\.gradle\7.4\checksums)" [_thread_blocked, id=7384, stack(0x0000007f13700000,0x0000007f13800000)]
  0x0000027e5883d800 JavaThread "Cache worker for cache directory md-rule (C:\Users\MATAHARI\.gradle\caches\7.4\md-rule)" [_thread_blocked, id=13092, stack(0x0000007f13800000,0x0000007f13900000)]
  0x0000027e58838000 JavaThread "Cache worker for file hash cache (E:\AndroidStudio\mobile_gofit\.gradle\7.4\fileHashes)" [_thread_blocked, id=9720, stack(0x0000007f13900000,0x0000007f13a00000)]
  0x0000027e5883e800 JavaThread "Cache worker for cache directory md-supplier (C:\Users\MATAHARI\.gradle\caches\7.4\md-supplier)" [_thread_blocked, id=13948, stack(0x0000007f14e00000,0x0000007f14f00000)]
  0x0000027e58842800 JavaThread "Cache worker for dependencies-accessors (E:\AndroidStudio\mobile_gofit\.gradle\7.4\dependencies-accessors)" [_thread_blocked, id=19188, stack(0x0000007f14f00000,0x0000007f15000000)]
  0x0000027e58843800 JavaThread "Cache worker for Build Output Cleanup Cache (E:\AndroidStudio\mobile_gofit\.gradle\buildOutputCleanup)" [_thread_blocked, id=18232, stack(0x0000007f15000000,0x0000007f15100000)]
  0x0000027e58842000 JavaThread "Unconstrained build operations" [_thread_blocked, id=19368, stack(0x0000007f15100000,0x0000007f15200000)]
  0x0000027e58844800 JavaThread "Unconstrained build operations Thread 2" [_thread_blocked, id=12844, stack(0x0000007f15400000,0x0000007f15500000)]
  0x0000027e58845000 JavaThread "Unconstrained build operations Thread 3" [_thread_blocked, id=17704, stack(0x0000007f15500000,0x0000007f15600000)]
  0x0000027e58840000 JavaThread "Unconstrained build operations Thread 4" [_thread_blocked, id=18296, stack(0x0000007f15600000,0x0000007f15700000)]
  0x0000027e5883f800 JavaThread "Unconstrained build operations Thread 5" [_thread_blocked, id=13764, stack(0x0000007f15700000,0x0000007f15800000)]
  0x0000027e58841000 JavaThread "Unconstrained build operations Thread 6" [_thread_blocked, id=12784, stack(0x0000007f15800000,0x0000007f15900000)]
  0x0000027e58846000 JavaThread "Unconstrained build operations Thread 7" [_thread_blocked, id=13196, stack(0x0000007f15900000,0x0000007f15a00000)]
  0x0000027e5a70a000 JavaThread "Unconstrained build operations Thread 8" [_thread_blocked, id=8660, stack(0x0000007f15a00000,0x0000007f15b00000)]
  0x0000027e5a706800 JavaThread "Unconstrained build operations Thread 9" [_thread_blocked, id=17428, stack(0x0000007f15b00000,0x0000007f15c00000)]
  0x0000027e5a709000 JavaThread "Unconstrained build operations Thread 10" [_thread_blocked, id=5468, stack(0x0000007f15c00000,0x0000007f15d00000)]
  0x0000027e5a70a800 JavaThread "Unconstrained build operations Thread 11" [_thread_blocked, id=17100, stack(0x0000007f15d00000,0x0000007f15e00000)]
  0x0000027e5a707800 JavaThread "Unconstrained build operations Thread 12" [_thread_blocked, id=6916, stack(0x0000007f15e00000,0x0000007f15f00000)]
  0x0000027e5a70b800 JavaThread "Unconstrained build operations Thread 13" [_thread_blocked, id=5760, stack(0x0000007f15f00000,0x0000007f16000000)]
  0x0000027e5a708800 JavaThread "Unconstrained build operations Thread 14" [_thread_blocked, id=18032, stack(0x0000007f16000000,0x0000007f16100000)]
  0x0000027e5a706000 JavaThread "Unconstrained build operations Thread 15" [_thread_blocked, id=12720, stack(0x0000007f16100000,0x0000007f16200000)]
  0x0000027e5a70f800 JavaThread "Unconstrained build operations Thread 16" [_thread_blocked, id=1740, stack(0x0000007f16200000,0x0000007f16300000)]
  0x0000027e5a70e000 JavaThread "Unconstrained build operations Thread 17" [_thread_blocked, id=18664, stack(0x0000007f16300000,0x0000007f16400000)]
  0x0000027e5a710800 JavaThread "Unconstrained build operations Thread 18" [_thread_blocked, id=4584, stack(0x0000007f16400000,0x0000007f16500000)]
  0x0000027e5a70d000 JavaThread "Unconstrained build operations Thread 19" [_thread_blocked, id=18132, stack(0x0000007f16500000,0x0000007f16600000)]
  0x0000027e5a70f000 JavaThread "Unconstrained build operations Thread 20" [_thread_blocked, id=10076, stack(0x0000007f16600000,0x0000007f16700000)]
  0x0000027e5a711800 JavaThread "Unconstrained build operations Thread 21" [_thread_blocked, id=5900, stack(0x0000007f16700000,0x0000007f16800000)]
  0x0000027e5a70c800 JavaThread "Unconstrained build operations Thread 22" [_thread_blocked, id=8184, stack(0x0000007f16800000,0x0000007f16900000)]
  0x0000027e5a714800 JavaThread "Unconstrained build operations Thread 23" [_thread_blocked, id=616, stack(0x0000007f16900000,0x0000007f16a00000)]
  0x0000027e5a713000 JavaThread "Unconstrained build operations Thread 24" [_thread_blocked, id=5516, stack(0x0000007f16a00000,0x0000007f16b00000)]
  0x0000027e58689800 JavaThread "Unconstrained build operations Thread 25" [_thread_blocked, id=5788, stack(0x0000007f16b00000,0x0000007f16c00000)]
  0x0000027e5868e800 JavaThread "Unconstrained build operations Thread 26" [_thread_blocked, id=13836, stack(0x0000007f16c00000,0x0000007f16d00000)]
  0x0000027e5868a000 JavaThread "Unconstrained build operations Thread 27" [_thread_blocked, id=2916, stack(0x0000007f16d00000,0x0000007f16e00000)]
  0x0000027e58693000 JavaThread "Unconstrained build operations Thread 28" [_thread_blocked, id=11628, stack(0x0000007f16e00000,0x0000007f16f00000)]
  0x0000027e58695000 JavaThread "Unconstrained build operations Thread 29" [_thread_blocked, id=10948, stack(0x0000007f16f00000,0x0000007f17000000)]
  0x0000027e58692800 JavaThread "Unconstrained build operations Thread 30" [_thread_blocked, id=11156, stack(0x0000007f17000000,0x0000007f17100000)]
  0x0000027e58694000 JavaThread "Unconstrained build operations Thread 31" [_thread_blocked, id=2540, stack(0x0000007f17100000,0x0000007f17200000)]
  0x0000027e58690000 JavaThread "Unconstrained build operations Thread 32" [_thread_blocked, id=3948, stack(0x0000007f17200000,0x0000007f17300000)]
  0x0000027e58698000 JavaThread "Unconstrained build operations Thread 33" [_thread_blocked, id=2204, stack(0x0000007f17300000,0x0000007f17400000)]
  0x0000027e58697800 JavaThread "Unconstrained build operations Thread 34" [_thread_blocked, id=5356, stack(0x0000007f17400000,0x0000007f17500000)]
  0x0000027e58696800 JavaThread "Unconstrained build operations Thread 35" [_thread_blocked, id=14612, stack(0x0000007f17500000,0x0000007f17600000)]
  0x0000027e58695800 JavaThread "Unconstrained build operations Thread 36" [_thread_blocked, id=12220, stack(0x0000007f17600000,0x0000007f17700000)]
  0x0000027e5a7cd800 JavaThread "Unconstrained build operations Thread 37" [_thread_blocked, id=13584, stack(0x0000007f17700000,0x0000007f17800000)]
  0x0000027e5a7d3000 JavaThread "Unconstrained build operations Thread 38" [_thread_blocked, id=5132, stack(0x0000007f17800000,0x0000007f17900000)]
  0x0000027e5a7d1800 JavaThread "Unconstrained build operations Thread 39" [_thread_blocked, id=17908, stack(0x0000007f17900000,0x0000007f17a00000)]
  0x0000027e5a7d2800 JavaThread "Unconstrained build operations Thread 40" [_thread_blocked, id=7928, stack(0x0000007f17a00000,0x0000007f17b00000)]
  0x0000027e5a7d4000 JavaThread "Unconstrained build operations Thread 41" [_thread_blocked, id=7720, stack(0x0000007f17b00000,0x0000007f17c00000)]
  0x0000027e5a7ce800 JavaThread "Unconstrained build operations Thread 42" [_thread_blocked, id=8684, stack(0x0000007f17c00000,0x0000007f17d00000)]
  0x0000027e5a7d0800 JavaThread "Unconstrained build operations Thread 43" [_thread_blocked, id=13960, stack(0x0000007f17d00000,0x0000007f17e00000)]
  0x0000027e5a7cf000 JavaThread "Unconstrained build operations Thread 44" [_thread_blocked, id=9628, stack(0x0000007f17e00000,0x0000007f17f00000)]
  0x0000027e5a7d0000 JavaThread "Unconstrained build operations Thread 45" [_thread_blocked, id=14704, stack(0x0000007f17f00000,0x0000007f18000000)]
  0x0000027e5c281000 JavaThread "Unconstrained build operations Thread 46" [_thread_blocked, id=18880, stack(0x0000007f18000000,0x0000007f18100000)]
  0x0000027e5c285800 JavaThread "Unconstrained build operations Thread 47" [_thread_blocked, id=18216, stack(0x0000007f18100000,0x0000007f18200000)]
  0x0000027e5c283800 JavaThread "Unconstrained build operations Thread 48" [_thread_blocked, id=17636, stack(0x0000007f18200000,0x0000007f18300000)]
  0x0000027e5c284800 JavaThread "Unconstrained build operations Thread 49" [_thread_blocked, id=14496, stack(0x0000007f18300000,0x0000007f18400000)]
  0x0000027e5c286000 JavaThread "Unconstrained build operations Thread 50" [_thread_blocked, id=11540, stack(0x0000007f18400000,0x0000007f18500000)]
  0x0000027e5c287000 JavaThread "Unconstrained build operations Thread 51" [_thread_blocked, id=5856, stack(0x0000007f18500000,0x0000007f18600000)]
  0x0000027e5c288000 JavaThread "Unconstrained build operations Thread 52" [_thread_blocked, id=6208, stack(0x0000007f18600000,0x0000007f18700000)]
  0x0000027e5c282000 JavaThread "Unconstrained build operations Thread 53" [_thread_blocked, id=19108, stack(0x0000007f18700000,0x0000007f18800000)]
  0x0000027e5c288800 JavaThread "Unconstrained build operations Thread 54" [_thread_blocked, id=5004, stack(0x0000007f18800000,0x0000007f18900000)]
  0x0000027e5c283000 JavaThread "Unconstrained build operations Thread 55" [_thread_blocked, id=15204, stack(0x0000007f18900000,0x0000007f18a00000)]
  0x0000027e5c28f000 JavaThread "Unconstrained build operations Thread 56" [_thread_blocked, id=17684, stack(0x0000007f18a00000,0x0000007f18b00000)]
  0x0000027e5c28e800 JavaThread "Unconstrained build operations Thread 57" [_thread_blocked, id=8172, stack(0x0000007f18b00000,0x0000007f18c00000)]
  0x0000027e5c28a000 JavaThread "Unconstrained build operations Thread 58" [_thread_blocked, id=14984, stack(0x0000007f18c00000,0x0000007f18d00000)]
  0x0000027e5c28d800 JavaThread "Unconstrained build operations Thread 59" [_thread_blocked, id=4208, stack(0x0000007f18d00000,0x0000007f18e00000)]
  0x0000027e5c289800 JavaThread "Unconstrained build operations Thread 60" [_thread_blocked, id=14908, stack(0x0000007f18e00000,0x0000007f18f00000)]
  0x0000027e5c290000 JavaThread "Unconstrained build operations Thread 61" [_thread_blocked, id=18196, stack(0x0000007f18f00000,0x0000007f19000000)]
  0x0000027e5c28c000 JavaThread "Unconstrained build operations Thread 62" [_thread_blocked, id=11760, stack(0x0000007f19000000,0x0000007f19100000)]
  0x0000027e5c28b000 JavaThread "Unconstrained build operations Thread 63" [_thread_blocked, id=11344, stack(0x0000007f19100000,0x0000007f19200000)]
  0x0000027e5c28c800 JavaThread "Unconstrained build operations Thread 64" [_thread_blocked, id=15512, stack(0x0000007f19200000,0x0000007f19300000)]
  0x0000027e5c292000 JavaThread "Unconstrained build operations Thread 65" [_thread_blocked, id=10144, stack(0x0000007f19300000,0x0000007f19400000)]
  0x0000027e5c293000 JavaThread "Unconstrained build operations Thread 66" [_thread_blocked, id=17604, stack(0x0000007f19400000,0x0000007f19500000)]
  0x0000027e5c293800 JavaThread "Unconstrained build operations Thread 67" [_thread_blocked, id=16852, stack(0x0000007f19500000,0x0000007f19600000)]
  0x0000027e5c296000 JavaThread "Unconstrained build operations Thread 68" [_thread_blocked, id=15144, stack(0x0000007f19600000,0x0000007f19700000)]
  0x0000027e5c297000 JavaThread "Unconstrained build operations Thread 69" [_thread_blocked, id=19008, stack(0x0000007f19700000,0x0000007f19800000)]
  0x0000027e5c294800 JavaThread "Unconstrained build operations Thread 70" [_thread_blocked, id=14548, stack(0x0000007f19800000,0x0000007f19900000)]
  0x0000027e5c291000 JavaThread "Unconstrained build operations Thread 71" [_thread_blocked, id=12016, stack(0x0000007f19900000,0x0000007f19a00000)]
  0x0000027e5c29b000 JavaThread "Unconstrained build operations Thread 72" [_thread_blocked, id=18380, stack(0x0000007f19a00000,0x0000007f19b00000)]
  0x0000027e5c298000 JavaThread "Unconstrained build operations Thread 73" [_thread_blocked, id=5076, stack(0x0000007f19b00000,0x0000007f19c00000)]
  0x0000027e5c298800 JavaThread "Unconstrained build operations Thread 74" [_thread_blocked, id=8628, stack(0x0000007f19c00000,0x0000007f19d00000)]
  0x0000027e5c299800 JavaThread "Unconstrained build operations Thread 75" [_thread_blocked, id=17876, stack(0x0000007f19d00000,0x0000007f19e00000)]
  0x0000027e5c29a000 JavaThread "Unconstrained build operations Thread 76" [_thread_blocked, id=6596, stack(0x0000007f19e00000,0x0000007f19f00000)]
  0x0000027e5c295800 JavaThread "Unconstrained build operations Thread 77" [_thread_blocked, id=11948, stack(0x0000007f19f00000,0x0000007f1a000000)]
  0x0000027e5c29c000 JavaThread "Unconstrained build operations Thread 78" [_thread_blocked, id=15712, stack(0x0000007f1a000000,0x0000007f1a100000)]
  0x0000027e5c29c800 JavaThread "Unconstrained build operations Thread 79" [_thread_blocked, id=9028, stack(0x0000007f1a100000,0x0000007f1a200000)]
  0x0000027e5c29e800 JavaThread "Unconstrained build operations Thread 80" [_thread_blocked, id=11316, stack(0x0000007f1a200000,0x0000007f1a300000)]

Other Threads:
  0x0000027e5576b800 VMThread "VM Thread" [stack: 0x0000007f12400000,0x0000007f12500000] [id=7696]
  0x0000027e5626f000 WatcherThread [stack: 0x0000007f12e00000,0x0000007f12f00000] [id=8336]
  0x0000027e3b2f8800 GCTaskThread "GC Thread#0" [stack: 0x0000007f11f00000,0x0000007f12000000] [id=9728]
  0x0000027e56b26000 GCTaskThread "GC Thread#1" [stack: 0x0000007f12f00000,0x0000007f13000000] [id=17568]
  0x0000027e56fe8000 GCTaskThread "GC Thread#2" [stack: 0x0000007f13c00000,0x0000007f13d00000] [id=8496]
  0x0000027e56fe9000 GCTaskThread "GC Thread#3" [stack: 0x0000007f13d00000,0x0000007f13e00000] [id=11392]
  0x0000027e5727c800 GCTaskThread "GC Thread#4" [stack: 0x0000007f13e00000,0x0000007f13f00000] [id=9896]
  0x0000027e56be8000 GCTaskThread "GC Thread#5" [stack: 0x0000007f13f00000,0x0000007f14000000] [id=17880]
  0x0000027e56be8800 GCTaskThread "GC Thread#6" [stack: 0x0000007f14000000,0x0000007f14100000] [id=5840]
  0x0000027e56be9000 GCTaskThread "GC Thread#7" [stack: 0x0000007f14100000,0x0000007f14200000] [id=4604]
  0x0000027e3b329800 ConcurrentGCThread "G1 Main Marker" [stack: 0x0000007f12000000,0x0000007f12100000] [id=8340]
  0x0000027e3b32b800 ConcurrentGCThread "G1 Conc#0" [stack: 0x0000007f12100000,0x0000007f12200000] [id=15584]
  0x0000027e564fb800 ConcurrentGCThread "G1 Conc#1" [stack: 0x0000007f14200000,0x0000007f14300000] [id=5508]
  0x0000027e3b3b3800 ConcurrentGCThread "G1 Refine#0" [stack: 0x0000007f12200000,0x0000007f12300000] [id=4332]
  0x0000027e3b3b7800 ConcurrentGCThread "G1 Young RemSet Sampling" [stack: 0x0000007f12300000,0x0000007f12400000] [id=9532]

Threads with active compile tasks:
C2 CompilerThread0  79320 13371       4       org.gradle.internal.service.DefaultServiceRegistry$SingletonService::get (5 bytes)
C1 CompilerThread0  79320 14190       2       org.gradle.api.internal.project.DefaultProject_Decorated::getLayout (32 bytes)

VM state:not at safepoint (normal execution)

VM Mutex/Monitor currently owned by a thread: None

Heap address: 0x0000000080000000, size: 2048 MB, Compressed Oops mode: 32-bit
Narrow klass base: 0x0000000000000000, Narrow klass shift: 3
Compressed class space size: 1073741824 Address: 0x0000000100000000

Heap:
 garbage-first heap   total 258048K, used 186475K [0x0000000080000000, 0x0000000100000000)
  region size 1024K, 22 young (22528K), 6 survivors (6144K)
 Metaspace       used 112418K, capacity 115321K, committed 115376K, reserved 1148928K
  class space    used 14298K, capacity 15312K, committed 15360K, reserved 1048576K
Heap Regions: E=young(eden), S=young(survivor), O=old, HS=humongous(starts), HC=humongous(continues), CS=collection set, F=free, A=archive, TAMS=top-at-mark-start (previous, next)
|   0|0x0000000080000000, 0x0000000080100000, 0x0000000080100000|100%| O|  |TAMS 0x0000000080100000, 0x0000000080000000| Untracked 
|   1|0x0000000080100000, 0x0000000080200000, 0x0000000080200000|100%| O|  |TAMS 0x0000000080200000, 0x0000000080100000| Untracked 
|   2|0x0000000080200000, 0x0000000080300000, 0x0000000080300000|100%| O|  |TAMS 0x0000000080300000, 0x0000000080200000| Untracked 
|   3|0x0000000080300000, 0x0000000080400000, 0x0000000080400000|100%|HS|  |TAMS 0x0000000080400000, 0x0000000080300000| Complete 
|   4|0x0000000080400000, 0x0000000080500000, 0x0000000080500000|100%|HC|  |TAMS 0x0000000080500000, 0x0000000080400000| Complete 
|   5|0x0000000080500000, 0x0000000080600000, 0x0000000080600000|100%|HC|  |TAMS 0x0000000080600000, 0x0000000080500000| Complete 
|   6|0x0000000080600000, 0x0000000080700000, 0x0000000080700000|100%| O|  |TAMS 0x0000000080700000, 0x0000000080600000| Untracked 
|   7|0x0000000080700000, 0x0000000080800000, 0x0000000080800000|100%| O|  |TAMS 0x0000000080800000, 0x0000000080700000| Untracked 
|   8|0x0000000080800000, 0x0000000080900000, 0x0000000080900000|100%| O|  |TAMS 0x0000000080900000, 0x0000000080800000| Untracked 
|   9|0x0000000080900000, 0x0000000080a00000, 0x0000000080a00000|100%| O|  |TAMS 0x0000000080a00000, 0x0000000080900000| Untracked 
|  10|0x0000000080a00000, 0x0000000080b00000, 0x0000000080b00000|100%| O|  |TAMS 0x0000000080b00000, 0x0000000080a00000| Untracked 
|  11|0x0000000080b00000, 0x0000000080c00000, 0x0000000080c00000|100%| O|  |TAMS 0x0000000080c00000, 0x0000000080b00000| Untracked 
|  12|0x0000000080c00000, 0x0000000080d00000, 0x0000000080d00000|100%| O|  |TAMS 0x0000000080d00000, 0x0000000080c00000| Untracked 
|  13|0x0000000080d00000, 0x0000000080e00000, 0x0000000080e00000|100%| O|  |TAMS 0x0000000080e00000, 0x0000000080d00000| Untracked 
|  14|0x0000000080e00000, 0x0000000080f00000, 0x0000000080f00000|100%| O|  |TAMS 0x0000000080f00000, 0x0000000080e00000| Untracked 
|  15|0x0000000080f00000, 0x0000000081000000, 0x0000000081000000|100%|HS|  |TAMS 0x0000000081000000, 0x0000000080f00000| Complete 
|  16|0x0000000081000000, 0x0000000081100000, 0x0000000081100000|100%|HC|  |TAMS 0x0000000081100000, 0x0000000081000000| Complete 
|  17|0x0000000081100000, 0x0000000081200000, 0x0000000081200000|100%|HS|  |TAMS 0x0000000081200000, 0x0000000081100000| Complete 
|  18|0x0000000081200000, 0x0000000081300000, 0x0000000081300000|100%|HC|  |TAMS 0x0000000081300000, 0x0000000081200000| Complete 
|  19|0x0000000081300000, 0x0000000081400000, 0x0000000081400000|100%|HC|  |TAMS 0x0000000081400000, 0x0000000081300000| Complete 
|  20|0x0000000081400000, 0x0000000081500000, 0x0000000081500000|100%|HS|  |TAMS 0x0000000081500000, 0x0000000081400000| Complete 
|  21|0x0000000081500000, 0x0000000081600000, 0x0000000081600000|100%|HC|  |TAMS 0x0000000081600000, 0x0000000081500000| Complete 
|  22|0x0000000081600000, 0x0000000081700000, 0x0000000081700000|100%|HC|  |TAMS 0x0000000081700000, 0x0000000081600000| Complete 
|  23|0x0000000081700000, 0x0000000081800000, 0x0000000081800000|100%|HC|  |TAMS 0x0000000081800000, 0x0000000081700000| Complete 
|  24|0x0000000081800000, 0x0000000081900000, 0x0000000081900000|100%|HC|  |TAMS 0x0000000081900000, 0x0000000081800000| Complete 
|  25|0x0000000081900000, 0x0000000081a00000, 0x0000000081a00000|100%|HS|  |TAMS 0x0000000081a00000, 0x0000000081900000| Complete 
|  26|0x0000000081a00000, 0x0000000081b00000, 0x0000000081b00000|100%|HC|  |TAMS 0x0000000081b00000, 0x0000000081a00000| Complete 
|  27|0x0000000081b00000, 0x0000000081c00000, 0x0000000081c00000|100%|HC|  |TAMS 0x0000000081c00000, 0x0000000081b00000| Complete 
|  28|0x0000000081c00000, 0x0000000081d00000, 0x0000000081d00000|100%|HS|  |TAMS 0x0000000081d00000, 0x0000000081c00000| Complete 
|  29|0x0000000081d00000, 0x0000000081e00000, 0x0000000081e00000|100%|HS|  |TAMS 0x0000000081e00000, 0x0000000081d00000| Complete 
|  30|0x0000000081e00000, 0x0000000081f00000, 0x0000000081f00000|100%|HC|  |TAMS 0x0000000081f00000, 0x0000000081e00000| Complete 
|  31|0x0000000081f00000, 0x0000000082000000, 0x0000000082000000|100%|HC|  |TAMS 0x0000000082000000, 0x0000000081f00000| Complete 
|  32|0x0000000082000000, 0x0000000082100000, 0x0000000082100000|100%|HC|  |TAMS 0x0000000082100000, 0x0000000082000000| Complete 
|  33|0x0000000082100000, 0x0000000082200000, 0x0000000082200000|100%| O|  |TAMS 0x0000000082200000, 0x0000000082100000| Untracked 
|  34|0x0000000082200000, 0x0000000082300000, 0x0000000082300000|100%| O|  |TAMS 0x0000000082300000, 0x0000000082200000| Untracked 
|  35|0x0000000082300000, 0x0000000082400000, 0x0000000082400000|100%| O|  |TAMS 0x0000000082400000, 0x0000000082300000| Untracked 
|  36|0x0000000082400000, 0x0000000082500000, 0x0000000082500000|100%| O|  |TAMS 0x0000000082500000, 0x0000000082400000| Untracked 
|  37|0x0000000082500000, 0x0000000082600000, 0x0000000082600000|100%| O|  |TAMS 0x0000000082600000, 0x0000000082500000| Untracked 
|  38|0x0000000082600000, 0x0000000082700000, 0x0000000082700000|100%| O|  |TAMS 0x0000000082700000, 0x0000000082600000| Untracked 
|  39|0x0000000082700000, 0x0000000082800000, 0x0000000082800000|100%| O|  |TAMS 0x0000000082800000, 0x0000000082700000| Untracked 
|  40|0x0000000082800000, 0x0000000082900000, 0x0000000082900000|100%| O|  |TAMS 0x0000000082900000, 0x0000000082800000| Untracked 
|  41|0x0000000082900000, 0x0000000082a00000, 0x0000000082a00000|100%| O|  |TAMS 0x0000000082a00000, 0x0000000082900000| Untracked 
|  42|0x0000000082a00000, 0x0000000082b00000, 0x0000000082b00000|100%| O|  |TAMS 0x0000000082b00000, 0x0000000082a00000| Untracked 
|  43|0x0000000082b00000, 0x0000000082c00000, 0x0000000082c00000|100%| O|  |TAMS 0x0000000082c00000, 0x0000000082b00000| Untracked 
|  44|0x0000000082c00000, 0x0000000082d00000, 0x0000000082d00000|100%| O|  |TAMS 0x0000000082d00000, 0x0000000082c00000| Untracked 
|  45|0x0000000082d00000, 0x0000000082e00000, 0x0000000082e00000|100%| O|  |TAMS 0x0000000082e00000, 0x0000000082d00000| Untracked 
|  46|0x0000000082e00000, 0x0000000082f00000, 0x0000000082f00000|100%| O|  |TAMS 0x0000000082f00000, 0x0000000082e00000| Untracked 
|  47|0x0000000082f00000, 0x0000000083000000, 0x0000000083000000|100%| O|  |TAMS 0x0000000083000000, 0x0000000082f00000| Untracked 
|  48|0x0000000083000000, 0x0000000083100000, 0x0000000083100000|100%| O|  |TAMS 0x0000000083100000, 0x0000000083000000| Untracked 
|  49|0x0000000083100000, 0x0000000083200000, 0x0000000083200000|100%| O|  |TAMS 0x0000000083200000, 0x0000000083100000| Untracked 
|  50|0x0000000083200000, 0x0000000083300000, 0x0000000083300000|100%| O|  |TAMS 0x0000000083300000, 0x0000000083200000| Untracked 
|  51|0x0000000083300000, 0x0000000083400000, 0x0000000083400000|100%|HS|  |TAMS 0x0000000083400000, 0x0000000083300000| Complete 
|  52|0x0000000083400000, 0x0000000083500000, 0x0000000083500000|100%|HC|  |TAMS 0x0000000083500000, 0x0000000083400000| Complete 
|  53|0x0000000083500000, 0x0000000083600000, 0x0000000083600000|100%|HC|  |TAMS 0x0000000083600000, 0x0000000083500000| Complete 
|  54|0x0000000083600000, 0x0000000083700000, 0x0000000083700000|100%|HS|  |TAMS 0x0000000083700000, 0x0000000083600000| Complete 
|  55|0x0000000083700000, 0x0000000083800000, 0x0000000083800000|100%|HC|  |TAMS 0x0000000083800000, 0x0000000083700000| Complete 
|  56|0x0000000083800000, 0x0000000083900000, 0x0000000083900000|100%|HS|  |TAMS 0x0000000083900000, 0x0000000083800000| Complete 
|  57|0x0000000083900000, 0x0000000083a00000, 0x0000000083a00000|100%|HC|  |TAMS 0x0000000083a00000, 0x0000000083900000| Complete 
|  58|0x0000000083a00000, 0x0000000083b00000, 0x0000000083b00000|100%|HC|  |TAMS 0x0000000083b00000, 0x0000000083a00000| Complete 
|  59|0x0000000083b00000, 0x0000000083c00000, 0x0000000083c00000|100%|HS|  |TAMS 0x0000000083c00000, 0x0000000083b00000| Complete 
|  60|0x0000000083c00000, 0x0000000083d00000, 0x0000000083d00000|100%|HC|  |TAMS 0x0000000083d00000, 0x0000000083c00000| Complete 
|  61|0x0000000083d00000, 0x0000000083e00000, 0x0000000083e00000|100%|HC|  |TAMS 0x0000000083e00000, 0x0000000083d00000| Complete 
|  62|0x0000000083e00000, 0x0000000083f00000, 0x0000000083f00000|100%|HC|  |TAMS 0x0000000083f00000, 0x0000000083e00000| Complete 
|  63|0x0000000083f00000, 0x0000000084000000, 0x0000000084000000|100%| O|  |TAMS 0x0000000084000000, 0x0000000083f00000| Untracked 
|  64|0x0000000084000000, 0x0000000084100000, 0x0000000084100000|100%| O|  |TAMS 0x0000000084100000, 0x0000000084000000| Untracked 
|  65|0x0000000084100000, 0x0000000084200000, 0x0000000084200000|100%| O|  |TAMS 0x0000000084200000, 0x0000000084100000| Untracked 
|  66|0x0000000084200000, 0x0000000084300000, 0x0000000084300000|100%| O|  |TAMS 0x0000000084300000, 0x0000000084200000| Untracked 
|  67|0x0000000084300000, 0x0000000084400000, 0x0000000084400000|100%| O|  |TAMS 0x0000000084400000, 0x0000000084300000| Untracked 
|  68|0x0000000084400000, 0x0000000084500000, 0x0000000084500000|100%| O|  |TAMS 0x0000000084500000, 0x0000000084400000| Untracked 
|  69|0x0000000084500000, 0x0000000084600000, 0x0000000084600000|100%|HS|  |TAMS 0x0000000084600000, 0x0000000084500000| Complete 
|  70|0x0000000084600000, 0x0000000084700000, 0x0000000084700000|100%|HC|  |TAMS 0x0000000084700000, 0x0000000084600000| Complete 
|  71|0x0000000084700000, 0x0000000084800000, 0x0000000084800000|100%|HC|  |TAMS 0x0000000084800000, 0x0000000084700000| Complete 
|  72|0x0000000084800000, 0x0000000084900000, 0x0000000084900000|100%|HC|  |TAMS 0x0000000084900000, 0x0000000084800000| Complete 
|  73|0x0000000084900000, 0x0000000084a00000, 0x0000000084a00000|100%|HC|  |TAMS 0x0000000084a00000, 0x0000000084900000| Complete 
|  74|0x0000000084a00000, 0x0000000084b00000, 0x0000000084b00000|100%| O|  |TAMS 0x0000000084b00000, 0x0000000084a00000| Untracked 
|  75|0x0000000084b00000, 0x0000000084c00000, 0x0000000084c00000|100%| O|  |TAMS 0x0000000084c00000, 0x0000000084b00000| Untracked 
|  76|0x0000000084c00000, 0x0000000084d00000, 0x0000000084d00000|100%| O|  |TAMS 0x0000000084d00000, 0x0000000084c00000| Untracked 
|  77|0x0000000084d00000, 0x0000000084e00000, 0x0000000084e00000|100%| O|  |TAMS 0x0000000084e00000, 0x0000000084d00000| Untracked 
|  78|0x0000000084e00000, 0x0000000084f00000, 0x0000000084f00000|100%| O|  |TAMS 0x0000000084f00000, 0x0000000084e00000| Untracked 
|  79|0x0000000084f00000, 0x0000000085000000, 0x0000000085000000|100%|HS|  |TAMS 0x0000000085000000, 0x0000000084f00000| Complete 
|  80|0x0000000085000000, 0x0000000085100000, 0x0000000085100000|100%|HS|  |TAMS 0x0000000085100000, 0x0000000085000000| Complete 
|  81|0x0000000085100000, 0x0000000085200000, 0x0000000085200000|100%|HS|  |TAMS 0x0000000085200000, 0x0000000085100000| Complete 
|  82|0x0000000085200000, 0x0000000085300000, 0x0000000085300000|100%| O|  |TAMS 0x0000000085300000, 0x0000000085200000| Untracked 
|  83|0x0000000085300000, 0x0000000085400000, 0x0000000085400000|100%| O|  |TAMS 0x0000000085400000, 0x0000000085300000| Untracked 
|  84|0x0000000085400000, 0x0000000085500000, 0x0000000085500000|100%|HS|  |TAMS 0x0000000085500000, 0x0000000085400000| Complete 
|  85|0x0000000085500000, 0x0000000085600000, 0x0000000085600000|100%|HC|  |TAMS 0x0000000085600000, 0x0000000085500000| Complete 
|  86|0x0000000085600000, 0x0000000085700000, 0x0000000085700000|100%|HC|  |TAMS 0x0000000085700000, 0x0000000085600000| Complete 
|  87|0x0000000085700000, 0x0000000085800000, 0x0000000085800000|100%|HC|  |TAMS 0x0000000085800000, 0x0000000085700000| Complete 
|  88|0x0000000085800000, 0x0000000085900000, 0x0000000085900000|100%| O|  |TAMS 0x0000000085900000, 0x0000000085800000| Untracked 
|  89|0x0000000085900000, 0x0000000085a00000, 0x0000000085a00000|100%| O|  |TAMS 0x0000000085a00000, 0x0000000085900000| Untracked 
|  90|0x0000000085a00000, 0x0000000085b00000, 0x0000000085b00000|100%| O|  |TAMS 0x0000000085b00000, 0x0000000085a00000| Untracked 
|  91|0x0000000085b00000, 0x0000000085c00000, 0x0000000085c00000|100%| O|  |TAMS 0x0000000085c00000, 0x0000000085b00000| Untracked 
|  92|0x0000000085c00000, 0x0000000085d00000, 0x0000000085d00000|100%| O|  |TAMS 0x0000000085d00000, 0x0000000085c00000| Untracked 
|  93|0x0000000085d00000, 0x0000000085e00000, 0x0000000085e00000|100%|HS|  |TAMS 0x0000000085e00000, 0x0000000085d00000| Complete 
|  94|0x0000000085e00000, 0x0000000085f00000, 0x0000000085f00000|100%|HC|  |TAMS 0x0000000085f00000, 0x0000000085e00000| Complete 
|  95|0x0000000085f00000, 0x0000000086000000, 0x0000000086000000|100%| O|  |TAMS 0x0000000086000000, 0x0000000085f00000| Untracked 
|  96|0x0000000086000000, 0x0000000086100000, 0x0000000086100000|100%| O|  |TAMS 0x0000000086100000, 0x0000000086000000| Untracked 
|  97|0x0000000086100000, 0x0000000086200000, 0x0000000086200000|100%| O|  |TAMS 0x0000000086200000, 0x0000000086100000| Untracked 
|  98|0x0000000086200000, 0x0000000086300000, 0x0000000086300000|100%| O|  |TAMS 0x0000000086300000, 0x0000000086200000| Untracked 
|  99|0x0000000086300000, 0x0000000086400000, 0x0000000086400000|100%| O|  |TAMS 0x0000000086400000, 0x0000000086300000| Untracked 
| 100|0x0000000086400000, 0x0000000086500000, 0x0000000086500000|100%| O|  |TAMS 0x0000000086500000, 0x0000000086400000| Untracked 
| 101|0x0000000086500000, 0x0000000086600000, 0x0000000086600000|100%| O|  |TAMS 0x0000000086600000, 0x0000000086500000| Untracked 
| 102|0x0000000086600000, 0x0000000086700000, 0x0000000086700000|100%| O|  |TAMS 0x0000000086700000, 0x0000000086600000| Untracked 
| 103|0x0000000086700000, 0x0000000086800000, 0x0000000086800000|100%| O|  |TAMS 0x0000000086800000, 0x0000000086700000| Untracked 
| 104|0x0000000086800000, 0x0000000086900000, 0x0000000086900000|100%| O|  |TAMS 0x0000000086900000, 0x0000000086800000| Untracked 
| 105|0x0000000086900000, 0x0000000086a00000, 0x0000000086a00000|100%| O|  |TAMS 0x0000000086a00000, 0x0000000086900000| Untracked 
| 106|0x0000000086a00000, 0x0000000086b00000, 0x0000000086b00000|100%| O|  |TAMS 0x0000000086b00000, 0x0000000086a00000| Untracked 
| 107|0x0000000086b00000, 0x0000000086c00000, 0x0000000086c00000|100%| O|  |TAMS 0x0000000086c00000, 0x0000000086b00000| Untracked 
| 108|0x0000000086c00000, 0x0000000086d00000, 0x0000000086d00000|100%| O|  |TAMS 0x0000000086d00000, 0x0000000086c00000| Untracked 
| 109|0x0000000086d00000, 0x0000000086e00000, 0x0000000086e00000|100%| O|  |TAMS 0x0000000086e00000, 0x0000000086d00000| Untracked 
| 110|0x0000000086e00000, 0x0000000086f00000, 0x0000000086f00000|100%| O|  |TAMS 0x0000000086f00000, 0x0000000086e00000| Untracked 
| 111|0x0000000086f00000, 0x0000000087000000, 0x0000000087000000|100%| O|  |TAMS 0x0000000087000000, 0x0000000086f00000| Untracked 
| 112|0x0000000087000000, 0x0000000087100000, 0x0000000087100000|100%| O|  |TAMS 0x0000000087100000, 0x0000000087000000| Untracked 
| 113|0x0000000087100000, 0x0000000087200000, 0x0000000087200000|100%| O|  |TAMS 0x0000000087200000, 0x0000000087100000| Untracked 
| 114|0x0000000087200000, 0x0000000087300000, 0x0000000087300000|100%| O|  |TAMS 0x0000000087300000, 0x0000000087200000| Untracked 
| 115|0x0000000087300000, 0x0000000087400000, 0x0000000087400000|100%|HS|  |TAMS 0x0000000087400000, 0x0000000087300000| Complete 
| 116|0x0000000087400000, 0x0000000087500000, 0x0000000087500000|100%|HC|  |TAMS 0x0000000087500000, 0x0000000087400000| Complete 
| 117|0x0000000087500000, 0x0000000087600000, 0x0000000087600000|100%|HS|  |TAMS 0x0000000087600000, 0x0000000087500000| Complete 
| 118|0x0000000087600000, 0x0000000087700000, 0x0000000087700000|100%|HC|  |TAMS 0x0000000087700000, 0x0000000087600000| Complete 
| 119|0x0000000087700000, 0x0000000087800000, 0x0000000087800000|100%|HC|  |TAMS 0x0000000087800000, 0x0000000087700000| Complete 
| 120|0x0000000087800000, 0x0000000087900000, 0x0000000087900000|100%|HS|  |TAMS 0x0000000087900000, 0x0000000087800000| Complete 
| 121|0x0000000087900000, 0x0000000087a00000, 0x0000000087a00000|100%|HC|  |TAMS 0x0000000087a00000, 0x0000000087900000| Complete 
| 122|0x0000000087a00000, 0x0000000087b00000, 0x0000000087b00000|100%|HC|  |TAMS 0x0000000087b00000, 0x0000000087a00000| Complete 
| 123|0x0000000087b00000, 0x0000000087c00000, 0x0000000087c00000|100%|HC|  |TAMS 0x0000000087c00000, 0x0000000087b00000| Complete 
| 124|0x0000000087c00000, 0x0000000087d00000, 0x0000000087d00000|100%|HC|  |TAMS 0x0000000087d00000, 0x0000000087c00000| Complete 
| 125|0x0000000087d00000, 0x0000000087e00000, 0x0000000087e00000|100%|HS|  |TAMS 0x0000000087e00000, 0x0000000087d00000| Complete 
| 126|0x0000000087e00000, 0x0000000087f00000, 0x0000000087f00000|100%|HC|  |TAMS 0x0000000087f00000, 0x0000000087e00000| Complete 
| 127|0x0000000087f00000, 0x0000000088000000, 0x0000000088000000|100%|HC|  |TAMS 0x0000000088000000, 0x0000000087f00000| Complete 
| 128|0x0000000088000000, 0x0000000088100000, 0x0000000088100000|100%|HS|  |TAMS 0x0000000088100000, 0x0000000088000000| Complete 
| 129|0x0000000088100000, 0x0000000088200000, 0x0000000088200000|100%|HS|  |TAMS 0x0000000088200000, 0x0000000088100000| Complete 
| 130|0x0000000088200000, 0x0000000088300000, 0x0000000088300000|100%|HC|  |TAMS 0x0000000088300000, 0x0000000088200000| Complete 
| 131|0x0000000088300000, 0x0000000088400000, 0x0000000088400000|100%|HC|  |TAMS 0x0000000088400000, 0x0000000088300000| Complete 
| 132|0x0000000088400000, 0x0000000088500000, 0x0000000088500000|100%|HC|  |TAMS 0x0000000088500000, 0x0000000088400000| Complete 
| 133|0x0000000088500000, 0x0000000088600000, 0x0000000088600000|100%| O|  |TAMS 0x0000000088600000, 0x0000000088500000| Untracked 
| 134|0x0000000088600000, 0x0000000088700000, 0x0000000088700000|100%| O|  |TAMS 0x0000000088700000, 0x0000000088600000| Untracked 
| 135|0x0000000088700000, 0x0000000088800000, 0x0000000088800000|100%| O|  |TAMS 0x0000000088800000, 0x0000000088700000| Untracked 
| 136|0x0000000088800000, 0x0000000088900000, 0x0000000088900000|100%| O|  |TAMS 0x0000000088900000, 0x0000000088800000| Untracked 
| 137|0x0000000088900000, 0x0000000088a00000, 0x0000000088a00000|100%| O|  |TAMS 0x0000000088a00000, 0x0000000088900000| Untracked 
| 138|0x0000000088a00000, 0x0000000088b00000, 0x0000000088b00000|100%| O|  |TAMS 0x0000000088b00000, 0x0000000088a00000| Untracked 
| 139|0x0000000088b00000, 0x0000000088c00000, 0x0000000088c00000|100%| O|  |TAMS 0x0000000088c00000, 0x0000000088b00000| Untracked 
| 140|0x0000000088c00000, 0x0000000088d00000, 0x0000000088d00000|100%| O|  |TAMS 0x0000000088d00000, 0x0000000088c00000| Untracked 
| 141|0x0000000088d00000, 0x0000000088e00000, 0x0000000088e00000|100%| O|  |TAMS 0x0000000088e00000, 0x0000000088d00000| Untracked 
| 142|0x0000000088e00000, 0x0000000088f00000, 0x0000000088f00000|100%| O|  |TAMS 0x0000000088f00000, 0x0000000088e00000| Untracked 
| 143|0x0000000088f00000, 0x0000000089000000, 0x0000000089000000|100%| O|  |TAMS 0x0000000089000000, 0x0000000088f00000| Untracked 
| 144|0x0000000089000000, 0x0000000089100000, 0x0000000089100000|100%| O|  |TAMS 0x0000000089100000, 0x0000000089000000| Untracked 
| 145|0x0000000089100000, 0x0000000089200000, 0x0000000089200000|100%| O|  |TAMS 0x0000000089200000, 0x0000000089100000| Untracked 
| 146|0x0000000089200000, 0x0000000089300000, 0x0000000089300000|100%| O|  |TAMS 0x0000000089300000, 0x0000000089200000| Untracked 
| 147|0x0000000089300000, 0x0000000089400000, 0x0000000089400000|100%| O|  |TAMS 0x0000000089400000, 0x0000000089300000| Untracked 
| 148|0x0000000089400000, 0x0000000089500000, 0x0000000089500000|100%| O|  |TAMS 0x0000000089500000, 0x0000000089400000| Untracked 
| 149|0x0000000089500000, 0x0000000089600000, 0x0000000089600000|100%| O|  |TAMS 0x0000000089600000, 0x0000000089500000| Untracked 
| 150|0x0000000089600000, 0x0000000089700000, 0x0000000089700000|100%| O|  |TAMS 0x0000000089700000, 0x0000000089600000| Untracked 
| 151|0x0000000089700000, 0x0000000089800000, 0x0000000089800000|100%| O|  |TAMS 0x0000000089800000, 0x0000000089700000| Untracked 
| 152|0x0000000089800000, 0x0000000089900000, 0x0000000089900000|100%| O|  |TAMS 0x0000000089900000, 0x0000000089800000| Untracked 
| 153|0x0000000089900000, 0x0000000089a00000, 0x0000000089a00000|100%| O|  |TAMS 0x0000000089a00000, 0x0000000089900000| Untracked 
| 154|0x0000000089a00000, 0x0000000089b00000, 0x0000000089b00000|100%| O|  |TAMS 0x0000000089b00000, 0x0000000089a00000| Untracked 
| 155|0x0000000089b00000, 0x0000000089c00000, 0x0000000089c00000|100%| O|  |TAMS 0x0000000089c00000, 0x0000000089b00000| Untracked 
| 156|0x0000000089c00000, 0x0000000089d00000, 0x0000000089d00000|100%| O|  |TAMS 0x0000000089d00000, 0x0000000089c00000| Untracked 
| 157|0x0000000089d00000, 0x0000000089e00000, 0x0000000089e00000|100%| O|  |TAMS 0x0000000089e00000, 0x0000000089d00000| Untracked 
| 158|0x0000000089e00000, 0x0000000089f00000, 0x0000000089f00000|100%| O|  |TAMS 0x0000000089f00000, 0x0000000089e00000| Untracked 
| 159|0x0000000089f00000, 0x0000000089f4dc00, 0x000000008a000000| 30%| O|  |TAMS 0x0000000089f4dc00, 0x0000000089f00000| Untracked 
| 160|0x000000008a000000, 0x000000008a000000, 0x000000008a100000|  0%| F|  |TAMS 0x000000008a000000, 0x000000008a000000| Untracked 
| 161|0x000000008a100000, 0x000000008a100000, 0x000000008a200000|  0%| F|  |TAMS 0x000000008a100000, 0x000000008a100000| Untracked 
| 162|0x000000008a200000, 0x000000008a200000, 0x000000008a300000|  0%| F|  |TAMS 0x000000008a200000, 0x000000008a200000| Untracked 
| 163|0x000000008a300000, 0x000000008a300000, 0x000000008a400000|  0%| F|  |TAMS 0x000000008a300000, 0x000000008a300000| Untracked 
| 164|0x000000008a400000, 0x000000008a400000, 0x000000008a500000|  0%| F|  |TAMS 0x000000008a400000, 0x000000008a400000| Untracked 
| 165|0x000000008a500000, 0x000000008a500000, 0x000000008a600000|  0%| F|  |TAMS 0x000000008a500000, 0x000000008a500000| Untracked 
| 166|0x000000008a600000, 0x000000008a600000, 0x000000008a700000|  0%| F|  |TAMS 0x000000008a600000, 0x000000008a600000| Untracked 
| 167|0x000000008a700000, 0x000000008a700000, 0x000000008a800000|  0%| F|  |TAMS 0x000000008a700000, 0x000000008a700000| Untracked 
| 168|0x000000008a800000, 0x000000008a800000, 0x000000008a900000|  0%| F|  |TAMS 0x000000008a800000, 0x000000008a800000| Untracked 
| 169|0x000000008a900000, 0x000000008a900000, 0x000000008aa00000|  0%| F|  |TAMS 0x000000008a900000, 0x000000008a900000| Untracked 
| 170|0x000000008aa00000, 0x000000008ab00000, 0x000000008ab00000|100%| O|  |TAMS 0x000000008ab00000, 0x000000008aa00000| Untracked 
| 171|0x000000008ab00000, 0x000000008ac00000, 0x000000008ac00000|100%| O|  |TAMS 0x000000008ac00000, 0x000000008ab00000| Untracked 
| 172|0x000000008ac00000, 0x000000008ac00000, 0x000000008ad00000|  0%| F|  |TAMS 0x000000008ac00000, 0x000000008ac00000| Untracked 
| 173|0x000000008ad00000, 0x000000008ad00000, 0x000000008ae00000|  0%| F|  |TAMS 0x000000008ad00000, 0x000000008ad00000| Untracked 
| 174|0x000000008ae00000, 0x000000008ae00000, 0x000000008af00000|  0%| F|  |TAMS 0x000000008ae00000, 0x000000008ae00000| Untracked 
| 175|0x000000008af00000, 0x000000008af00000, 0x000000008b000000|  0%| F|  |TAMS 0x000000008af00000, 0x000000008af00000| Untracked 
| 176|0x000000008b000000, 0x000000008b000000, 0x000000008b100000|  0%| F|  |TAMS 0x000000008b000000, 0x000000008b000000| Untracked 
| 177|0x000000008b100000, 0x000000008b100000, 0x000000008b200000|  0%| F|  |TAMS 0x000000008b100000, 0x000000008b100000| Untracked 
| 178|0x000000008b200000, 0x000000008b200000, 0x000000008b300000|  0%| F|  |TAMS 0x000000008b200000, 0x000000008b200000| Untracked 
| 179|0x000000008b300000, 0x000000008b300000, 0x000000008b400000|  0%| F|  |TAMS 0x000000008b300000, 0x000000008b300000| Untracked 
| 180|0x000000008b400000, 0x000000008b400000, 0x000000008b500000|  0%| F|  |TAMS 0x000000008b400000, 0x000000008b400000| Untracked 
| 181|0x000000008b500000, 0x000000008b500000, 0x000000008b600000|  0%| F|  |TAMS 0x000000008b500000, 0x000000008b500000| Untracked 
| 182|0x000000008b600000, 0x000000008b600000, 0x000000008b700000|  0%| F|  |TAMS 0x000000008b600000, 0x000000008b600000| Untracked 
| 183|0x000000008b700000, 0x000000008b700000, 0x000000008b800000|  0%| F|  |TAMS 0x000000008b700000, 0x000000008b700000| Untracked 
| 184|0x000000008b800000, 0x000000008b800000, 0x000000008b900000|  0%| F|  |TAMS 0x000000008b800000, 0x000000008b800000| Untracked 
| 185|0x000000008b900000, 0x000000008b900000, 0x000000008ba00000|  0%| F|  |TAMS 0x000000008b900000, 0x000000008b900000| Untracked 
| 186|0x000000008ba00000, 0x000000008ba00000, 0x000000008bb00000|  0%| F|  |TAMS 0x000000008ba00000, 0x000000008ba00000| Untracked 
| 187|0x000000008bb00000, 0x000000008bb00000, 0x000000008bc00000|  0%| F|  |TAMS 0x000000008bb00000, 0x000000008bb00000| Untracked 
| 188|0x000000008bc00000, 0x000000008bc00000, 0x000000008bd00000|  0%| F|  |TAMS 0x000000008bc00000, 0x000000008bc00000| Untracked 
| 189|0x000000008bd00000, 0x000000008bd00000, 0x000000008be00000|  0%| F|  |TAMS 0x000000008bd00000, 0x000000008bd00000| Untracked 
| 190|0x000000008be00000, 0x000000008be00000, 0x000000008bf00000|  0%| F|  |TAMS 0x000000008be00000, 0x000000008be00000| Untracked 
| 191|0x000000008bf00000, 0x000000008bf00000, 0x000000008c000000|  0%| F|  |TAMS 0x000000008bf00000, 0x000000008bf00000| Untracked 
| 192|0x000000008c000000, 0x000000008c000000, 0x000000008c100000|  0%| F|  |TAMS 0x000000008c000000, 0x000000008c000000| Untracked 
| 193|0x000000008c100000, 0x000000008c100000, 0x000000008c200000|  0%| F|  |TAMS 0x000000008c100000, 0x000000008c100000| Untracked 
| 194|0x000000008c200000, 0x000000008c200000, 0x000000008c300000|  0%| F|  |TAMS 0x000000008c200000, 0x000000008c200000| Untracked 
| 195|0x000000008c300000, 0x000000008c300000, 0x000000008c400000|  0%| F|  |TAMS 0x000000008c300000, 0x000000008c300000| Untracked 
| 196|0x000000008c400000, 0x000000008c400000, 0x000000008c500000|  0%| F|  |TAMS 0x000000008c400000, 0x000000008c400000| Untracked 
| 197|0x000000008c500000, 0x000000008c500000, 0x000000008c600000|  0%| F|  |TAMS 0x000000008c500000, 0x000000008c500000| Untracked 
| 198|0x000000008c600000, 0x000000008c6cd280, 0x000000008c700000| 80%| S|CS|TAMS 0x000000008c600000, 0x000000008c600000| Complete 
| 199|0x000000008c700000, 0x000000008c800000, 0x000000008c800000|100%| S|CS|TAMS 0x000000008c700000, 0x000000008c700000| Complete 
| 200|0x000000008c800000, 0x000000008c900000, 0x000000008c900000|100%| S|CS|TAMS 0x000000008c800000, 0x000000008c800000| Complete 
| 201|0x000000008c900000, 0x000000008ca00000, 0x000000008ca00000|100%| S|CS|TAMS 0x000000008c900000, 0x000000008c900000| Complete 
| 202|0x000000008ca00000, 0x000000008cb00000, 0x000000008cb00000|100%| S|CS|TAMS 0x000000008ca00000, 0x000000008ca00000| Complete 
| 203|0x000000008cb00000, 0x000000008cc00000, 0x000000008cc00000|100%| S|CS|TAMS 0x000000008cb00000, 0x000000008cb00000| Complete 
| 204|0x000000008cc00000, 0x000000008cc00000, 0x000000008cd00000|  0%| F|  |TAMS 0x000000008cc00000, 0x000000008cc00000| Untracked 
| 205|0x000000008cd00000, 0x000000008cd00000, 0x000000008ce00000|  0%| F|  |TAMS 0x000000008cd00000, 0x000000008cd00000| Untracked 
| 206|0x000000008ce00000, 0x000000008ce00000, 0x000000008cf00000|  0%| F|  |TAMS 0x000000008ce00000, 0x000000008ce00000| Untracked 
| 207|0x000000008cf00000, 0x000000008cf00000, 0x000000008d000000|  0%| F|  |TAMS 0x000000008cf00000, 0x000000008cf00000| Untracked 
| 208|0x000000008d000000, 0x000000008d000000, 0x000000008d100000|  0%| F|  |TAMS 0x000000008d000000, 0x000000008d000000| Untracked 
| 209|0x000000008d100000, 0x000000008d100000, 0x000000008d200000|  0%| F|  |TAMS 0x000000008d100000, 0x000000008d100000| Untracked 
| 210|0x000000008d200000, 0x000000008d200000, 0x000000008d300000|  0%| F|  |TAMS 0x000000008d200000, 0x000000008d200000| Untracked 
| 211|0x000000008d300000, 0x000000008d300000, 0x000000008d400000|  0%| F|  |TAMS 0x000000008d300000, 0x000000008d300000| Untracked 
| 212|0x000000008d400000, 0x000000008d400000, 0x000000008d500000|  0%| F|  |TAMS 0x000000008d400000, 0x000000008d400000| Untracked 
| 213|0x000000008d500000, 0x000000008d500000, 0x000000008d600000|  0%| F|  |TAMS 0x000000008d500000, 0x000000008d500000| Untracked 
| 214|0x000000008d600000, 0x000000008d600000, 0x000000008d700000|  0%| F|  |TAMS 0x000000008d600000, 0x000000008d600000| Untracked 
| 215|0x000000008d700000, 0x000000008d700000, 0x000000008d800000|  0%| F|  |TAMS 0x000000008d700000, 0x000000008d700000| Untracked 
| 216|0x000000008d800000, 0x000000008d800000, 0x000000008d900000|  0%| F|  |TAMS 0x000000008d800000, 0x000000008d800000| Untracked 
| 217|0x000000008d900000, 0x000000008d900000, 0x000000008da00000|  0%| F|  |TAMS 0x000000008d900000, 0x000000008d900000| Untracked 
| 218|0x000000008da00000, 0x000000008da00000, 0x000000008db00000|  0%| F|  |TAMS 0x000000008da00000, 0x000000008da00000| Untracked 
| 219|0x000000008db00000, 0x000000008db00000, 0x000000008dc00000|  0%| F|  |TAMS 0x000000008db00000, 0x000000008db00000| Untracked 
| 220|0x000000008dc00000, 0x000000008dc00000, 0x000000008dd00000|  0%| F|  |TAMS 0x000000008dc00000, 0x000000008dc00000| Untracked 
| 221|0x000000008dd00000, 0x000000008dd00000, 0x000000008de00000|  0%| F|  |TAMS 0x000000008dd00000, 0x000000008dd00000| Untracked 
| 222|0x000000008de00000, 0x000000008de00000, 0x000000008df00000|  0%| F|  |TAMS 0x000000008de00000, 0x000000008de00000| Untracked 
| 223|0x000000008df00000, 0x000000008df00000, 0x000000008e000000|  0%| F|  |TAMS 0x000000008df00000, 0x000000008df00000| Untracked 
| 224|0x000000008e000000, 0x000000008e000000, 0x000000008e100000|  0%| F|  |TAMS 0x000000008e000000, 0x000000008e000000| Untracked 
| 225|0x000000008e100000, 0x000000008e100000, 0x000000008e200000|  0%| F|  |TAMS 0x000000008e100000, 0x000000008e100000| Untracked 
| 226|0x000000008e200000, 0x000000008e200000, 0x000000008e300000|  0%| F|  |TAMS 0x000000008e200000, 0x000000008e200000| Untracked 
| 227|0x000000008e300000, 0x000000008e300000, 0x000000008e400000|  0%| F|  |TAMS 0x000000008e300000, 0x000000008e300000| Untracked 
| 228|0x000000008e400000, 0x000000008e400000, 0x000000008e500000|  0%| F|  |TAMS 0x000000008e400000, 0x000000008e400000| Untracked 
| 229|0x000000008e500000, 0x000000008e500000, 0x000000008e600000|  0%| F|  |TAMS 0x000000008e500000, 0x000000008e500000| Untracked 
| 230|0x000000008e600000, 0x000000008e600000, 0x000000008e700000|  0%| F|  |TAMS 0x000000008e600000, 0x000000008e600000| Untracked 
| 231|0x000000008e700000, 0x000000008e700000, 0x000000008e800000|  0%| F|  |TAMS 0x000000008e700000, 0x000000008e700000| Untracked 
| 232|0x000000008e800000, 0x000000008e800000, 0x000000008e900000|  0%| F|  |TAMS 0x000000008e800000, 0x000000008e800000| Untracked 
| 233|0x000000008e900000, 0x000000008e900000, 0x000000008ea00000|  0%| F|  |TAMS 0x000000008e900000, 0x000000008e900000| Untracked 
| 234|0x000000008ea00000, 0x000000008ea00000, 0x000000008eb00000|  0%| F|  |TAMS 0x000000008ea00000, 0x000000008ea00000| Untracked 
| 235|0x000000008eb00000, 0x000000008eb00000, 0x000000008ec00000|  0%| F|  |TAMS 0x000000008eb00000, 0x000000008eb00000| Untracked 
| 236|0x000000008ec00000, 0x000000008ec853f0, 0x000000008ed00000| 52%| E|  |TAMS 0x000000008ec00000, 0x000000008ec00000| Complete 
| 237|0x000000008ed00000, 0x000000008ee00000, 0x000000008ee00000|100%| E|CS|TAMS 0x000000008ed00000, 0x000000008ed00000| Complete 
| 238|0x000000008ee00000, 0x000000008ef00000, 0x000000008ef00000|100%| E|CS|TAMS 0x000000008ee00000, 0x000000008ee00000| Complete 
| 239|0x000000008ef00000, 0x000000008f000000, 0x000000008f000000|100%| E|CS|TAMS 0x000000008ef00000, 0x000000008ef00000| Complete 
| 240|0x000000008f000000, 0x000000008f100000, 0x000000008f100000|100%| E|CS|TAMS 0x000000008f000000, 0x000000008f000000| Complete 
| 241|0x000000008f100000, 0x000000008f200000, 0x000000008f200000|100%| E|CS|TAMS 0x000000008f100000, 0x000000008f100000| Complete 
| 242|0x000000008f200000, 0x000000008f300000, 0x000000008f300000|100%| E|CS|TAMS 0x000000008f200000, 0x000000008f200000| Complete 
| 243|0x000000008f300000, 0x000000008f400000, 0x000000008f400000|100%| E|CS|TAMS 0x000000008f300000, 0x000000008f300000| Complete 
| 244|0x000000008f400000, 0x000000008f500000, 0x000000008f500000|100%| E|CS|TAMS 0x000000008f400000, 0x000000008f400000| Complete 
| 245|0x000000008f500000, 0x000000008f600000, 0x000000008f600000|100%| E|CS|TAMS 0x000000008f500000, 0x000000008f500000| Complete 
| 246|0x000000008f600000, 0x000000008f700000, 0x000000008f700000|100%| E|CS|TAMS 0x000000008f600000, 0x000000008f600000| Complete 
| 247|0x000000008f700000, 0x000000008f800000, 0x000000008f800000|100%| E|CS|TAMS 0x000000008f700000, 0x000000008f700000| Complete 
| 248|0x000000008f800000, 0x000000008f900000, 0x000000008f900000|100%| E|CS|TAMS 0x000000008f800000, 0x000000008f800000| Complete 
| 249|0x000000008f900000, 0x000000008fa00000, 0x000000008fa00000|100%| E|CS|TAMS 0x000000008f900000, 0x000000008f900000| Complete 
| 250|0x000000008fa00000, 0x000000008fb00000, 0x000000008fb00000|100%| E|CS|TAMS 0x000000008fa00000, 0x000000008fa00000| Complete 
| 251|0x000000008fb00000, 0x000000008fc00000, 0x000000008fc00000|100%| E|CS|TAMS 0x000000008fb00000, 0x000000008fb00000| Complete 

Card table byte_map: [0x0000027e4e530000,0x0000027e4e930000] _byte_map_base: 0x0000027e4e130000

Marking Bits (Prev, Next): (CMBitMap*) 0x0000027e3b3209f0, (CMBitMap*) 0x0000027e3b3209b8
 Prev Bits: [0x0000027e50d30000, 0x0000027e52d30000)
 Next Bits: [0x0000027e4ed30000, 0x0000027e50d30000)

Polling page: 0x0000027e39290000

Metaspace:

Usage:
  Non-class:     97.67 MB capacity,    95.83 MB ( 98%) used,     1.52 MB (  2%) free+waste,   319.75 KB ( <1%) overhead. 
      Class:     14.95 MB capacity,    13.97 MB ( 93%) used,   867.70 KB (  6%) free+waste,   142.63 KB ( <1%) overhead. 
       Both:    112.62 MB capacity,   109.80 MB ( 97%) used,     2.37 MB (  2%) free+waste,   462.38 KB ( <1%) overhead. 

Virtual space:
  Non-class space:       98.00 MB reserved,      97.67 MB (>99%) committed 
      Class space:        1.00 GB reserved,      15.00 MB (  1%) committed 
             Both:        1.10 GB reserved,     112.67 MB ( 10%) committed 

Chunk freelists:
   Non-Class:  7.00 KB
       Class:  16.00 KB
        Both:  23.00 KB

MaxMetaspaceSize: 17179869184.00 GB
CompressedClassSpaceSize: 1.00 GB
Initial GC threshold: 20.80 MB
Current GC threshold: 186.95 MB
CDS: off

CodeHeap 'non-profiled nmethods': size=120000Kb used=6282Kb max_used=6282Kb free=113717Kb
 bounds [0x0000027e468d0000, 0x0000027e46f00000, 0x0000027e4de00000]
CodeHeap 'profiled nmethods': size=120000Kb used=29156Kb max_used=29156Kb free=90843Kb
 bounds [0x0000027e3f3a0000, 0x0000027e41020000, 0x0000027e468d0000]
CodeHeap 'non-nmethods': size=5760Kb used=2443Kb max_used=2487Kb free=3316Kb
 bounds [0x0000027e3ee00000, 0x0000027e3f080000, 0x0000027e3f3a0000]
 total_blobs=14661 nmethods=13683 adapters=889
 compilation: enabled
              stopped_count=0, restarted_count=0
 full_count=0

Compilation events (20 events):
Event: 79.211 Thread 0x0000027e55793800 nmethod 14148 0x0000027e4100a190 code [0x0000027e4100a360, 0x0000027e4100a5a8]
Event: 79.211 Thread 0x0000027e55793800 14149       2       org.gradle.api.internal.artifacts.configurations.DefaultConfiguration$ConfigurationResolvableDependencies$ConfigurationArtifactView::<init> (32 bytes)
Event: 79.212 Thread 0x0000027e55793800 nmethod 14149 0x0000027e4100a690 code [0x0000027e4100a840, 0x0000027e4100aa58]
Event: 79.215 Thread 0x0000027e55793800 14150       2       org.gradle.api.internal.artifacts.configurations.DefaultConfiguration::artifactCollection (66 bytes)
Event: 79.216 Thread 0x0000027e55793800 nmethod 14150 0x0000027e4100ab10 code [0x0000027e4100ad00, 0x0000027e4100b128]
Event: 79.217 Thread 0x0000027e55793800 14151       2       com.android.build.gradle.internal.lint.SourceProviderInput_Decorated::$gradleFactory (13 bytes)
Event: 79.217 Thread 0x0000027e55793800 nmethod 14151 0x0000027e4100b310 code [0x0000027e4100b4e0, 0x0000027e4100b7e8]
Event: 79.220 Thread 0x0000027e55793800 14152       2       org.gradle.api.internal.file.AbstractFileResolver::newResolver (9 bytes)
Event: 79.221 Thread 0x0000027e55793800 nmethod 14152 0x0000027e4100b910 code [0x0000027e4100bac0, 0x0000027e4100bc48]
Event: 79.221 Thread 0x0000027e55793800 14153       2       org.gradle.api.internal.file.DefaultFilePropertyFactory$FixedDirectory::<init> (16 bytes)
Event: 79.221 Thread 0x0000027e55793800 nmethod 14153 0x0000027e4100bd10 code [0x0000027e4100bec0, 0x0000027e4100c0d8]
Event: 79.222 Thread 0x0000027e55793800 14154       2       org.gradle.api.internal.provider.AbstractMinimalProvider::isPresent (8 bytes)
Event: 79.223 Thread 0x0000027e55793800 nmethod 14154 0x0000027e4100c190 code [0x0000027e4100c340, 0x0000027e4100c468]
Event: 79.223 Thread 0x0000027e55793800 14155       2       org.gradle.api.internal.artifacts.dsl.LazyPublishArtifact::getDelegate (184 bytes)
Event: 79.225 Thread 0x0000027e55793800 nmethod 14155 0x0000027e4100c510 code [0x0000027e4100c800, 0x0000027e4100d468]
Event: 79.229 Thread 0x0000027e55793800 14156       1       com.android.builder.core.ComponentTypeImpl::isBaseModule (5 bytes)
Event: 79.229 Thread 0x0000027e55793800 nmethod 14156 0x0000027e46ef2190 code [0x0000027e46ef2340, 0x0000027e46ef23f8]
Event: 79.230 Thread 0x0000027e55793800 14157       2       org.gradle.api.internal.project.AbstractPluginAware::getPlugins (10 bytes)
Event: 79.231 Thread 0x0000027e55793800 nmethod 14157 0x0000027e4100d910 code [0x0000027e4100dac0, 0x0000027e4100dc28]
Event: 79.238 Thread 0x0000027e55793800 14158   !   2       jdk.internal.reflect.GeneratedConstructorAccessor35::newInstance (101 bytes)

GC Heap History (20 events):
Event: 38.869 GC heap before
{Heap before GC invocations=89 (full 0):
 garbage-first heap   total 215040K, used 174127K [0x0000000080000000, 0x0000000100000000)
  region size 1024K, 27 young (27648K), 1 survivors (1024K)
 Metaspace       used 96416K, capacity 98630K, committed 98992K, reserved 1134592K
  class space    used 12416K, capacity 13190K, committed 13312K, reserved 1048576K
}
Event: 38.876 GC heap after
{Heap after GC invocations=90 (full 0):
 garbage-first heap   total 215040K, used 148990K [0x0000000080000000, 0x0000000100000000)
  region size 1024K, 3 young (3072K), 3 survivors (3072K)
 Metaspace       used 96416K, capacity 98630K, committed 98992K, reserved 1134592K
  class space    used 12416K, capacity 13190K, committed 13312K, reserved 1048576K
}
Event: 39.906 GC heap before
{Heap before GC invocations=90 (full 0):
 garbage-first heap   total 215040K, used 176638K [0x0000000080000000, 0x0000000100000000)
  region size 1024K, 30 young (30720K), 3 survivors (3072K)
 Metaspace       used 98708K, capacity 101078K, committed 101424K, reserved 1136640K
  class space    used 12765K, capacity 13601K, committed 13696K, reserved 1048576K
}
Event: 39.917 GC heap after
{Heap after GC invocations=91 (full 0):
 garbage-first heap   total 215040K, used 151085K [0x0000000080000000, 0x0000000100000000)
  region size 1024K, 4 young (4096K), 4 survivors (4096K)
 Metaspace       used 98708K, capacity 101078K, committed 101424K, reserved 1136640K
  class space    used 12765K, capacity 13601K, committed 13696K, reserved 1048576K
}
Event: 41.071 GC heap before
{Heap before GC invocations=92 (full 0):
 garbage-first heap   total 215040K, used 178733K [0x0000000080000000, 0x0000000100000000)
  region size 1024K, 31 young (31744K), 4 survivors (4096K)
 Metaspace       used 101041K, capacity 103400K, committed 103728K, reserved 1138688K
  class space    used 13000K, capacity 13876K, committed 13952K, reserved 1048576K
}
Event: 41.085 GC heap after
{Heap after GC invocations=93 (full 0):
 garbage-first heap   total 215040K, used 153319K [0x0000000080000000, 0x0000000100000000)
  region size 1024K, 4 young (4096K), 4 survivors (4096K)
 Metaspace       used 101041K, capacity 103400K, committed 103728K, reserved 1138688K
  class space    used 13000K, capacity 13876K, committed 13952K, reserved 1048576K
}
Event: 41.579 GC heap before
{Heap before GC invocations=93 (full 0):
 garbage-first heap   total 215040K, used 179943K [0x0000000080000000, 0x0000000100000000)
  region size 1024K, 31 young (31744K), 4 survivors (4096K)
 Metaspace       used 101269K, capacity 103690K, committed 103984K, reserved 1138688K
  class space    used 13019K, capacity 13907K, committed 13952K, reserved 1048576K
}
Event: 41.596 GC heap after
{Heap after GC invocations=94 (full 0):
 garbage-first heap   total 258048K, used 156000K [0x0000000080000000, 0x0000000100000000)
  region size 1024K, 3 young (3072K), 3 survivors (3072K)
 Metaspace       used 101269K, capacity 103690K, committed 103984K, reserved 1138688K
  class space    used 13019K, capacity 13907K, committed 13952K, reserved 1048576K
}
Event: 42.966 GC heap before
{Heap before GC invocations=95 (full 0):
 garbage-first heap   total 258048K, used 195936K [0x0000000080000000, 0x0000000100000000)
  region size 1024K, 43 young (44032K), 3 survivors (3072K)
 Metaspace       used 102189K, capacity 104657K, committed 104752K, reserved 1140736K
  class space    used 13067K, capacity 13948K, committed 13952K, reserved 1048576K
}
Event: 42.976 GC heap after
{Heap after GC invocations=96 (full 0):
 garbage-first heap   total 258048K, used 158753K [0x0000000080000000, 0x0000000100000000)
  region size 1024K, 6 young (6144K), 6 survivors (6144K)
 Metaspace       used 102189K, capacity 104657K, committed 104752K, reserved 1140736K
  class space    used 13067K, capacity 13948K, committed 13952K, reserved 1048576K
}
Event: 43.923 GC heap before
{Heap before GC invocations=96 (full 0):
 garbage-first heap   total 258048K, used 200737K [0x0000000080000000, 0x0000000100000000)
  region size 1024K, 47 young (48128K), 6 survivors (6144K)
 Metaspace       used 103737K, capacity 106285K, committed 106288K, reserved 1140736K
  class space    used 13267K, capacity 14205K, committed 14208K, reserved 1048576K
}
Event: 43.936 GC heap after
{Heap after GC invocations=97 (full 0):
 garbage-first heap   total 258048K, used 160396K [0x0000000080000000, 0x0000000100000000)
  region size 1024K, 2 young (2048K), 2 survivors (2048K)
 Metaspace       used 103737K, capacity 106285K, committed 106288K, reserved 1140736K
  class space    used 13267K, capacity 14205K, committed 14208K, reserved 1048576K
}
Event: 44.956 GC heap before
{Heap before GC invocations=98 (full 0):
 garbage-first heap   total 258048K, used 204428K [0x0000000080000000, 0x0000000100000000)
  region size 1024K, 45 young (46080K), 2 survivors (2048K)
 Metaspace       used 106938K, capacity 109513K, committed 109616K, reserved 1144832K
  class space    used 13670K, capacity 14619K, committed 14720K, reserved 1048576K
}
Event: 44.964 GC heap after
{Heap after GC invocations=99 (full 0):
 garbage-first heap   total 258048K, used 161543K [0x0000000080000000, 0x0000000100000000)
  region size 1024K, 4 young (4096K), 4 survivors (4096K)
 Metaspace       used 106938K, capacity 109513K, committed 109616K, reserved 1144832K
  class space    used 13670K, capacity 14619K, committed 14720K, reserved 1048576K
}
Event: 46.327 GC heap before
{Heap before GC invocations=99 (full 0):
 garbage-first heap   total 258048K, used 205575K [0x0000000080000000, 0x0000000100000000)
  region size 1024K, 48 young (49152K), 4 survivors (4096K)
 Metaspace       used 109284K, capacity 111869K, committed 112176K, reserved 1146880K
  class space    used 13951K, capacity 14889K, committed 14976K, reserved 1048576K
}
Event: 46.341 GC heap after
{Heap after GC invocations=100 (full 0):
 garbage-first heap   total 258048K, used 164936K [0x0000000080000000, 0x0000000100000000)
  region size 1024K, 6 young (6144K), 6 survivors (6144K)
 Metaspace       used 109284K, capacity 111869K, committed 112176K, reserved 1146880K
  class space    used 13951K, capacity 14889K, committed 14976K, reserved 1048576K
}
Event: 46.966 GC heap before
{Heap before GC invocations=101 (full 0):
 garbage-first heap   total 258048K, used 209992K [0x0000000080000000, 0x0000000100000000)
  region size 1024K, 50 young (51200K), 6 survivors (6144K)
 Metaspace       used 110336K, capacity 112938K, committed 113072K, reserved 1146880K
  class space    used 14084K, capacity 15032K, committed 15104K, reserved 1048576K
}
Event: 46.982 GC heap after
{Heap after GC invocations=102 (full 0):
 garbage-first heap   total 258048K, used 166765K [0x0000000080000000, 0x0000000100000000)
  region size 1024K, 6 young (6144K), 6 survivors (6144K)
 Metaspace       used 110336K, capacity 112938K, committed 113072K, reserved 1146880K
  class space    used 14084K, capacity 15032K, committed 15104K, reserved 1048576K
}
Event: 78.310 GC heap before
{Heap before GC invocations=102 (full 0):
 garbage-first heap   total 258048K, used 211821K [0x0000000080000000, 0x0000000100000000)
  region size 1024K, 50 young (51200K), 6 survivors (6144K)
 Metaspace       used 111747K, capacity 114514K, committed 114736K, reserved 1148928K
  class space    used 14227K, capacity 15199K, committed 15232K, reserved 1048576K
}
Event: 78.352 GC heap after
{Heap after GC invocations=103 (full 0):
 garbage-first heap   total 258048K, used 171115K [0x0000000080000000, 0x0000000100000000)
  region size 1024K, 6 young (6144K), 6 survivors (6144K)
 Metaspace       used 111747K, capacity 114514K, committed 114736K, reserved 1148928K
  class space    used 14227K, capacity 15199K, committed 15232K, reserved 1048576K
}

Deoptimization events (20 events):
Event: 76.978 Thread 0x0000027e582c2800 DEOPT PACKING pc=0x0000027e46e1a0e0 sp=0x0000007f136f8b00
Event: 76.978 Thread 0x0000027e582c2800 DEOPT UNPACKING pc=0x0000027e3ee4a1af sp=0x0000007f136f8a38 mode 2
Event: 76.978 Thread 0x0000027e582c2800 Uncommon trap: trap_request=0xffffffc6 fr.pc=0x0000027e46e1a0e0 relative=0x0000000000000380
Event: 76.978 Thread 0x0000027e582c2800 Uncommon trap: reason=bimorphic_or_optimized_type_check action=maybe_recompile pc=0x0000027e46e1a0e0 method=com.google.common.collect.NaturalOrdering.compare(Ljava/lang/Comparable;Ljava/lang/Comparable;)I @ 12 c2
Event: 76.978 Thread 0x0000027e582c2800 DEOPT PACKING pc=0x0000027e46e1a0e0 sp=0x0000007f136f8b00
Event: 76.978 Thread 0x0000027e582c2800 DEOPT UNPACKING pc=0x0000027e3ee4a1af sp=0x0000007f136f8a38 mode 2
Event: 77.496 Thread 0x0000027e571c3000 Uncommon trap: trap_request=0xffffff4d fr.pc=0x0000027e46dd79d4 relative=0x0000000000000494
Event: 77.496 Thread 0x0000027e571c3000 Uncommon trap: reason=unstable_if action=reinterpret pc=0x0000027e46dd79d4 method=java.util.concurrent.ConcurrentLinkedQueue.poll()Ljava/lang/Object; @ 24 c2
Event: 77.496 Thread 0x0000027e571c3000 DEOPT PACKING pc=0x0000027e46dd79d4 sp=0x0000007f149fe160
Event: 77.496 Thread 0x0000027e571c3000 DEOPT UNPACKING pc=0x0000027e3ee4a1af sp=0x0000007f149fe118 mode 2
Event: 77.529 Thread 0x0000027e5868d800 DEOPT PACKING pc=0x0000027e4091b9b1 sp=0x0000007f14dfed80
Event: 77.529 Thread 0x0000027e5868d800 DEOPT UNPACKING pc=0x0000027e3ee4a95e sp=0x0000007f14dfe248 mode 0
Event: 77.611 Thread 0x0000027e582c2800 DEOPT PACKING pc=0x0000027e3f8f9391 sp=0x0000007f136f9930
Event: 77.611 Thread 0x0000027e582c2800 DEOPT UNPACKING pc=0x0000027e3ee4a95e sp=0x0000007f136f8e08 mode 0
Event: 78.643 Thread 0x0000027e582c2800 DEOPT PACKING pc=0x0000027e4091b9b1 sp=0x0000007f136f8770
Event: 78.643 Thread 0x0000027e582c2800 DEOPT UNPACKING pc=0x0000027e3ee4a95e sp=0x0000007f136f7c38 mode 0
Event: 78.644 Thread 0x0000027e582c2800 DEOPT PACKING pc=0x0000027e3f8f90f9 sp=0x0000007f136f8e30
Event: 78.644 Thread 0x0000027e582c2800 DEOPT UNPACKING pc=0x0000027e3ee4a95e sp=0x0000007f136f82f8 mode 0
Event: 79.086 Thread 0x0000027e582c2800 DEOPT PACKING pc=0x0000027e40763e3d sp=0x0000007f136f9370
Event: 79.086 Thread 0x0000027e582c2800 DEOPT UNPACKING pc=0x0000027e3ee4a95e sp=0x0000007f136f8838 mode 0

Classes redefined (0 events):
No events

Internal exceptions (20 events):
Event: 47.176 Thread 0x0000027e565a7000 Exception <a 'java/lang/NoSuchMethodError'{0x000000008f66b620}: <clinit>> (0x000000008f66b620) thrown at [./src/hotspot/share/prims/jni.cpp, line 1366]
Event: 55.190 Thread 0x0000027e57785800 Implicit null exception at 0x0000027e46c320f7 to 0x0000027e46c32758
Event: 55.191 Thread 0x0000027e57785800 Implicit null exception at 0x0000027e46be8c74 to 0x0000027e46be9304
Event: 76.857 Thread 0x0000027e58839800 Exception <a 'java/lang/NoSuchMethodError'{0x000000008ef100d0}: <clinit>> (0x000000008ef100d0) thrown at [./src/hotspot/share/prims/jni.cpp, line 1366]
Event: 76.860 Thread 0x0000027e58839800 Exception <a 'java/lang/NoSuchMethodError'{0x000000008ed0e0f0}: <clinit>> (0x000000008ed0e0f0) thrown at [./src/hotspot/share/prims/jni.cpp, line 1366]
Event: 76.860 Thread 0x0000027e58839800 Exception <a 'java/lang/NoSuchMethodError'{0x000000008ed10478}: <clinit>> (0x000000008ed10478) thrown at [./src/hotspot/share/prims/jni.cpp, line 1366]
Event: 77.568 Thread 0x0000027e582c2800 Exception <a 'java/lang/NoSuchMethodError'{0x000000008de55da8}: 'long java.lang.invoke.DirectMethodHandle$Holder.invokeVirtual(java.lang.Object, java.lang.Object)'> (0x000000008de55da8) thrown at [./src/hotspot/share/interpreter/linkResolver.cpp, line 773]
Event: 77.589 Thread 0x0000027e58839800 Exception <a 'java/lang/NoSuchMethodError'{0x000000008db40c48}: <clinit>> (0x000000008db40c48) thrown at [./src/hotspot/share/prims/jni.cpp, line 1366]
Event: 77.594 Thread 0x0000027e58839800 Exception <a 'java/lang/NoSuchMethodError'{0x000000008dbd8250}: <clinit>> (0x000000008dbd8250) thrown at [./src/hotspot/share/prims/jni.cpp, line 1366]
Event: 77.595 Thread 0x0000027e58839800 Exception <a 'java/lang/NoSuchMethodError'{0x000000008dbd95a8}: <clinit>> (0x000000008dbd95a8) thrown at [./src/hotspot/share/prims/jni.cpp, line 1366]
Event: 77.595 Thread 0x0000027e58839800 Exception <a 'java/lang/NoSuchMethodError'{0x000000008dbda8b0}: <clinit>> (0x000000008dbda8b0) thrown at [./src/hotspot/share/prims/jni.cpp, line 1366]
Event: 77.600 Thread 0x0000027e58839800 Exception <a 'java/lang/NoSuchMethodError'{0x000000008dbe3c50}: <clinit>> (0x000000008dbe3c50) thrown at [./src/hotspot/share/prims/jni.cpp, line 1366]
Event: 77.602 Thread 0x0000027e58839800 Exception <a 'java/lang/NoSuchMethodError'{0x000000008dbee068}: <clinit>> (0x000000008dbee068) thrown at [./src/hotspot/share/prims/jni.cpp, line 1366]
Event: 77.609 Thread 0x0000027e58839800 Exception <a 'java/lang/NoSuchMethodError'{0x000000008da02220}: <clinit>> (0x000000008da02220) thrown at [./src/hotspot/share/prims/jni.cpp, line 1366]
Event: 77.887 Thread 0x0000027e582c2800 Exception <a 'sun/nio/fs/WindowsException'{0x000000008d85e6a8}> (0x000000008d85e6a8) thrown at [./src/hotspot/share/prims/jni.cpp, line 616]
Event: 79.051 Thread 0x0000027e582c2800 Exception <a 'sun/nio/fs/WindowsException'{0x000000008f14aa20}> (0x000000008f14aa20) thrown at [./src/hotspot/share/prims/jni.cpp, line 616]
Event: 79.078 Thread 0x0000027e582c2800 Exception <a 'sun/nio/fs/WindowsException'{0x000000008f1ed7b8}> (0x000000008f1ed7b8) thrown at [./src/hotspot/share/prims/jni.cpp, line 616]
Event: 79.078 Thread 0x0000027e582c2800 Exception <a 'sun/nio/fs/WindowsException'{0x000000008f1eeb40}> (0x000000008f1eeb40) thrown at [./src/hotspot/share/prims/jni.cpp, line 616]
Event: 79.078 Thread 0x0000027e582c2800 Exception <a 'sun/nio/fs/WindowsException'{0x000000008f1eff18}> (0x000000008f1eff18) thrown at [./src/hotspot/share/prims/jni.cpp, line 616]
Event: 79.079 Thread 0x0000027e582c2800 Exception <a 'sun/nio/fs/WindowsException'{0x000000008f1f12f0}> (0x000000008f1f12f0) thrown at [./src/hotspot/share/prims/jni.cpp, line 616]

Events (20 events):
Event: 78.976 loading class com/android/build/gradle/internal/tasks/DexMergingTask$CreationAction$configure$2
Event: 78.976 loading class com/android/build/gradle/internal/tasks/DexMergingTask$CreationAction$configure$2 done
Event: 78.979 loading class com/android/build/gradle/internal/dependency/VariantDependencies$Companion$getComponentFilter$3
Event: 78.979 loading class com/android/build/gradle/internal/dependency/VariantDependencies$Companion$getComponentFilter$3 done
Event: 78.983 loading class com/android/build/gradle/internal/tasks/DexMergingTask$CreationAction$getDexDirs$forAction$1
Event: 78.983 loading class com/android/build/gradle/internal/tasks/DexMergingTask$CreationAction$getDexDirs$forAction$1 done
Event: 78.987 loading class org/gradle/api/internal/provider/ValueSupplier$PlusProducer
Event: 78.987 loading class org/gradle/api/internal/provider/ValueSupplier$PlusProducer done
Event: 78.999 loading class com/android/build/gradle/internal/tasks/AppMetadataTask$Companion
Event: 78.999 loading class com/android/build/gradle/internal/tasks/AppMetadataTask$Companion done
Event: 79.017 loading class com/android/build/gradle/options/StringOption
Event: 79.017 loading class com/android/build/gradle/options/StringOption done
Event: 79.018 loading class com/android/build/gradle/options/ProjectOptions
Event: 79.018 loading class com/android/build/gradle/options/ProjectOptions done
Event: 79.044 loading class com/android/build/gradle/tasks/JavaPreCompileTask$CreationAction$configure$1
Event: 79.044 loading class com/android/build/gradle/tasks/JavaPreCompileTask$CreationAction$configure$1 done
Event: 79.046 loading class com/android/build/gradle/tasks/JavaPreCompileTask$CreationAction$configure$1$1
Event: 79.046 loading class com/android/build/gradle/tasks/JavaPreCompileTask$CreationAction$configure$1$1 done
Event: 79.114 Executing VM operation: BulkRevokeBias
Event: 79.122 Executing VM operation: BulkRevokeBias done


Dynamic libraries:
0x00007ff65fd40000 - 0x00007ff65fd4a000 	D:\android\jre\bin\java.exe
0x00007ffcc6540000 - 0x00007ffcc6749000 	C:\WINDOWS\SYSTEM32\ntdll.dll
0x00007ffcc4fb0000 - 0x00007ffcc506d000 	C:\WINDOWS\System32\KERNEL32.DLL
0x00007ffcc3e40000 - 0x00007ffcc41bd000 	C:\WINDOWS\System32\KERNELBASE.dll
0x00007ffcc3d20000 - 0x00007ffcc3e31000 	C:\WINDOWS\System32\ucrtbase.dll
0x00007ffcafeb0000 - 0x00007ffcafec9000 	D:\android\jre\bin\jli.dll
0x00007ffcaf8c0000 - 0x00007ffcaf8d7000 	D:\android\jre\bin\VCRUNTIME140.dll
0x00007ffcc5a50000 - 0x00007ffcc5bfd000 	C:\WINDOWS\System32\USER32.dll
0x00007ffcc43a0000 - 0x00007ffcc43c6000 	C:\WINDOWS\System32\win32u.dll
0x00007ffcc5100000 - 0x00007ffcc5129000 	C:\WINDOWS\System32\GDI32.dll
0x00007ffcc41c0000 - 0x00007ffcc42d8000 	C:\WINDOWS\System32\gdi32full.dll
0x00007ffc9c990000 - 0x00007ffc9cc35000 	C:\WINDOWS\WinSxS\amd64_microsoft.windows.common-controls_6595b64144ccf1df_6.0.22000.120_none_9d947278b86cc467\COMCTL32.dll
0x00007ffcc3c00000 - 0x00007ffcc3c9d000 	C:\WINDOWS\System32\msvcp_win.dll
0x00007ffcc4440000 - 0x00007ffcc44e3000 	C:\WINDOWS\System32\msvcrt.dll
0x00007ffcc5410000 - 0x00007ffcc5441000 	C:\WINDOWS\System32\IMM32.DLL
0x00007ffc8d630000 - 0x00007ffc8d6cd000 	D:\android\jre\bin\msvcp140.dll
0x00007ffc49940000 - 0x00007ffc4a442000 	D:\android\jre\bin\server\jvm.dll
0x00007ffcc59a0000 - 0x00007ffcc5a4e000 	C:\WINDOWS\System32\ADVAPI32.dll
0x00007ffcc4b00000 - 0x00007ffcc4b9e000 	C:\WINDOWS\System32\sechost.dll
0x00007ffcc5c20000 - 0x00007ffcc5d40000 	C:\WINDOWS\System32\RPCRT4.dll
0x00007ffcc4d60000 - 0x00007ffcc4d68000 	C:\WINDOWS\System32\PSAPI.DLL
0x00007ffcbe640000 - 0x00007ffcbe673000 	C:\WINDOWS\SYSTEM32\WINMM.dll
0x00007ffc9e8a0000 - 0x00007ffc9e8a9000 	C:\WINDOWS\SYSTEM32\WSOCK32.dll
0x00007ffcbc510000 - 0x00007ffcbc51a000 	C:\WINDOWS\SYSTEM32\VERSION.dll
0x00007ffcc4e20000 - 0x00007ffcc4e8f000 	C:\WINDOWS\System32\WS2_32.dll
0x00007ffcc2af0000 - 0x00007ffcc2b08000 	C:\WINDOWS\SYSTEM32\kernel.appcore.dll
0x00007ffc92e90000 - 0x00007ffc92ea1000 	D:\android\jre\bin\verify.dll
0x00007ffcc1630000 - 0x00007ffcc1851000 	C:\WINDOWS\SYSTEM32\DBGHELP.DLL
0x00007ffcac460000 - 0x00007ffcac491000 	C:\WINDOWS\SYSTEM32\dbgcore.DLL
0x00007ffcc3ca0000 - 0x00007ffcc3d1f000 	C:\WINDOWS\System32\bcryptPrimitives.dll
0x00007ffc8c410000 - 0x00007ffc8c439000 	D:\android\jre\bin\java.dll
0x00007ffca1820000 - 0x00007ffca182b000 	D:\android\jre\bin\jimage.dll
0x00007ffc92e70000 - 0x00007ffc92e88000 	D:\android\jre\bin\zip.dll
0x00007ffcc5d40000 - 0x00007ffcc64f8000 	C:\WINDOWS\System32\SHELL32.dll
0x00007ffcc1b50000 - 0x00007ffcc23b8000 	C:\WINDOWS\SYSTEM32\windows.storage.dll
0x00007ffcc5450000 - 0x00007ffcc57c9000 	C:\WINDOWS\System32\combase.dll
0x00007ffcc19e0000 - 0x00007ffcc1b46000 	C:\WINDOWS\SYSTEM32\wintypes.dll
0x00007ffcc57d0000 - 0x00007ffcc58ba000 	C:\WINDOWS\System32\SHCORE.dll
0x00007ffcc5260000 - 0x00007ffcc52bd000 	C:\WINDOWS\System32\shlwapi.dll
0x00007ffcc3950000 - 0x00007ffcc3971000 	C:\WINDOWS\SYSTEM32\profapi.dll
0x00007ffc8ce20000 - 0x00007ffc8ce3a000 	D:\android\jre\bin\net.dll
0x00007ffcbcff0000 - 0x00007ffcbd0fc000 	C:\WINDOWS\SYSTEM32\WINHTTP.dll
0x00007ffcc2f30000 - 0x00007ffcc2f97000 	C:\WINDOWS\system32\mswsock.dll
0x00007ffc8c3f0000 - 0x00007ffc8c404000 	D:\android\jre\bin\nio.dll
0x00007ffca26f0000 - 0x00007ffca2717000 	C:\Users\MATAHARI\.gradle\native\e1d6ef7f7dcc3fd88c89a11ec53ec762bb8ba0a96d01ffa2cd45eb1d1d8dd5c5\windows-amd64\native-platform.dll
0x00007ffc719c0000 - 0x00007ffc71b04000 	C:\Users\MATAHARI\.gradle\native\0d407fdbe67a94daf76414ababcb853783967236a71b16ec16e742cd7a986fd3\windows-amd64\native-platform-file-events.dll
0x00007ffca2b90000 - 0x00007ffca2b9a000 	D:\android\jre\bin\management.dll
0x00007ffca26e0000 - 0x00007ffca26ed000 	D:\android\jre\bin\management_ext.dll
0x00007ffcc31a0000 - 0x00007ffcc31b8000 	C:\WINDOWS\SYSTEM32\CRYPTSP.dll
0x00007ffcc2a40000 - 0x00007ffcc2a75000 	C:\WINDOWS\system32\rsaenh.dll
0x00007ffcc3040000 - 0x00007ffcc3069000 	C:\WINDOWS\SYSTEM32\USERENV.dll
0x00007ffcc3310000 - 0x00007ffcc3337000 	C:\WINDOWS\SYSTEM32\bcrypt.dll
0x00007ffcc3190000 - 0x00007ffcc319c000 	C:\WINDOWS\SYSTEM32\CRYPTBASE.dll
0x00007ffcc2610000 - 0x00007ffcc263d000 	C:\WINDOWS\SYSTEM32\IPHLPAPI.DLL
0x00007ffcc5250000 - 0x00007ffcc5259000 	C:\WINDOWS\System32\NSI.dll
0x00007ffcbd5b0000 - 0x00007ffcbd5c9000 	C:\WINDOWS\SYSTEM32\dhcpcsvc6.DLL
0x00007ffcbdbd0000 - 0x00007ffcbdbee000 	C:\WINDOWS\SYSTEM32\dhcpcsvc.DLL
0x00007ffcc2640000 - 0x00007ffcc2728000 	C:\WINDOWS\SYSTEM32\DNSAPI.dll

dbghelp: loaded successfully - version: 4.0.5 - missing functions: none
symbol engine: initialized successfully - sym options: 0x614 - pdb path: .;D:\android\jre\bin;C:\WINDOWS\SYSTEM32;C:\WINDOWS\WinSxS\amd64_microsoft.windows.common-controls_6595b64144ccf1df_6.0.22000.120_none_9d947278b86cc467;D:\android\jre\bin\server;C:\Users\MATAHARI\.gradle\native\e1d6ef7f7dcc3fd88c89a11ec53ec762bb8ba0a96d01ffa2cd45eb1d1d8dd5c5\windows-amd64;C:\Users\MATAHARI\.gradle\native\0d407fdbe67a94daf76414ababcb853783967236a71b16ec16e742cd7a986fd3\windows-amd64

VM Arguments:
jvm_args: --add-opens=java.base/java.util=ALL-UNNAMED --add-opens=java.base/java.lang=ALL-UNNAMED --add-opens=java.base/java.lang.invoke=ALL-UNNAMED --add-opens=java.base/java.util=ALL-UNNAMED --add-opens=java.prefs/java.util.prefs=ALL-UNNAMED --add-opens=java.prefs/java.util.prefs=ALL-UNNAMED --add-opens=java.base/java.nio.charset=ALL-UNNAMED --add-opens=java.base/java.net=ALL-UNNAMED --add-opens=java.base/java.util.concurrent.atomic=ALL-UNNAMED -Xmx2048m -Dfile.encoding=UTF-8 -Duser.country=ID -Duser.language=en -Duser.variant 
java_command: org.gradle.launcher.daemon.bootstrap.GradleDaemon 7.4
java_class_path (initial): C:\Users\MATAHARI\.gradle\wrapper\dists\gradle-7.4-bin\c0gwcg53nkjbqw7r0h0umtfvt\gradle-7.4\lib\gradle-launcher-7.4.jar
Launcher Type: SUN_STANDARD

[Global flags]
     intx CICompilerCount                          = 4                                         {product} {ergonomic}
     uint ConcGCThreads                            = 2                                         {product} {ergonomic}
     uint G1ConcRefinementThreads                  = 8                                         {product} {ergonomic}
   size_t G1HeapRegionSize                         = 1048576                                   {product} {ergonomic}
    uintx GCDrainStackTargetSize                   = 64                                        {product} {ergonomic}
   size_t InitialHeapSize                          = 100663296                                 {product} {ergonomic}
   size_t MarkStackSize                            = 4194304                                   {product} {ergonomic}
   size_t MaxHeapSize                              = 2147483648                                {product} {command line}
   size_t MaxNewSize                               = 1287651328                                {product} {ergonomic}
   size_t MinHeapDeltaBytes                        = 1048576                                   {product} {ergonomic}
    uintx NonNMethodCodeHeapSize                   = 5836300                                {pd product} {ergonomic}
    uintx NonProfiledCodeHeapSize                  = 122910970                              {pd product} {ergonomic}
    uintx ProfiledCodeHeapSize                     = 122910970                              {pd product} {ergonomic}
    uintx ReservedCodeCacheSize                    = 251658240                              {pd product} {ergonomic}
     bool SegmentedCodeCache                       = true                                      {product} {ergonomic}
     bool UseCompressedClassPointers               = true                                 {lp64_product} {ergonomic}
     bool UseCompressedOops                        = true                                 {lp64_product} {ergonomic}
     bool UseG1GC                                  = true                                      {product} {ergonomic}
     bool UseLargePagesIndividualAllocation        = false                                  {pd product} {ergonomic}

Logging:
Log output configuration:
 #0: stdout all=warning uptime,level,tags
 #1: stderr all=off uptime,level,tags

Environment Variables:
JAVA_HOME=D:\Program\
PATH=D:\Oracle\app\oracle\product\10.2.0\server\bin;D:\Program\bin;C:\Python39;C:\Python39\Scripts;D:\Kecerdasan Buatan;C:\WINDOWS\system32;C:\WINDOWS;C:\WINDOWS\System32\Wbem;C:\WINDOWS\System32\WindowsPowerShell\v1.0\;C:\WINDOWS\System32\OpenSSH\;C:\Program Files\Microsoft SQL Server\Client SDK\ODBC\170\Tools\Binn\;C:\Program Files (x86)\Microsoft SQL Server\150\Tools\Binn\;C:\Program Files\Microsoft SQL Server\150\Tools\Binn\;C:\Program Files\Microsoft SQL Server\150\DTS\Binn\;C:\Program Files (x86)\Microsoft SQL Server\150\DTS\Binn\;C:\Program Files\Azure Data Studio\bin;C:\Program Files (x86)\dotnet\;C:\Program Files\dotnet\;D:\github\Git\cmd;D:\xampp\php;C:\ProgramData\ComposerSetup\bin;D:\nodeJS\;C:\src\flutter\bin;C:\Python39; C:\Python39\Scripts; D:\Kecerdasan Buatan;C:\Users\MATAHARI\AppData\Local\Microsoft\WindowsApps;C:\Users\MATAHARI\AppData\Local\Programs\Microsoft VS Code\bin;C:\Program Files\Azure Data Studio\bin;C:\Users\MATAHARI\AppData\Roaming\Composer\vendor\bin;C:\Users\MATAHARI\AppData\Roaming\npm;C:\Users\MATAHARI\.dotnet\tools
USERNAME=MATAHARI
OS=Windows_NT
PROCESSOR_IDENTIFIER=AMD64 Family 23 Model 24 Stepping 1, AuthenticAMD



---------------  S Y S T E M  ---------------

OS: Windows 11 , 64 bit Build 22000 (10.0.22000.708)
OS uptime: 1 days 1:34 hours
Hyper-V role detected

CPU:total 8 (initial active 8) (8 cores per cpu, 2 threads per core) family 23 model 24 stepping 1 microcode 0x0, cmov, cx8, fxsr, mmx, sse, sse2, sse3, ssse3, sse4.1, sse4.2, popcnt, avx, avx2, aes, clmul, mmxext, 3dnowpref, lzcnt, sse4a, ht, tsc, tscinvbit, tscinv, bmi1, bmi2, adx, sha, fma

Memory: 4k page, system-wide physical 6057M (80M free)
TotalPageFile size 16297M (AvailPageFile size 9M)
current process WorkingSet (physical memory assigned to process): 383M, peak: 467M
current process commit charge ("private bytes"): 609M, peak: 613M

vm_info: OpenJDK 64-Bit Server VM (11.0.13+0-b1751.21-8125866) for windows-amd64 JRE (11.0.13+0-b1751.21-8125866), built on Feb  2 2022 03:00:22 by "builder" with MS VC++ 14.0 (VS2015)

END.
